TN:/home/pi/proj/sundae/sundae-contracts/lib/calculation/deposit.ak
SF:/home/pi/proj/sundae/sundae-contracts/lib/calculation/deposit.ak
DA:32,2
DA:33,2
DA:37,3
DA:38,3
DA:39,3
DA:40,3
DA:52,3
DA:54,3
DA:56,0
DA:58,1
DA:59,2
DA:60,8
DA:65,3
DA:68,1
DA:69,2
DA:70,6
DA:76,5
DA:79,1
DA:82,3
DA:86,9
DA:87,2
DA:89,2
DA:100,5
DA:103,3
DA:109,1
DA:110,8
DA:111,8
DA:112,6
DA:113,4
DA:118,3
DA:120,1
DA:122,3
DA:123,3
DA:126,0
DA:127,0
DA:129,0
DA:130,0
DA:136,1
DA:137,3
DA:138,3
DA:139,3
DA:145,1
DA:151,1
DA:153,1
DA:154,1
DA:156,1
DA:157,1
DA:158,5
DA:159,5
DA:162,3
DA:163,6
DA:165,10
DA:167,1
DA:168,1
DA:169,1
DA:172,1
DA:173,3
DA:174,2
DA:178,1
DA:179,1
DA:180,3
DA:181,6
DA:182,1
DA:183,1
DA:186,1
DA:187,1
DA:188,1
DA:189,2
DA:190,1
DA:198,1
DA:199,3
DA:200,3
DA:201,3
DA:202,3
DA:203,3
DA:204,3
DA:205,3
DA:206,3
DA:207,3
DA:208,1
DA:209,1
DA:210,2
DA:211,1
DA:212,1
DA:214,2
DA:215,2
DA:216,4
DA:217,1
LF:88
LH:83
end_of_record
TN:/home/pi/proj/sundae/sundae-contracts/lib/calculation/donation.ak
SF:/home/pi/proj/sundae/sundae-contracts/lib/calculation/donation.ak
DA:36,2
DA:37,1
DA:40,1
DA:43,2
DA:44,2
DA:45,2
DA:46,2
DA:49,1
DA:50,6
DA:51,6
DA:52,5
DA:54,3
DA:58,2
DA:63,3
DA:64,1
DA:66,3
DA:67,3
DA:70,1
DA:71,1
DA:73,3
DA:74,3
DA:84,1
DA:85,3
DA:86,3
DA:87,1
LF:25
LH:25
end_of_record
TN:/home/pi/proj/sundae/sundae-contracts/lib/calculation/process.ak
SF:/home/pi/proj/sundae/sundae-contracts/lib/calculation/process.ak
DA:49,1
DA:57,1
DA:58,2
DA:59,2
DA:60,2
DA:61,2
DA:62,2
DA:63,2
DA:67,2
DA:68,3
DA:70,0
DA:73,1
DA:74,1
DA:75,1
DA:76,12
DA:77,1
DA:78,1
DA:79,7
DA:80,1
DA:81,2
DA:82,1
DA:83,1
DA:84,1
DA:85,1
DA:86,1
DA:87,1
DA:88,1
DA:89,1
DA:95,1
DA:96,2
DA:97,1
DA:151,1
DA:154,0
DA:156,0
DA:157,0
DA:158,0
DA:159,0
DA:160,0
DA:161,0
DA:163,0
DA:173,0
DA:180,0
DA:190,0
DA:197,2
DA:199,3
DA:200,3
DA:208,1
DA:209,1
DA:210,1
DA:211,1
DA:212,1
DA:213,1
DA:214,1
DA:215,1
DA:216,1
DA:217,1
DA:218,1
DA:219,1
DA:220,1
DA:221,1
DA:222,1
DA:223,1
DA:224,1
DA:226,7
DA:229,2
DA:232,3
DA:233,3
DA:240,1
DA:241,1
DA:242,1
DA:243,1
DA:244,1
DA:245,1
DA:246,1
DA:247,1
DA:248,1
DA:249,1
DA:250,1
DA:251,1
DA:252,1
DA:253,1
DA:254,1
DA:257,7
DA:260,2
DA:263,3
DA:264,3
DA:271,1
DA:272,1
DA:273,1
DA:274,1
DA:275,1
DA:276,1
DA:277,1
DA:278,1
DA:279,1
DA:280,1
DA:281,1
DA:282,1
DA:283,1
DA:284,1
DA:285,1
DA:288,7
DA:294,2
DA:297,3
DA:298,3
DA:305,1
DA:306,1
DA:307,1
DA:308,1
DA:309,1
DA:310,1
DA:311,1
DA:312,1
DA:313,1
DA:314,1
DA:315,1
DA:316,1
DA:321,1
DA:322,0
DA:324,7
DA:329,0
DA:330,0
DA:331,0
DA:332,0
DA:334,0
DA:335,0
DA:336,0
DA:337,0
DA:338,0
DA:339,0
DA:340,0
DA:403,1
DA:405,1
DA:406,1
DA:407,1
DA:408,1
DA:409,1
DA:410,1
DA:411,1
DA:412,1
DA:417,3
DA:425,3
DA:426,5
DA:428,3
DA:431,2
DA:432,2
DA:438,4
DA:445,4
DA:446,2
DA:447,1
DA:448,1
DA:450,3
DA:452,1
DA:453,1
DA:454,0
DA:455,4
DA:467,1
DA:468,1
DA:469,1
DA:470,1
DA:471,1
DA:472,1
DA:473,1
DA:474,1
DA:475,1
DA:476,1
DA:477,1
DA:478,1
DA:479,1
DA:480,1
DA:481,1
DA:482,2
DA:483,1
DA:484,1
DA:485,1
DA:486,1
DA:487,1
DA:488,1
DA:489,1
DA:490,1
DA:491,1
DA:492,1
DA:493,1
DA:497,1
DA:504,1
DA:507,1
DA:510,1
DA:511,1
DA:519,3
DA:521,1
DA:522,1
DA:523,1
DA:524,1
DA:525,1
DA:526,3
DA:527,3
DA:536,1
DA:542,1
DA:544,1
DA:545,1
DA:547,1
DA:548,1
DA:549,5
DA:550,5
DA:554,1
DA:555,1
DA:556,1
DA:559,1
DA:560,3
DA:561,1
DA:563,5
DA:564,5
DA:571,1
DA:572,1
DA:573,2
DA:574,1
DA:575,1
DA:579,1
DA:580,1
DA:584,3
DA:585,6
DA:586,2
DA:587,1
DA:590,1
DA:592,1
DA:593,1
DA:594,3
DA:595,1
DA:599,1
DA:600,1
DA:604,1
DA:606,3
DA:609,1
DA:611,1
DA:613,1
DA:624,1
DA:625,1
DA:626,1
DA:627,1
DA:628,1
DA:629,3
DA:630,3
DA:631,3
DA:632,3
DA:633,3
DA:634,3
DA:635,3
DA:636,3
DA:637,3
DA:638,1
DA:639,1
DA:640,1
DA:641,1
DA:642,1
DA:643,1
DA:644,1
DA:645,1
DA:646,1
DA:647,1
DA:648,1
DA:649,1
DA:650,1
DA:651,1
DA:652,1
DA:653,1
DA:654,1
DA:657,2
DA:658,2
DA:659,2
DA:660,2
DA:661,2
DA:662,1
DA:667,1
DA:673,1
DA:675,1
DA:676,1
DA:678,1
DA:679,1
DA:680,5
DA:681,5
DA:684,1
DA:685,1
DA:686,1
DA:689,1
DA:690,3
DA:691,1
DA:693,5
DA:694,5
DA:701,1
DA:702,1
DA:703,2
DA:704,1
DA:705,1
DA:709,1
DA:710,1
DA:714,3
DA:715,6
DA:716,2
DA:717,1
DA:720,1
DA:722,1
DA:723,1
DA:724,3
DA:725,1
DA:729,1
DA:730,1
DA:734,1
DA:736,3
DA:740,10
DA:741,10
DA:742,10
DA:746,1
DA:755,1
DA:766,1
DA:767,1
DA:768,1
DA:769,1
DA:770,1
DA:771,3
DA:772,3
DA:773,3
DA:774,3
DA:775,3
DA:776,3
DA:777,3
DA:778,3
DA:779,3
DA:780,1
DA:781,1
DA:782,1
DA:783,1
DA:784,1
DA:785,1
DA:786,1
DA:787,1
DA:788,1
DA:789,1
DA:790,1
DA:791,1
DA:792,1
DA:793,1
DA:794,1
DA:795,1
DA:796,1
DA:799,10
LF:345
LH:320
end_of_record
TN:/home/pi/proj/sundae/sundae-contracts/lib/calculation/record.ak
SF:/home/pi/proj/sundae/sundae-contracts/lib/calculation/record.ak
DA:22,2
DA:23,6
DA:24,6
DA:27,3
DA:28,1
DA:34,3
DA:36,1
LF:7
LH:7
end_of_record
TN:/home/pi/proj/sundae/sundae-contracts/lib/calculation/shared.ak
SF:/home/pi/proj/sundae/sundae-contracts/lib/calculation/shared.ak
DA:24,3
DA:25,1
DA:27,1
DA:28,1
DA:29,1
DA:30,1
DA:31,1
DA:32,1
DA:33,1
DA:34,1
DA:35,1
DA:36,1
DA:37,1
DA:38,1
DA:39,1
DA:40,1
DA:41,1
DA:43,3
DA:45,3
DA:46,1
DA:47,1
DA:48,1
DA:49,1
DA:50,1
DA:51,1
DA:52,1
DA:53,1
DA:55,3
DA:58,3
DA:64,2
DA:65,1
DA:67,5
DA:77,3
DA:83,2
DA:86,3
DA:93,3
DA:104,7
DA:121,1
DA:129,1
DA:130,3
DA:131,3
DA:132,3
DA:134,7
DA:135,3
DA:137,7
DA:138,3
DA:140,7
DA:141,0
DA:143,0
DA:150,0
LF:50
LH:47
end_of_record
TN:/home/pi/proj/sundae/sundae-contracts/lib/calculation/strategy.ak
SF:/home/pi/proj/sundae/sundae-contracts/lib/calculation/strategy.ak
DA:17,3
DA:19,3
DA:20,1
DA:22,3
DA:24,1
DA:28,3
DA:30,3
DA:31,1
DA:33,3
DA:35,1
DA:40,3
DA:42,3
DA:43,3
DA:45,3
DA:47,1
DA:51,3
DA:53,3
DA:54,3
DA:56,3
DA:58,1
DA:61,1
DA:62,1
DA:79,2
DA:80,2
DA:83,2
DA:87,3
DA:88,1
DA:94,2
DA:95,2
DA:96,4
DA:97,1
DA:100,4
DA:101,1
LF:33
LH:33
end_of_record
TN:/home/pi/proj/sundae/sundae-contracts/lib/calculation/swap.ak
SF:/home/pi/proj/sundae/sundae-contracts/lib/calculation/swap.ak
DA:50,3
DA:54,6
DA:55,1
DA:56,1
DA:57,1
DA:60,2
DA:61,3
DA:63,1
DA:66,3
DA:74,3
DA:75,3
DA:78,3
DA:79,5
DA:80,3
DA:82,3
DA:89,3
DA:90,3
DA:91,5
DA:92,3
DA:93,2
DA:95,2
DA:110,4
DA:111,3
DA:114,3
DA:119,1
DA:120,6
DA:121,6
DA:122,4
DA:124,4
DA:158,2
DA:159,1
DA:164,1
DA:167,2
DA:175,1
DA:177,2
DA:178,2
DA:181,1
DA:182,1
DA:184,2
DA:185,2
DA:193,1
DA:194,4
DA:195,2
DA:197,2
DA:198,2
DA:199,3
DA:200,4
DA:201,3
DA:202,3
DA:203,3
DA:205,0
DA:214,1
DA:215,1
DA:216,1
DA:217,3
DA:218,3
DA:219,3
DA:220,3
DA:221,1
DA:222,1
DA:223,1
DA:224,1
DA:225,1
DA:229,2
DA:232,4
DA:237,7
DA:242,1
DA:243,1
DA:244,5
DA:245,3
DA:246,1
DA:247,1
DA:250,1
DA:251,3
DA:252,5
DA:253,1
DA:254,1
LF:77
LH:76
end_of_record
TN:/home/pi/proj/sundae/sundae-contracts/lib/calculation/withdrawal.ak
SF:/home/pi/proj/sundae/sundae-contracts/lib/calculation/withdrawal.ak
DA:35,2
DA:36,2
DA:40,2
DA:41,2
DA:47,6
DA:53,5
DA:54,5
DA:61,1
DA:62,6
DA:63,6
DA:64,5
DA:65,4
DA:70,3
DA:72,1
DA:74,3
DA:75,3
DA:78,1
DA:79,1
DA:81,3
DA:82,3
DA:88,1
DA:89,3
DA:90,3
DA:91,3
LF:24
LH:24
end_of_record
TN:/home/pi/proj/sundae/sundae-contracts/lib/shared.ak
SF:/home/pi/proj/sundae/sundae-contracts/lib/shared.ak
DA:33,1
DA:34,4
DA:47,2
DA:48,0
DA:49,0
DA:50,2
DA:60,5
DA:61,2
DA:69,5
DA:77,2
DA:78,3
DA:79,1
DA:81,5
DA:135,1
DA:136,1
DA:137,0
DA:145,1
DA:148,1
DA:154,4
DA:155,4
DA:156,2
DA:163,14
DA:167,3
DA:171,3
DA:178,2
DA:180,3
DA:181,1
DA:187,2
DA:188,2
DA:189,1
DA:190,3
DA:191,1
DA:198,3
DA:199,5
DA:200,4
DA:201,3
DA:204,3
DA:205,4
DA:206,3
DA:209,3
DA:210,4
DA:211,4
DA:212,1
DA:218,3
DA:223,3
DA:228,3
DA:237,2
DA:238,2
DA:239,2
DA:246,1
DA:247,2
DA:249,1
DA:250,2
DA:251,1
DA:252,1
DA:253,2
DA:254,1
DA:255,1
DA:260,1
DA:261,2
DA:263,1
DA:264,2
DA:265,1
DA:266,1
DA:267,2
DA:268,1
DA:269,1
DA:273,1
DA:274,2
DA:275,1
DA:276,1
DA:277,2
DA:278,1
DA:279,1
DA:283,2
DA:285,1
DA:286,2
DA:287,1
DA:288,1
DA:289,2
DA:290,1
DA:291,1
DA:297,6
DA:298,6
DA:299,4
DA:302,3
DA:306,1
DA:311,3
DA:312,3
LF:89
LH:86
end_of_record
TN:/home/pi/proj/sundae/sundae-contracts/lib/tests/aiken/deposit.ak
SF:/home/pi/proj/sundae/sundae-contracts/lib/tests/aiken/deposit.ak
DA:28,5
DA:29,1
DA:30,3
DA:31,3
DA:32,3
DA:43,3
DA:47,1
DA:50,2
DA:51,3
DA:52,3
DA:56,1
DA:57,1
DA:58,6
DA:59,2
DA:60,1
DA:65,1
DA:66,1
DA:67,3
DA:68,5
DA:69,1
DA:70,1
DA:74,1
DA:75,3
DA:76,3
DA:77,3
DA:78,3
DA:79,3
DA:80,3
DA:81,3
DA:82,3
DA:83,3
DA:84,1
DA:85,1
DA:86,2
DA:87,1
DA:88,1
DA:90,1
DA:96,3
DA:100,1
DA:103,2
DA:104,3
DA:105,3
DA:108,1
DA:109,1
DA:110,6
DA:111,2
DA:112,1
DA:116,1
DA:117,1
DA:118,2
DA:119,1
DA:120,1
DA:124,1
DA:125,3
DA:126,3
DA:127,3
DA:128,3
DA:129,3
DA:130,3
DA:131,3
DA:132,3
DA:133,3
DA:134,1
DA:135,1
DA:136,2
DA:137,1
DA:138,1
DA:140,0
LF:68
LH:67
end_of_record
TN:/home/pi/proj/sundae/sundae-contracts/lib/tests/aiken/donation.ak
SF:/home/pi/proj/sundae/sundae-contracts/lib/tests/aiken/donation.ak
DA:23,1
DA:36,1
DA:40,1
DA:43,2
DA:44,3
DA:45,3
DA:49,1
DA:50,1
DA:51,6
DA:52,2
DA:53,1
DA:58,1
DA:59,1
DA:60,2
DA:61,1
DA:62,1
DA:66,1
DA:67,3
DA:68,3
DA:69,3
DA:70,3
DA:71,3
DA:72,3
DA:73,1
DA:74,1
DA:75,2
DA:76,1
DA:77,1
DA:80,2
DA:81,2
DA:82,2
DA:83,1
DA:88,1
DA:92,1
DA:95,2
DA:96,3
DA:97,3
DA:100,1
DA:101,1
DA:102,6
DA:103,2
DA:104,1
DA:109,1
DA:110,1
DA:111,2
DA:112,1
DA:113,1
DA:117,1
DA:118,3
DA:119,3
DA:120,3
DA:121,3
DA:122,3
DA:123,3
DA:124,1
DA:125,1
DA:126,2
DA:127,1
DA:128,1
DA:131,1
DA:132,2
DA:134,2
DA:135,1
DA:140,1
DA:144,1
DA:148,2
DA:149,3
DA:150,4
DA:151,1
DA:154,1
DA:155,1
DA:156,6
DA:157,2
DA:158,1
DA:163,1
DA:164,1
DA:165,2
DA:166,2
DA:167,1
DA:171,1
DA:172,3
DA:173,3
DA:174,3
DA:175,3
DA:176,3
DA:177,3
DA:178,1
DA:179,1
DA:180,2
DA:181,1
DA:182,1
DA:185,1
DA:186,2
DA:187,2
DA:188,1
DA:193,1
DA:196,1
DA:199,2
DA:200,3
DA:201,3
DA:204,1
DA:205,1
DA:206,6
DA:207,2
DA:208,1
DA:213,1
DA:214,1
DA:215,2
DA:216,1
DA:217,1
DA:221,1
DA:222,3
DA:223,3
DA:224,3
DA:225,3
DA:226,3
DA:227,3
DA:228,1
DA:229,1
DA:230,2
DA:231,1
DA:232,1
DA:235,0
DA:236,0
DA:237,0
DA:238,0
LF:126
LH:122
end_of_record
TN:/home/pi/proj/sundae/sundae-contracts/lib/tests/aiken/protocol_fees.ak
SF:/home/pi/proj/sundae/sundae-contracts/lib/tests/aiken/protocol_fees.ak
DA:37,1
DA:39,1
DA:42,1
DA:43,1
DA:46,2
DA:47,3
DA:48,4
DA:51,1
DA:52,1
DA:53,2
DA:54,2
DA:55,1
DA:60,1
DA:61,1
DA:62,6
DA:63,1
DA:64,1
DA:68,1
DA:69,1
DA:70,1
DA:71,1
DA:72,1
DA:73,1
DA:74,1
DA:75,1
DA:76,2
DA:77,1
DA:78,1
DA:79,1
DA:80,1
DA:81,1
DA:82,1
DA:83,1
DA:84,1
DA:90,2
DA:91,2
DA:95,6
DA:96,4
DA:97,1
DA:103,1
DA:105,1
DA:108,1
DA:109,1
DA:112,2
DA:113,3
DA:114,4
DA:118,1
DA:119,1
DA:120,6
DA:121,2
DA:122,1
DA:129,1
DA:130,1
DA:131,4
DA:132,1
DA:133,1
DA:137,1
DA:138,1
DA:139,1
DA:140,1
DA:141,1
DA:142,1
DA:143,1
DA:144,1
DA:145,2
DA:146,1
DA:147,1
DA:148,1
DA:149,1
DA:150,1
DA:151,1
DA:152,1
DA:153,1
DA:159,2
DA:160,2
DA:163,6
DA:164,4
DA:165,1
DA:170,1
DA:171,1
DA:174,1
DA:175,1
DA:178,2
DA:179,3
DA:180,4
DA:183,1
DA:184,1
DA:185,2
DA:186,2
DA:187,1
DA:191,1
DA:192,1
DA:193,6
DA:194,1
DA:195,1
DA:199,1
DA:200,1
DA:201,1
DA:202,1
DA:203,1
DA:204,1
DA:205,1
DA:206,1
DA:207,2
DA:208,1
DA:209,1
DA:210,1
DA:211,1
DA:212,1
DA:213,1
DA:214,1
DA:215,1
DA:219,2
DA:220,2
DA:223,4
DA:224,4
DA:225,1
DA:230,1
DA:232,1
DA:235,1
DA:236,1
DA:239,2
DA:240,3
DA:241,4
DA:244,1
DA:245,1
DA:246,2
DA:247,2
DA:248,1
DA:252,1
DA:253,1
DA:254,6
DA:255,1
DA:256,1
DA:260,1
DA:261,1
DA:262,1
DA:263,1
DA:264,1
DA:265,1
DA:266,1
DA:267,1
DA:268,2
DA:269,1
DA:270,1
DA:271,1
DA:272,1
DA:273,1
DA:274,1
DA:275,1
DA:276,1
DA:281,2
DA:282,2
DA:285,6
DA:286,4
DA:287,1
DA:292,1
DA:294,1
DA:296,1
DA:300,1
DA:301,1
DA:304,2
DA:305,3
DA:306,4
DA:309,1
DA:310,1
DA:311,2
DA:312,2
DA:313,1
DA:319,1
DA:320,1
DA:321,6
DA:322,1
DA:323,1
DA:327,1
DA:328,1
DA:329,1
DA:330,1
DA:331,1
DA:332,1
DA:333,1
DA:334,1
DA:335,2
DA:336,1
DA:337,1
DA:338,1
DA:339,1
DA:340,1
DA:341,1
DA:342,1
DA:343,1
DA:348,2
DA:349,2
DA:350,6
DA:351,4
DA:352,1
LF:196
LH:196
end_of_record
TN:/home/pi/proj/sundae/sundae-contracts/lib/tests/aiken/record.ak
SF:/home/pi/proj/sundae/sundae-contracts/lib/tests/aiken/record.ak
DA:25,1
DA:30,3
DA:35,1
DA:36,1
DA:37,3
DA:38,1
DA:39,1
DA:40,1
DA:41,1
DA:51,1
DA:52,3
DA:55,1
DA:56,1
DA:57,2
DA:58,1
DA:59,1
DA:63,1
DA:64,1
DA:65,7
DA:66,2
DA:67,1
DA:70,1
DA:71,1
DA:72,1
DA:73,1
DA:74,1
DA:75,2
DA:81,1
DA:82,3
DA:83,3
DA:86,1
DA:87,1
DA:88,2
DA:89,1
DA:90,1
DA:95,1
DA:96,1
DA:97,7
DA:98,2
DA:99,1
DA:102,1
DA:103,1
DA:104,1
DA:105,1
DA:106,1
DA:107,2
DA:113,1
DA:114,3
DA:117,1
DA:118,1
DA:119,2
DA:120,1
DA:121,1
DA:126,1
DA:127,1
DA:128,2
DA:129,2
DA:130,1
DA:133,1
DA:134,1
DA:135,1
DA:136,1
DA:137,1
DA:138,2
DA:144,1
DA:145,3
DA:149,1
DA:150,1
DA:151,7
DA:152,1
DA:153,1
DA:157,1
DA:158,1
DA:159,7
DA:160,2
DA:161,1
DA:164,1
DA:165,1
DA:166,1
DA:167,1
DA:168,1
DA:169,2
DA:175,1
DA:178,1
DA:179,1
DA:180,2
DA:181,1
DA:182,1
DA:187,1
DA:188,1
DA:189,7
DA:190,2
DA:191,1
DA:194,1
DA:195,1
DA:196,1
DA:197,1
DA:198,1
DA:199,2
LF:99
LH:99
end_of_record
TN:/home/pi/proj/sundae/sundae-contracts/lib/tests/aiken/strategy.ak
SF:/home/pi/proj/sundae/sundae-contracts/lib/tests/aiken/strategy.ak
DA:34,1
DA:41,1
DA:48,1
DA:58,1
DA:59,1
DA:60,1
DA:61,1
DA:74,3
DA:75,7
DA:81,1
DA:82,1
DA:83,3
DA:84,1
DA:85,1
DA:86,5
DA:87,1
DA:92,1
DA:93,1
DA:94,3
DA:95,1
DA:96,1
DA:97,5
DA:98,1
DA:103,1
DA:104,1
DA:105,3
DA:106,1
DA:107,1
DA:108,5
DA:109,1
DA:116,1
DA:117,1
DA:118,3
DA:119,1
DA:120,1
DA:121,5
DA:122,1
DA:129,1
DA:130,1
DA:131,3
DA:132,1
DA:133,1
DA:134,5
DA:135,1
DA:140,1
DA:141,1
DA:142,3
DA:143,1
DA:144,1
DA:145,5
DA:146,1
DA:151,1
DA:152,1
DA:153,3
DA:154,1
DA:155,1
DA:156,5
DA:157,1
DA:162,1
DA:163,1
DA:164,3
DA:165,1
DA:166,1
DA:167,5
DA:168,1
DA:175,1
DA:176,1
DA:177,3
DA:178,1
DA:179,1
DA:180,5
DA:181,1
DA:187,1
DA:188,1
DA:189,1
DA:190,3
DA:191,1
DA:192,1
DA:193,5
DA:194,2
DA:201,1
DA:202,1
DA:203,3
DA:204,1
DA:205,1
DA:206,5
DA:207,1
DA:212,1
DA:213,1
DA:214,3
DA:215,1
DA:216,1
DA:217,5
DA:218,1
DA:223,1
DA:224,1
DA:225,2
DA:226,1
DA:227,1
DA:228,5
DA:229,1
DA:234,1
DA:235,1
DA:236,2
DA:237,1
DA:238,1
DA:239,5
DA:240,1
DA:245,1
DA:246,1
DA:247,1
DA:248,1
DA:254,1
DA:255,1
DA:256,3
DA:257,1
DA:258,1
DA:259,4
DA:260,1
DA:265,1
DA:266,1
DA:267,3
DA:268,1
DA:269,1
DA:270,4
DA:271,1
DA:276,1
DA:277,1
DA:278,3
DA:279,1
DA:280,1
DA:281,3
DA:282,1
DA:287,1
DA:288,1
DA:289,3
DA:290,1
DA:291,1
DA:292,3
DA:293,1
DA:298,1
DA:299,1
DA:300,3
DA:301,1
DA:302,1
DA:303,2
DA:304,1
DA:311,5
DA:312,3
DA:313,1
DA:321,1
DA:322,1
DA:323,3
DA:324,1
DA:325,1
DA:326,5
DA:327,1
LF:157
LH:157
end_of_record
TN:/home/pi/proj/sundae/sundae-contracts/lib/tests/aiken/swap.ak
SF:/home/pi/proj/sundae/sundae-contracts/lib/tests/aiken/swap.ak
DA:21,1
DA:40,1
DA:43,1
DA:44,1
DA:47,2
DA:48,3
DA:49,4
DA:53,1
DA:54,1
DA:55,2
DA:56,2
DA:57,1
DA:62,1
DA:63,1
DA:64,6
DA:65,1
DA:66,1
DA:71,1
DA:72,3
DA:73,3
DA:74,3
DA:75,3
DA:76,3
DA:77,3
DA:78,1
DA:79,2
DA:80,1
DA:81,1
DA:82,1
DA:83,1
DA:84,1
DA:85,1
DA:86,1
DA:87,1
DA:90,0
DA:91,0
DA:92,0
DA:97,1
DA:100,1
DA:101,1
DA:104,2
DA:105,3
DA:106,4
DA:110,1
DA:111,1
DA:112,6
DA:113,2
DA:114,1
DA:119,1
DA:120,1
DA:121,2
DA:122,1
DA:123,1
DA:126,1
DA:128,1
DA:132,1
DA:133,3
DA:134,3
DA:135,3
DA:136,3
DA:137,3
DA:138,3
DA:139,1
DA:140,2
DA:141,1
DA:142,1
DA:143,1
DA:144,1
DA:145,1
DA:146,1
DA:147,1
DA:148,1
DA:153,4
DA:154,4
DA:155,1
LF:75
LH:72
end_of_record
TN:/home/pi/proj/sundae/sundae-contracts/lib/tests/aiken/withdrawal.ak
SF:/home/pi/proj/sundae/sundae-contracts/lib/tests/aiken/withdrawal.ak
DA:28,1
DA:41,1
DA:44,1
DA:47,2
DA:48,3
DA:49,3
DA:53,1
DA:54,1
DA:55,7
DA:56,2
DA:57,1
DA:62,1
DA:63,1
DA:64,8
DA:65,1
DA:66,1
DA:70,1
DA:71,3
DA:72,3
DA:73,3
DA:74,3
DA:75,3
DA:76,3
DA:77,3
DA:78,3
DA:79,3
DA:80,1
DA:81,1
DA:82,2
DA:83,1
DA:84,1
DA:88,2
DA:89,2
DA:90,2
DA:91,1
DA:96,1
DA:97,1
DA:100,2
DA:101,3
DA:102,3
DA:105,1
DA:106,1
DA:107,7
DA:108,2
DA:109,1
DA:114,1
DA:115,1
DA:116,2
DA:117,1
DA:118,1
DA:122,1
DA:123,3
DA:124,3
DA:125,3
DA:126,3
DA:127,3
DA:128,3
DA:129,3
DA:130,3
DA:131,3
DA:132,1
DA:133,1
DA:134,2
DA:135,1
DA:136,1
DA:139,0
DA:140,0
DA:141,0
DA:142,0
DA:147,1
DA:150,1
DA:154,2
DA:155,3
DA:156,4
DA:157,1
DA:161,1
DA:162,1
DA:163,7
DA:164,2
DA:165,1
DA:170,1
DA:171,1
DA:172,8
DA:173,2
DA:174,1
DA:178,1
DA:179,3
DA:180,3
DA:181,3
DA:182,3
DA:183,3
DA:184,3
DA:185,3
DA:186,3
DA:187,3
DA:188,1
DA:189,1
DA:190,2
DA:191,1
DA:192,1
DA:196,2
DA:197,2
DA:198,2
DA:199,1
DA:204,1
DA:205,1
DA:208,2
DA:209,3
DA:210,3
DA:213,1
DA:214,1
DA:215,7
DA:216,2
DA:217,1
DA:221,3
DA:223,1
DA:224,1
DA:225,8
DA:226,1
DA:227,1
DA:231,1
DA:232,3
DA:233,3
DA:234,3
DA:235,3
DA:236,3
DA:237,3
DA:238,3
DA:239,3
DA:240,3
DA:241,1
DA:242,1
DA:243,2
DA:244,1
DA:245,1
DA:248,0
DA:249,0
DA:250,0
DA:251,0
LF:139
LH:131
end_of_record
TN:/home/pi/proj/sundae/sundae-contracts/lib/tests/examples/ex_order.ak
SF:/home/pi/proj/sundae/sundae-contracts/lib/tests/examples/ex_order.ak
DA:13,2
DA:14,3
DA:16,1
DA:24,1
DA:25,1
DA:26,1
DA:29,1
DA:30,1
DA:31,1
DA:37,2
DA:42,2
DA:43,3
DA:45,1
DA:55,1
DA:56,1
DA:57,1
DA:60,1
DA:61,1
DA:62,1
DA:68,2
DA:73,2
DA:74,3
DA:76,1
DA:83,1
DA:84,1
DA:85,1
DA:88,1
DA:89,1
DA:90,1
DA:96,2
DA:101,2
DA:102,3
DA:104,1
DA:107,1
DA:108,1
DA:111,1
DA:114,1
DA:115,1
DA:116,1
DA:122,2
DA:127,1
DA:131,3
DA:132,1
DA:133,1
DA:134,1
DA:135,2
DA:141,2
DA:145,1
DA:146,1
DA:147,1
DA:148,2
DA:153,2
DA:157,2
DA:161,2
LF:54
LH:54
end_of_record
TN:/home/pi/proj/sundae/sundae-contracts/lib/tests/examples/ex_pool.ak
SF:/home/pi/proj/sundae/sundae-contracts/lib/tests/examples/ex_pool.ak
DA:8,1
DA:29,2
DA:33,1
DA:41,2
DA:45,1
DA:49,2
DA:53,1
DA:67,2
LF:8
LH:8
end_of_record
TN:/home/pi/proj/sundae/sundae-contracts/lib/tests/examples/ex_settings.ak
SF:/home/pi/proj/sundae/sundae-contracts/lib/tests/examples/ex_settings.ak
DA:23,1
DA:24,1
DA:25,1
DA:26,1
DA:27,1
DA:28,1
DA:29,2
DA:30,1
DA:31,1
DA:32,1
DA:33,1
DA:34,1
DA:35,1
DA:60,1
DA:61,3
DA:67,1
DA:68,1
DA:69,1
DA:106,1
DA:126,1
DA:127,1
DA:128,1
DA:129,1
DA:133,1
DA:134,1
DA:138,1
DA:139,1
DA:203,1
DA:206,1
DA:207,1
DA:208,1
DA:209,1
DA:210,1
LF:33
LH:33
end_of_record
TN:/home/pi/proj/sundae/sundae-contracts/lib/tests/examples/ex_shared.ak
SF:/home/pi/proj/sundae/sundae-contracts/lib/tests/examples/ex_shared.ak
DA:12,2
DA:13,3
DA:14,1
DA:16,0
DA:21,3
DA:22,1
DA:23,1
DA:24,1
DA:29,4
DA:33,4
DA:37,4
DA:42,0
DA:43,0
DA:44,0
DA:47,0
DA:48,0
DA:49,0
DA:51,0
DA:55,2
DA:56,0
DA:58,0
DA:59,0
DA:60,0
DA:61,0
DA:63,0
DA:64,0
DA:65,0
DA:66,1
DA:68,0
LF:29
LH:12
end_of_record
TN:/home/pi/proj/sundae/sundae-contracts/lib/tests/fixtures/addresses.ak
SF:/home/pi/proj/sundae/sundae-contracts/lib/tests/fixtures/addresses.ak
DA:19,1
DA:35,1
DA:47,1
DA:63,1
LF:4
LH:4
end_of_record
TN:/home/pi/proj/sundae/sundae-contracts/lib/tests/fixtures/datums.ak
SF:/home/pi/proj/sundae/sundae-contracts/lib/tests/fixtures/datums.ak
DA:23,1
DA:106,3
DA:115,1
DA:116,1
DA:117,3
DA:119,1
DA:120,1
DA:121,5
DA:123,1
DA:124,1
DA:125,1
DA:126,1
DA:127,1
DA:128,1
DA:227,3
DA:242,3
DA:247,3
LF:17
LH:17
end_of_record
TN:/home/pi/proj/sundae/sundae-contracts/lib/tests/fixtures/properties.ak
SF:/home/pi/proj/sundae/sundae-contracts/lib/tests/fixtures/properties.ak
DA:10,7
DA:14,3
DA:23,3
DA:24,3
DA:26,1
DA:38,9
DA:47,7
DA:56,7
DA:67,3
DA:68,5
DA:69,5
DA:70,3
DA:80,3
DA:81,5
DA:90,5
DA:91,6
DA:103,2
DA:104,5
DA:105,1
DA:107,5
DA:108,5
DA:109,3
DA:119,5
DA:120,5
DA:121,2
DA:127,1
DA:142,1
DA:153,1
DA:157,1
DA:161,1
DA:173,1
DA:179,3
DA:187,7
DA:202,5
DA:203,6
DA:207,6
DA:208,5
DA:212,7
DA:216,1
DA:217,5
DA:218,4
DA:224,1
DA:225,2
DA:226,6
DA:227,5
DA:232,2
DA:233,3
DA:234,6
DA:235,5
DA:240,2
DA:241,2
DA:242,5
DA:243,6
DA:244,5
DA:249,1
DA:250,1
DA:251,2
DA:252,6
DA:253,5
DA:260,3
DA:261,3
DA:262,5
DA:263,7
DA:264,7
DA:266,1
DA:272,2
DA:273,2
DA:274,5
DA:275,5
DA:276,7
DA:277,7
DA:284,3
DA:285,3
DA:286,5
DA:287,3
DA:289,1
DA:295,2
DA:296,2
DA:297,5
DA:298,5
DA:299,6
DA:306,1
DA:307,1
DA:308,3
DA:309,5
DA:310,5
DA:311,5
DA:316,2
DA:317,3
DA:318,5
DA:319,5
DA:320,3
DA:327,2
DA:328,3
DA:329,3
DA:330,5
DA:331,5
DA:332,7
DA:337,1
DA:338,1
DA:339,1
DA:340,5
DA:341,5
DA:342,3
DA:346,2
DA:347,2
DA:349,3
DA:350,3
DA:351,6
DA:352,5
DA:353,5
DA:355,7
DA:357,0
DA:365,2
DA:366,1
DA:367,1
DA:368,5
DA:369,6
DA:370,3
DA:371,3
DA:373,2
DA:379,1
DA:380,1
DA:381,3
DA:382,6
DA:383,6
DA:384,3
DA:385,3
DA:387,1
DA:395,1
DA:396,2
DA:397,3
DA:398,5
DA:399,5
DA:400,2
DA:402,1
DA:410,1
DA:411,1
DA:412,2
DA:413,6
DA:414,4
DA:419,3
DA:420,1
DA:421,6
DA:422,10
DA:427,2
DA:428,2
DA:429,3
DA:430,3
DA:431,6
DA:432,10
DA:439,2
DA:440,3
DA:441,1
DA:442,6
DA:443,3
DA:444,3
DA:445,6
DA:446,8
DA:451,2
DA:452,3
DA:453,1
DA:454,6
DA:455,3
DA:456,3
DA:457,6
DA:458,6
DA:465,2
DA:466,5
DA:467,3
DA:472,2
DA:473,3
DA:474,5
DA:475,6
DA:480,2
DA:481,5
DA:482,6
DA:489,3
DA:490,6
DA:491,6
DA:492,3
DA:494,0
DA:500,2
DA:501,3
DA:502,1
DA:503,6
DA:504,5
DA:509,3
DA:510,6
DA:511,5
DA:512,2
DA:558,2
DA:559,3
DA:560,6
DA:561,5
DA:563,0
DA:568,2
DA:569,5
DA:570,3
DA:571,6
DA:572,5
DA:574,0
DA:579,2
DA:580,3
DA:581,5
DA:582,3
DA:584,0
DA:589,2
DA:590,3
DA:591,5
DA:592,7
DA:593,7
DA:595,0
DA:600,2
DA:601,3
DA:602,5
DA:603,5
DA:604,5
DA:606,0
DA:613,2
DA:614,9
DA:615,5
DA:616,6
DA:617,3
DA:619,0
DA:628,3
DA:629,3
DA:630,3
DA:631,5
DA:632,5
DA:634,7
DA:636,0
DA:643,2
DA:644,1
DA:645,3
DA:646,6
DA:647,10
DA:649,0
DA:654,2
DA:655,3
DA:656,6
DA:657,6
DA:658,10
DA:660,0
DA:667,2
DA:668,5
DA:669,0
DA:670,0
DA:671,0
DA:672,0
DA:673,0
DA:674,0
DA:675,0
DA:677,0
DA:680,1
DA:687,2
DA:688,6
DA:689,1
DA:690,6
DA:691,5
DA:693,0
DA:702,2
DA:703,6
DA:704,5
DA:705,2
LF:265
LH:245
end_of_record
TN:/home/pi/proj/sundae/sundae-contracts/lib/tests/fixtures/transactions.ak
SF:/home/pi/proj/sundae/sundae-contracts/lib/tests/fixtures/transactions.ak
DA:139,2
DA:140,1
DA:141,3
DA:142,1
DA:143,1
DA:144,5
DA:145,5
DA:146,4
DA:147,2
DA:148,1
DA:156,1
DA:157,1
DA:158,1
DA:159,3
DA:160,3
DA:163,1
DA:164,3
DA:165,1
DA:166,1
DA:167,6
DA:168,2
DA:169,1
DA:181,1
DA:182,1
DA:183,1
DA:184,3
DA:185,3
DA:188,1
DA:189,3
DA:190,1
DA:191,1
DA:192,5
DA:193,4
DA:194,2
DA:195,1
DA:207,1
DA:208,1
DA:209,1
DA:211,3
DA:212,3
DA:216,1
DA:217,3
DA:218,1
DA:219,1
DA:220,7
DA:221,4
DA:222,2
DA:223,1
DA:231,1
DA:232,1
DA:233,1
DA:234,1
DA:235,3
DA:236,3
DA:239,1
DA:240,3
DA:241,1
DA:242,1
DA:243,6
DA:244,2
DA:245,1
DA:252,2
DA:254,1
DA:255,1
DA:256,1
DA:257,3
DA:260,1
DA:261,3
DA:262,1
DA:263,1
DA:264,5
DA:265,4
DA:266,2
DA:267,1
DA:279,2
DA:280,1
DA:281,1
DA:282,5
DA:283,5
DA:284,4
DA:285,2
DA:286,1
DA:293,3
DA:294,7
DA:296,2
DA:298,1
DA:299,1
DA:300,1
DA:301,1
DA:302,1
DA:308,1
DA:309,1
DA:310,7
DA:311,1
DA:312,1
DA:318,2
DA:320,3
DA:321,5
DA:322,4
DA:323,1
DA:324,1
DA:325,1
DA:326,1
DA:327,1
DA:363,2
DA:364,1
DA:365,3
DA:366,1
DA:367,1
DA:371,3
DA:372,4
DA:373,2
DA:374,1
DA:382,1
DA:384,1
DA:386,1
DA:387,1
DA:388,2
DA:389,4
DA:390,2
DA:391,1
DA:392,1
DA:393,2
DA:394,2
DA:395,1
DA:396,1
DA:397,1
DA:398,1
DA:399,1
DA:410,4
DA:411,4
DA:412,4
LF:132
LH:132
end_of_record
TN:/home/pi/proj/sundae/sundae-contracts/lib/tests/fixtures/values.ak
SF:/home/pi/proj/sundae/sundae-contracts/lib/tests/fixtures/values.ak
DA:21,2
DA:30,4
LF:2
LH:2
end_of_record
TN:/home/pi/proj/sundae/sundae-contracts/lib/types/settings.ak
SF:/home/pi/proj/sundae/sundae-contracts/lib/types/settings.ak
DA:116,2
DA:117,4
DA:118,2
DA:119,2
DA:120,3
DA:121,3
DA:122,2
DA:123,1
LF:8
LH:8
end_of_record
TN:/home/pi/proj/sundae/sundae-contracts/validators/documentation.ak
SF:/home/pi/proj/sundae/sundae-contracts/validators/documentation.ak
DA:3,0
DA:5,0
DA:9,0
LF:3
LH:0
end_of_record
TN:/home/pi/proj/sundae/sundae-contracts/validators/oracle.ak
SF:/home/pi/proj/sundae/sundae-contracts/validators/oracle.ak
DA:25,0
DA:33,0
DA:35,0
DA:36,0
DA:45,0
DA:48,0
DA:49,0
DA:51,0
DA:52,0
DA:53,0
DA:54,0
DA:55,0
DA:66,0
DA:67,0
DA:68,0
DA:70,1
DA:73,2
DA:74,2
DA:77,4
DA:79,5
DA:81,6
DA:84,3
DA:85,2
DA:86,1
DA:87,1
DA:91,2
DA:92,2
DA:93,7
DA:97,2
DA:98,2
DA:99,7
DA:101,3
DA:103,1
DA:108,1
DA:109,1
DA:110,2
DA:111,1
DA:113,2
DA:115,5
DA:116,1
DA:117,2
DA:119,1
DA:120,3
DA:121,1
DA:122,4
DA:123,1
DA:124,5
DA:125,2
DA:126,1
DA:127,2
DA:129,5
DA:130,1
DA:131,4
DA:132,2
DA:133,4
DA:134,3
DA:135,3
DA:136,3
DA:137,3
DA:138,3
DA:139,4
DA:141,0
DA:145,1
DA:147,1
DA:152,0
DA:157,4
DA:161,4
DA:165,1
DA:166,6
DA:170,1
DA:171,6
DA:176,1
DA:178,1
DA:179,1
DA:180,1
DA:183,1
DA:184,1
DA:190,1
DA:192,1
DA:193,1
DA:194,1
DA:197,1
DA:198,1
DA:208,1
DA:210,1
DA:211,2
DA:212,1
DA:215,1
DA:217,1
DA:218,2
DA:220,1
DA:221,1
DA:222,1
DA:223,2
DA:224,2
DA:227,1
DA:228,1
DA:229,3
DA:230,5
DA:231,4
DA:232,1
DA:233,1
DA:234,1
DA:235,3
DA:236,1
DA:237,1
DA:238,1
DA:239,1
DA:240,1
DA:241,1
DA:242,1
DA:243,1
DA:246,1
DA:248,1
DA:249,1
DA:250,2
DA:252,1
DA:253,1
DA:257,1
DA:258,1
DA:259,2
DA:260,1
DA:261,1
DA:262,1
DA:263,1
DA:264,1
DA:265,3
DA:266,3
DA:267,1
DA:270,1
DA:274,1
DA:275,1
DA:279,1
DA:280,1
DA:281,2
DA:282,1
DA:283,1
DA:284,1
DA:285,1
DA:286,1
DA:287,3
DA:288,3
DA:289,1
DA:292,1
DA:296,4
DA:298,1
DA:299,2
DA:300,3
DA:301,4
DA:302,1
DA:303,1
DA:304,1
DA:305,1
DA:306,3
DA:307,1
DA:308,1
DA:309,3
DA:310,3
DA:314,1
DA:317,1
DA:318,2
DA:319,3
DA:320,4
DA:321,1
DA:322,1
DA:323,1
DA:324,1
DA:325,3
DA:326,1
DA:327,1
DA:328,3
DA:329,3
DA:333,1
DA:336,1
DA:337,1
DA:338,2
DA:339,3
DA:340,1
DA:341,5
DA:342,3
DA:343,2
DA:346,1
DA:347,1
DA:348,1
DA:349,1
DA:350,1
LF:186
LH:169
end_of_record
TN:/home/pi/proj/sundae/sundae-contracts/validators/order.ak
SF:/home/pi/proj/sundae/sundae-contracts/validators/order.ak
DA:28,0
DA:31,0
DA:32,0
DA:34,0
DA:36,1
DA:39,2
DA:40,2
DA:42,1
DA:43,2
DA:44,2
DA:45,2
DA:46,2
DA:50,1
DA:51,2
DA:52,1
DA:54,1
DA:58,3
DA:59,1
DA:67,0
LF:19
LH:14
end_of_record
TN:/home/pi/proj/sundae/sundae-contracts/validators/pool.ak
SF:/home/pi/proj/sundae/sundae-contracts/validators/pool.ak
DA:52,0
DA:57,0
DA:58,0
DA:59,0
DA:60,0
DA:62,2
DA:67,1
DA:77,1
DA:80,3
DA:84,4
DA:90,3
DA:95,1
DA:99,1
DA:111,2
DA:119,4
DA:122,1
DA:128,1
DA:133,2
DA:139,7
DA:141,3
DA:166,4
DA:180,1
DA:181,1
DA:183,1
DA:185,1
DA:187,1
DA:190,1
DA:191,1
DA:192,1
DA:193,1
DA:194,1
DA:195,1
DA:196,1
DA:197,1
DA:198,1
DA:199,1
DA:201,1
DA:203,1
DA:205,1
DA:207,1
DA:209,1
DA:211,1
DA:213,1
DA:215,1
DA:217,1
DA:219,1
DA:221,3
DA:223,1
DA:225,1
DA:227,1
DA:229,1
DA:231,1
DA:236,4
DA:242,11
DA:246,3
DA:247,3
DA:248,3
DA:252,2
DA:258,5
DA:265,1
DA:269,1
DA:270,3
DA:273,3
DA:274,2
DA:275,1
DA:278,1
DA:279,2
DA:280,2
DA:283,2
DA:285,0
DA:292,4
DA:301,1
DA:302,1
DA:303,1
DA:304,1
DA:305,1
DA:306,1
DA:307,1
DA:308,1
DA:309,1
DA:310,1
DA:311,1
DA:312,1
DA:319,2
DA:323,3
DA:324,3
DA:325,3
DA:326,3
DA:327,3
DA:329,5
DA:335,1
DA:336,2
DA:337,1
DA:339,1
DA:342,2
DA:343,2
DA:345,1
DA:346,0
DA:347,1
DA:348,0
DA:350,3
DA:352,2
DA:354,0
DA:356,2
DA:358,1
DA:365,0
DA:367,1
DA:373,5
DA:376,3
DA:377,2
DA:387,2
DA:389,4
DA:393,5
DA:395,4
DA:415,3
DA:416,3
DA:417,3
DA:418,1
DA:419,2
DA:425,1
DA:426,2
DA:429,2
DA:431,3
DA:435,7
DA:437,7
DA:440,3
DA:443,4
DA:448,3
DA:449,5
DA:451,3
DA:454,3
DA:462,2
DA:464,5
DA:468,5
DA:469,2
DA:470,4
DA:472,1
DA:473,4
DA:475,3
DA:479,1
DA:480,1
DA:481,1
DA:482,2
DA:483,2
DA:484,2
DA:485,1
DA:486,2
DA:487,2
DA:488,1
DA:489,1
DA:490,2
DA:496,1
DA:497,4
DA:498,4
DA:500,1
DA:501,2
DA:502,1
DA:503,1
DA:504,1
DA:511,3
DA:522,3
DA:523,4
DA:524,3
DA:525,1
DA:526,3
DA:528,1
DA:529,3
DA:531,1
DA:532,3
DA:534,1
DA:535,3
DA:541,5
DA:543,1
DA:544,2
DA:545,6
DA:550,1
DA:551,1
DA:552,1
DA:553,1
DA:572,0
DA:573,0
DA:576,0
DA:577,0
DA:578,0
DA:580,0
DA:581,0
DA:582,0
DA:589,2
DA:590,4
DA:591,3
DA:597,0
DA:607,3
DA:608,3
DA:609,2
DA:610,2
DA:624,3
DA:630,3
DA:631,2
DA:633,2
DA:634,7
DA:655,2
DA:658,2
DA:661,1
DA:662,2
DA:664,1
DA:666,4
DA:667,3
DA:668,10
DA:669,6
DA:670,10
DA:672,5
DA:673,9
DA:679,2
DA:680,0
DA:681,0
DA:682,0
DA:684,10
DA:688,2
DA:693,1
DA:694,2
DA:696,1
DA:698,4
DA:699,3
DA:700,12
DA:701,6
DA:702,12
DA:703,6
DA:704,12
DA:706,5
DA:707,11
DA:713,2
DA:714,2
DA:715,2
DA:716,5
DA:718,9
DA:720,2
DA:726,2
DA:727,2
DA:728,3
DA:729,1
DA:730,0
DA:731,0
DA:737,3
DA:738,3
DA:745,0
DA:746,3
DA:747,2
DA:748,1
DA:757,1
DA:760,3
DA:762,1
DA:770,4
DA:771,2
DA:772,3
DA:773,2
DA:774,4
DA:775,1
DA:780,1
DA:782,2
DA:783,2
DA:787,3
DA:788,3
DA:789,3
DA:794,1
DA:795,2
DA:796,1
DA:797,1
DA:798,1
DA:808,9
DA:810,9
DA:812,9
DA:813,3
DA:814,3
DA:815,3
DA:821,4
DA:822,4
DA:828,3
DA:831,5
DA:834,9
DA:837,9
DA:839,2
DA:842,2
DA:843,2
DA:844,2
DA:850,5
DA:851,1
DA:853,1
DA:860,2
DA:862,4
DA:868,3
DA:869,3
DA:870,3
DA:873,3
DA:874,2
DA:879,2
DA:880,6
DA:881,8
DA:882,7
DA:883,2
DA:885,1
DA:886,2
DA:887,5
DA:889,1
DA:899,4
DA:900,2
DA:901,3
DA:902,2
DA:904,1
DA:907,2
DA:909,1
DA:914,1
DA:917,3
DA:918,3
DA:919,3
DA:920,3
DA:923,1
DA:924,1
DA:925,1
DA:926,1
DA:927,1
DA:929,2
DA:932,3
DA:934,1
DA:935,1
DA:936,1
DA:937,1
DA:938,1
DA:943,3
DA:944,3
DA:950,4
DA:951,2
DA:952,3
DA:953,2
DA:954,4
DA:957,1
DA:960,2
DA:962,1
DA:965,1
DA:969,3
DA:970,2
DA:973,3
DA:975,1
DA:976,1
DA:977,1
DA:978,1
DA:979,1
DA:983,4
DA:987,1
DA:988,2
DA:989,5
DA:993,3
LF:351
LH:326
end_of_record
TN:/home/pi/proj/sundae/sundae-contracts/validators/pool_stake.ak
SF:/home/pi/proj/sundae/sundae-contracts/validators/pool_stake.ak
DA:22,0
DA:25,2
DA:26,1
DA:33,1
DA:37,3
DA:40,1
DA:41,2
DA:42,1
DA:43,1
DA:44,1
DA:47,1
DA:54,6
DA:58,9
DA:60,3
DA:65,1
DA:66,1
DA:67,1
DA:68,4
DA:72,5
DA:78,3
DA:81,1
DA:83,0
LF:22
LH:20
end_of_record
TN:/home/pi/proj/sundae/sundae-contracts/validators/settings.ak
SF:/home/pi/proj/sundae/sundae-contracts/validators/settings.ak
DA:15,0
DA:17,0
DA:18,0
DA:19,0
DA:20,0
DA:23,3
DA:24,2
DA:31,4
DA:32,3
DA:35,3
DA:36,2
DA:38,2
DA:45,4
DA:46,2
DA:50,3
DA:53,1
DA:62,1
DA:63,2
DA:64,2
DA:65,2
DA:66,2
DA:71,1
DA:73,1
DA:75,2
DA:76,2
DA:77,2
DA:83,1
DA:84,2
DA:85,1
DA:86,1
DA:91,1
DA:92,2
DA:93,2
DA:94,2
DA:95,2
DA:101,1
DA:103,1
DA:105,2
DA:106,2
DA:107,2
DA:112,1
DA:113,2
DA:114,1
DA:115,1
DA:122,0
DA:123,4
DA:126,3
DA:130,1
DA:131,2
DA:132,3
DA:136,1
DA:137,1
DA:138,2
DA:139,4
DA:142,5
DA:144,3
DA:145,2
DA:149,1
DA:150,1
DA:151,1
DA:156,0
LF:61
LH:54
end_of_record
TN:/home/pi/proj/sundae/sundae-contracts/validators/stake.ak
SF:/home/pi/proj/sundae/sundae-contracts/validators/stake.ak
DA:15,0
DA:16,2
DA:25,5
DA:27,4
DA:28,2
DA:39,4
DA:43,3
DA:45,1
LF:8
LH:7
end_of_record
TN:/home/pi/proj/sundae/sundae-contracts/validators/tests/order.ak
SF:/home/pi/proj/sundae/sundae-contracts/validators/tests/order.ak
DA:13,3
DA:17,1
DA:18,1
DA:20,1
DA:21,3
DA:22,1
DA:23,1
DA:24,2
DA:25,1
DA:26,1
DA:30,1
DA:31,1
DA:32,3
DA:33,4
DA:38,1
DA:39,1
DA:40,1
DA:41,2
DA:42,1
DA:43,3
DA:44,2
DA:51,2
DA:55,2
DA:63,2
DA:68,2
DA:78,1
DA:79,1
DA:80,1
DA:81,1
DA:82,1
DA:86,1
DA:99,1
DA:100,1
DA:102,1
DA:103,3
DA:104,1
DA:105,1
DA:106,2
DA:107,1
DA:108,1
DA:112,1
DA:113,1
DA:114,1
DA:115,1
DA:116,4
DA:126,2
DA:127,1
DA:128,1
DA:129,2
DA:130,1
DA:131,3
DA:132,4
DA:137,1
DA:138,7
DA:142,1
DA:143,7
DA:148,1
DA:154,7
DA:159,1
DA:165,7
DA:170,1
DA:176,7
DA:180,1
DA:181,7
DA:185,1
DA:186,7
DA:190,1
DA:191,1
DA:192,1
DA:193,1
DA:194,3
DA:195,6
DA:200,1
DA:201,7
DA:205,1
DA:206,7
LF:76
LH:76
end_of_record
TN:/home/pi/proj/sundae/sundae-contracts/validators/tests/pool.ak
SF:/home/pi/proj/sundae/sundae-contracts/validators/tests/pool.ak
DA:56,4
DA:60,4
DA:64,4
DA:68,4
DA:72,2
DA:73,2
DA:74,1
DA:75,2
DA:76,1
DA:77,1
DA:78,3
DA:79,4
DA:80,2
DA:81,1
DA:87,1
DA:102,1
DA:103,1
DA:104,1
DA:105,1
DA:106,4
DA:107,1
DA:121,2
DA:122,2
DA:123,2
DA:124,2
DA:126,1
DA:127,3
DA:130,1
DA:131,2
DA:132,1
DA:133,1
DA:134,3
DA:135,5
DA:136,4
DA:137,2
DA:138,1
DA:143,1
DA:144,2
DA:145,1
DA:146,1
DA:147,2
DA:148,2
DA:149,1
DA:154,1
DA:155,2
DA:156,1
DA:157,1
DA:158,2
DA:159,2
DA:160,1
DA:165,1
DA:166,1
DA:167,3
DA:168,5
DA:169,4
DA:170,2
DA:171,1
DA:175,1
DA:176,1
DA:177,3
DA:178,4
DA:179,1
DA:180,1
DA:184,1
DA:185,1
DA:186,3
DA:187,4
DA:188,1
DA:189,1
DA:193,1
DA:194,1
DA:195,3
DA:196,3
DA:197,3
DA:198,1
DA:199,3
DA:200,1
DA:201,2
DA:204,1
DA:205,1
DA:206,1
DA:207,2
DA:208,1
DA:209,2
DA:210,1
DA:216,2
DA:217,2
DA:218,2
DA:219,2
DA:221,1
DA:222,3
DA:225,1
DA:226,2
DA:227,1
DA:228,1
DA:229,3
DA:230,5
DA:231,4
DA:232,2
DA:233,1
DA:239,1
DA:240,2
DA:241,1
DA:242,1
DA:243,2
DA:244,2
DA:245,1
DA:250,1
DA:251,2
DA:252,1
DA:253,1
DA:254,2
DA:255,2
DA:256,1
DA:261,1
DA:262,1
DA:263,3
DA:264,5
DA:265,4
DA:266,2
DA:267,1
DA:272,1
DA:273,1
DA:274,3
DA:275,4
DA:276,1
DA:277,1
DA:281,1
DA:282,1
DA:283,3
DA:284,4
DA:285,1
DA:286,1
DA:290,1
DA:291,1
DA:292,3
DA:293,3
DA:294,3
DA:295,1
DA:296,3
DA:297,1
DA:298,2
DA:301,1
DA:302,1
DA:303,1
DA:304,2
DA:305,1
DA:306,2
DA:307,1
DA:313,2
DA:314,2
DA:315,2
DA:316,2
DA:318,1
DA:319,3
DA:322,1
DA:323,2
DA:324,1
DA:325,1
DA:326,3
DA:327,5
DA:328,4
DA:329,2
DA:330,1
DA:335,1
DA:336,2
DA:337,1
DA:338,1
DA:339,2
DA:340,2
DA:341,1
DA:346,1
DA:347,2
DA:348,1
DA:349,1
DA:350,2
DA:351,2
DA:352,1
DA:357,1
DA:358,1
DA:359,3
DA:360,5
DA:361,4
DA:362,2
DA:363,1
DA:367,1
DA:368,1
DA:369,3
DA:370,4
DA:371,1
DA:372,1
DA:376,1
DA:377,1
DA:378,3
DA:379,4
DA:380,1
DA:381,1
DA:385,1
DA:386,1
DA:387,3
DA:388,3
DA:389,3
DA:390,1
DA:391,3
DA:392,1
DA:393,2
DA:396,1
DA:397,1
DA:398,1
DA:399,2
DA:400,1
DA:401,2
DA:402,1
DA:408,2
DA:409,2
DA:410,2
DA:411,2
DA:414,3
DA:415,3
DA:418,1
DA:419,2
DA:420,1
DA:421,1
DA:422,3
DA:423,5
DA:424,4
DA:425,2
DA:426,1
DA:431,1
DA:432,2
DA:433,1
DA:434,1
DA:435,2
DA:436,2
DA:437,1
DA:442,1
DA:443,2
DA:444,1
DA:445,1
DA:446,2
DA:447,2
DA:448,1
DA:453,1
DA:454,1
DA:455,3
DA:456,5
DA:457,4
DA:458,2
DA:459,1
DA:463,1
DA:464,1
DA:465,3
DA:466,4
DA:467,1
DA:468,1
DA:472,1
DA:473,1
DA:474,3
DA:475,4
DA:476,1
DA:477,1
DA:481,1
DA:482,1
DA:483,3
DA:484,3
DA:485,3
DA:486,1
DA:487,3
DA:488,1
DA:489,2
DA:492,1
DA:493,1
DA:494,1
DA:495,2
DA:496,1
DA:497,2
DA:498,1
DA:504,2
DA:505,2
DA:506,2
DA:508,1
DA:509,3
DA:512,1
DA:513,2
DA:514,1
DA:515,1
DA:516,3
DA:517,5
DA:518,4
DA:519,2
DA:520,1
DA:524,3
DA:525,3
DA:528,1
DA:529,2
DA:530,1
DA:531,1
DA:532,2
DA:533,2
DA:534,1
DA:539,1
DA:540,2
DA:541,1
DA:542,1
DA:543,2
DA:544,2
DA:545,1
DA:550,1
DA:551,1
DA:552,3
DA:553,5
DA:554,4
DA:555,2
DA:556,1
DA:561,1
DA:562,1
DA:563,3
DA:564,4
DA:565,2
DA:566,1
DA:570,1
DA:571,1
DA:572,3
DA:573,4
DA:574,2
DA:575,1
DA:579,1
DA:580,1
DA:581,3
DA:582,3
DA:583,3
DA:584,1
DA:585,3
DA:586,1
DA:587,2
DA:590,1
DA:591,1
DA:592,1
DA:593,2
DA:594,1
DA:595,2
DA:596,1
DA:603,2
DA:604,2
DA:605,2
DA:606,2
DA:608,1
DA:609,3
DA:612,1
DA:613,2
DA:614,1
DA:615,1
DA:616,3
DA:617,5
DA:618,4
DA:619,2
DA:620,1
DA:625,1
DA:626,2
DA:627,1
DA:628,1
DA:629,2
DA:630,2
DA:631,1
DA:636,1
DA:637,2
DA:638,1
DA:639,1
DA:640,2
DA:641,2
DA:642,1
DA:647,1
DA:648,1
DA:649,3
DA:650,5
DA:651,4
DA:652,2
DA:653,1
DA:658,1
DA:659,1
DA:660,3
DA:661,4
DA:662,1
DA:663,1
DA:667,1
DA:668,1
DA:669,3
DA:670,4
DA:671,1
DA:672,1
DA:676,1
DA:677,1
DA:678,3
DA:679,3
DA:680,3
DA:681,1
DA:682,3
DA:683,1
DA:684,2
DA:687,1
DA:688,1
DA:689,1
DA:690,2
DA:691,1
DA:692,2
DA:693,1
DA:699,2
DA:700,2
DA:701,2
DA:702,2
DA:704,1
DA:705,3
DA:708,1
DA:709,2
DA:710,1
DA:711,1
DA:712,3
DA:713,5
DA:714,4
DA:715,2
DA:716,1
DA:721,1
DA:722,2
DA:723,1
DA:724,1
DA:725,2
DA:726,2
DA:727,1
DA:732,1
DA:733,2
DA:734,1
DA:735,1
DA:736,2
DA:737,2
DA:738,1
DA:743,1
DA:744,1
DA:745,3
DA:746,5
DA:747,4
DA:748,2
DA:749,1
DA:754,1
DA:755,1
DA:756,3
DA:757,4
DA:758,1
DA:759,1
DA:763,1
DA:764,1
DA:765,3
DA:766,4
DA:767,1
DA:768,1
DA:772,1
DA:773,1
DA:774,3
DA:775,3
DA:776,3
DA:777,1
DA:778,3
DA:779,1
DA:780,2
DA:783,1
DA:784,1
DA:785,1
DA:786,2
DA:787,1
DA:788,2
DA:789,1
DA:795,2
DA:796,2
DA:797,2
DA:798,2
DA:800,1
DA:801,3
DA:804,1
DA:805,2
DA:806,1
DA:807,1
DA:808,3
DA:809,5
DA:810,4
DA:811,2
DA:812,1
DA:817,1
DA:818,2
DA:819,1
DA:820,1
DA:821,2
DA:822,2
DA:823,1
DA:828,1
DA:829,2
DA:830,1
DA:831,1
DA:832,2
DA:833,2
DA:834,1
DA:840,1
DA:841,1
DA:842,3
DA:843,4
DA:844,2
DA:845,1
DA:849,1
DA:850,1
DA:851,3
DA:852,4
DA:853,1
DA:854,1
DA:858,1
DA:859,1
DA:860,3
DA:861,4
DA:862,1
DA:863,1
DA:867,1
DA:868,1
DA:869,3
DA:870,3
DA:871,3
DA:872,1
DA:873,3
DA:874,1
DA:875,2
DA:878,1
DA:879,1
DA:880,1
DA:881,2
DA:882,1
DA:883,2
DA:884,1
DA:890,2
DA:891,2
DA:892,2
DA:893,2
DA:895,1
DA:896,3
DA:899,1
DA:900,2
DA:901,1
DA:902,1
DA:903,3
DA:904,5
DA:905,4
DA:906,2
DA:907,1
DA:912,1
DA:913,2
DA:914,1
DA:915,1
DA:916,2
DA:917,2
DA:918,1
DA:923,1
DA:924,2
DA:925,1
DA:926,1
DA:927,2
DA:928,2
DA:929,1
DA:935,1
DA:936,2
DA:937,3
DA:938,5
DA:939,4
DA:940,2
DA:941,1
DA:945,1
DA:946,1
DA:947,3
DA:948,4
DA:949,1
DA:950,1
DA:954,1
DA:955,1
DA:956,3
DA:957,4
DA:958,1
DA:959,1
DA:963,1
DA:964,1
DA:965,3
DA:966,3
DA:967,3
DA:968,1
DA:969,3
DA:970,1
DA:971,2
DA:974,1
DA:975,1
DA:976,1
DA:977,2
DA:978,1
DA:979,2
DA:980,1
DA:986,2
DA:987,2
DA:988,2
DA:989,2
DA:991,1
DA:992,3
DA:995,1
DA:996,2
DA:997,1
DA:998,1
DA:999,3
DA:1000,5
DA:1001,4
DA:1002,2
DA:1003,1
DA:1008,1
DA:1009,2
DA:1010,1
DA:1011,1
DA:1012,2
DA:1013,2
DA:1014,1
DA:1019,1
DA:1020,2
DA:1021,1
DA:1022,1
DA:1023,2
DA:1024,2
DA:1025,1
DA:1031,1
DA:1032,2
DA:1033,3
DA:1034,5
DA:1035,4
DA:1036,2
DA:1037,1
DA:1041,1
DA:1042,1
DA:1043,3
DA:1044,4
DA:1045,1
DA:1046,1
DA:1050,1
DA:1051,1
DA:1052,3
DA:1053,4
DA:1054,1
DA:1055,1
DA:1059,1
DA:1060,1
DA:1061,3
DA:1062,3
DA:1063,3
DA:1064,1
DA:1065,3
DA:1066,1
DA:1067,2
DA:1070,1
DA:1071,1
DA:1072,1
DA:1073,2
DA:1074,1
DA:1075,2
DA:1076,1
DA:1082,2
DA:1083,2
DA:1084,2
DA:1087,3
DA:1088,2
DA:1090,3
DA:1091,2
DA:1093,1
DA:1094,3
DA:1097,1
DA:1098,2
DA:1099,1
DA:1100,1
DA:1101,3
DA:1102,5
DA:1103,4
DA:1104,2
DA:1105,1
DA:1110,1
DA:1111,2
DA:1112,1
DA:1113,1
DA:1114,2
DA:1115,2
DA:1116,1
DA:1121,1
DA:1122,2
DA:1123,1
DA:1124,1
DA:1125,2
DA:1126,2
DA:1127,1
DA:1133,1
DA:1134,1
DA:1135,3
DA:1136,5
DA:1137,4
DA:1138,2
DA:1139,1
DA:1143,1
DA:1144,1
DA:1145,3
DA:1146,4
DA:1147,1
DA:1148,1
DA:1152,1
DA:1153,1
DA:1154,3
DA:1155,4
DA:1156,1
DA:1157,1
DA:1161,1
DA:1162,1
DA:1163,3
DA:1164,3
DA:1165,3
DA:1166,1
DA:1167,3
DA:1168,1
DA:1169,2
DA:1172,1
DA:1173,1
DA:1174,1
DA:1175,2
DA:1176,1
DA:1177,2
DA:1178,1
DA:1184,2
DA:1185,2
DA:1186,2
DA:1187,2
DA:1189,1
DA:1190,3
DA:1193,1
DA:1194,2
DA:1195,1
DA:1196,1
DA:1197,3
DA:1198,5
DA:1199,4
DA:1200,2
DA:1201,1
DA:1206,1
DA:1207,2
DA:1208,1
DA:1209,1
DA:1210,2
DA:1211,2
DA:1212,1
DA:1217,1
DA:1218,2
DA:1219,1
DA:1220,1
DA:1221,2
DA:1222,2
DA:1223,1
DA:1228,1
DA:1229,1
DA:1230,3
DA:1231,5
DA:1232,4
DA:1233,2
DA:1234,1
DA:1238,1
DA:1239,1
DA:1240,3
DA:1241,4
DA:1242,1
DA:1243,1
DA:1247,1
DA:1248,1
DA:1249,3
DA:1250,4
DA:1251,1
DA:1252,1
DA:1256,3
DA:1259,1
DA:1260,1
DA:1261,3
DA:1262,1
DA:1263,3
DA:1264,1
DA:1265,3
DA:1266,1
DA:1267,2
DA:1270,1
DA:1271,1
DA:1272,1
DA:1273,2
DA:1274,1
DA:1275,2
DA:1276,1
DA:1282,2
DA:1283,2
DA:1284,2
DA:1285,2
DA:1287,1
DA:1289,4
DA:1292,1
DA:1293,2
DA:1294,1
DA:1295,1
DA:1296,3
DA:1297,5
DA:1298,4
DA:1299,2
DA:1300,1
DA:1305,1
DA:1309,1
DA:1310,1
DA:1311,1
DA:1320,1
DA:1321,2
DA:1322,1
DA:1323,1
DA:1324,2
DA:1325,2
DA:1326,1
DA:1331,1
DA:1332,2
DA:1333,1
DA:1334,1
DA:1335,3
DA:1336,4
DA:1337,2
DA:1338,1
DA:1343,1
DA:1344,1
DA:1345,3
DA:1346,5
DA:1347,4
DA:1348,2
DA:1349,1
DA:1353,1
DA:1354,1
DA:1355,3
DA:1356,4
DA:1357,1
DA:1358,1
DA:1362,1
DA:1363,1
DA:1364,3
DA:1365,6
DA:1366,4
DA:1367,1
DA:1368,1
DA:1372,1
DA:1373,1
DA:1374,3
DA:1375,3
DA:1376,3
DA:1377,1
DA:1378,1
DA:1379,5
DA:1380,3
DA:1381,1
DA:1382,2
DA:1385,1
DA:1386,1
DA:1387,1
DA:1388,2
DA:1389,1
DA:1390,2
DA:1391,1
DA:1401,2
DA:1402,1
DA:1403,1
DA:1406,1
DA:1411,1
DA:1413,1
DA:1414,1
DA:1416,5
DA:1417,5
DA:1418,5
DA:1423,7
DA:1426,2
DA:1427,2
DA:1428,2
DA:1429,4
DA:1430,2
DA:1432,2
DA:1433,4
DA:1435,5
DA:1438,6
DA:1439,2
DA:1440,8
DA:1442,2
DA:1443,4
DA:1445,5
DA:1448,2
DA:1449,1
DA:1450,1
DA:1451,1
DA:1453,4
DA:1456,2
DA:1457,2
DA:1458,2
DA:1459,1
DA:1460,3
DA:1462,1
DA:1463,4
DA:1467,4
DA:1470,4
DA:1471,2
DA:1472,3
DA:1473,3
DA:1474,3
DA:1475,3
DA:1476,3
DA:1477,5
DA:1478,2
DA:1479,5
DA:1481,1
DA:1483,2
DA:1484,1
DA:1485,1
DA:1486,1
DA:1488,3
DA:1489,3
DA:1491,1
DA:1492,1
DA:1493,1
DA:1494,2
DA:1495,1
DA:1496,2
DA:1497,2
DA:1498,1
DA:1499,1
DA:1500,3
DA:1506,2
DA:1507,1
DA:1508,1
DA:1511,1
DA:1516,1
DA:1518,1
DA:1519,1
DA:1521,5
DA:1522,5
DA:1523,5
DA:1528,7
DA:1531,2
DA:1532,2
DA:1533,2
DA:1534,4
DA:1535,2
DA:1537,2
DA:1538,4
DA:1540,5
DA:1543,6
DA:1544,2
DA:1545,8
DA:1547,2
DA:1548,4
DA:1550,5
DA:1553,2
DA:1554,1
DA:1555,1
DA:1556,1
DA:1558,4
DA:1561,2
DA:1562,2
DA:1563,2
DA:1564,1
DA:1565,3
DA:1567,1
DA:1568,4
DA:1573,4
DA:1576,4
DA:1577,2
DA:1578,3
DA:1579,3
DA:1580,3
DA:1581,3
DA:1582,3
DA:1583,5
DA:1584,2
DA:1585,5
DA:1587,1
DA:1589,2
DA:1590,1
DA:1591,1
DA:1592,1
DA:1594,3
DA:1595,3
DA:1597,1
DA:1598,1
DA:1599,1
DA:1600,2
DA:1601,1
DA:1602,2
DA:1603,2
DA:1604,0
DA:1605,0
DA:1606,0
DA:1612,2
DA:1613,1
DA:1614,1
DA:1617,1
DA:1622,1
DA:1624,1
DA:1625,1
DA:1627,5
DA:1628,5
DA:1629,5
DA:1634,7
DA:1637,2
DA:1638,2
DA:1639,2
DA:1640,4
DA:1641,2
DA:1643,2
DA:1644,4
DA:1646,5
DA:1649,6
DA:1650,2
DA:1651,8
DA:1653,2
DA:1654,4
DA:1656,5
DA:1659,2
DA:1660,1
DA:1661,1
DA:1662,1
DA:1664,4
DA:1667,2
DA:1668,2
DA:1669,2
DA:1670,1
DA:1671,3
DA:1673,1
DA:1674,4
DA:1678,4
DA:1681,4
DA:1682,2
DA:1683,3
DA:1684,3
DA:1685,3
DA:1686,3
DA:1687,3
DA:1688,5
DA:1689,2
DA:1690,5
DA:1692,1
DA:1694,2
DA:1695,1
DA:1696,1
DA:1697,1
DA:1699,3
DA:1700,3
DA:1702,1
DA:1703,1
DA:1704,1
DA:1705,2
DA:1706,1
DA:1707,2
DA:1708,2
DA:1709,1
DA:1710,1
DA:1711,3
DA:1717,2
DA:1719,1
DA:1720,1
DA:1723,1
DA:1728,3
DA:1730,1
DA:1731,1
DA:1733,5
DA:1734,5
DA:1735,5
DA:1740,7
DA:1743,2
DA:1744,2
DA:1745,2
DA:1746,1
DA:1747,2
DA:1749,2
DA:1750,1
DA:1751,1
DA:1752,1
DA:1753,4
DA:1756,5
DA:1759,6
DA:1760,4
DA:1761,2
DA:1762,1
DA:1763,1
DA:1764,1
DA:1765,7
DA:1768,5
DA:1771,2
DA:1772,1
DA:1773,1
DA:1774,1
DA:1776,1
DA:1777,5
DA:1781,2
DA:1782,2
DA:1783,2
DA:1784,1
DA:1785,3
DA:1787,1
DA:1788,4
DA:1792,4
DA:1795,4
DA:1796,2
DA:1797,3
DA:1798,3
DA:1799,3
DA:1800,3
DA:1801,3
DA:1802,5
DA:1803,2
DA:1804,5
DA:1806,1
DA:1808,2
DA:1809,1
DA:1810,1
DA:1811,1
DA:1813,3
DA:1814,3
DA:1816,1
DA:1817,1
DA:1818,1
DA:1819,2
DA:1820,1
DA:1821,2
DA:1822,2
DA:1823,1
DA:1824,1
DA:1825,3
DA:1831,2
DA:1833,1
DA:1834,1
DA:1837,1
DA:1842,3
DA:1844,1
DA:1845,1
DA:1847,5
DA:1848,5
DA:1849,5
DA:1854,7
DA:1858,2
DA:1859,2
DA:1860,2
DA:1861,7
DA:1862,2
DA:1864,2
DA:1865,1
DA:1866,1
DA:1867,1
DA:1868,4
DA:1871,5
DA:1874,6
DA:1875,2
DA:1876,1
DA:1877,13
DA:1880,2
DA:1881,1
DA:1882,1
DA:1883,1
DA:1884,7
DA:1887,5
DA:1891,2
DA:1892,1
DA:1893,1
DA:1894,1
DA:1896,2
DA:1897,6
DA:1899,1
DA:1900,5
DA:1904,2
DA:1905,2
DA:1906,2
DA:1907,1
DA:1908,3
DA:1910,1
DA:1911,4
DA:1915,4
DA:1918,4
DA:1919,2
DA:1920,3
DA:1921,3
DA:1922,3
DA:1923,3
DA:1924,3
DA:1925,5
DA:1926,2
DA:1927,5
DA:1929,1
DA:1931,2
DA:1932,1
DA:1933,1
DA:1934,1
DA:1936,3
DA:1937,3
DA:1939,1
DA:1940,1
DA:1941,1
DA:1942,2
DA:1943,1
DA:1944,2
DA:1945,2
DA:1946,1
DA:1947,1
DA:1948,3
DA:1954,2
DA:1955,1
DA:1957,1
DA:1960,1
DA:1965,3
DA:1967,1
DA:1968,1
DA:1970,5
DA:1971,5
DA:1972,5
DA:1977,7
DA:1980,2
DA:1981,2
DA:1982,2
DA:1983,1
DA:1984,2
DA:1986,2
DA:1987,1
DA:1988,1
DA:1989,1
DA:1990,4
DA:1993,5
DA:1996,6
DA:1997,4
DA:1998,2
DA:1999,1
DA:2000,1
DA:2001,1
DA:2002,7
DA:2005,5
DA:2008,2
DA:2009,1
DA:2010,1
DA:2011,1
DA:2013,1
DA:2014,5
DA:2018,2
DA:2019,2
DA:2020,2
DA:2021,1
DA:2022,3
DA:2024,1
DA:2025,4
DA:2029,4
DA:2032,4
DA:2033,2
DA:2034,3
DA:2035,3
DA:2036,3
DA:2037,3
DA:2038,3
DA:2039,5
DA:2040,2
DA:2041,5
DA:2043,1
DA:2045,2
DA:2046,1
DA:2047,1
DA:2048,1
DA:2050,3
DA:2051,3
DA:2053,1
DA:2054,1
DA:2055,1
DA:2056,2
DA:2057,1
DA:2058,2
DA:2059,2
DA:2060,1
DA:2061,1
DA:2062,3
DA:2068,2
DA:2070,1
DA:2071,1
DA:2074,1
DA:2079,3
DA:2081,1
DA:2082,1
DA:2084,5
DA:2085,5
DA:2086,5
DA:2091,7
DA:2094,2
DA:2095,2
DA:2096,2
DA:2097,7
DA:2098,2
DA:2100,2
DA:2101,1
DA:2102,1
DA:2103,1
DA:2104,4
DA:2107,5
DA:2110,6
DA:2111,2
DA:2112,1
DA:2113,13
DA:2116,2
DA:2117,1
DA:2118,1
DA:2119,1
DA:2120,7
DA:2123,5
DA:2126,2
DA:2127,1
DA:2128,1
DA:2129,1
DA:2131,2
DA:2132,6
DA:2134,1
DA:2135,5
DA:2139,2
DA:2140,2
DA:2141,2
DA:2142,1
DA:2143,3
DA:2145,1
DA:2146,4
DA:2150,4
DA:2153,4
DA:2154,2
DA:2155,3
DA:2156,3
DA:2157,3
DA:2158,3
DA:2159,3
DA:2160,5
DA:2161,2
DA:2162,5
DA:2164,1
DA:2166,2
DA:2167,1
DA:2168,1
DA:2169,1
DA:2171,3
DA:2172,3
DA:2174,1
DA:2175,1
DA:2176,1
DA:2177,2
DA:2178,1
DA:2179,2
DA:2180,2
DA:2181,1
DA:2182,1
DA:2183,3
DA:2193,2
DA:2196,1
DA:2202,3
DA:2205,3
DA:2207,1
DA:2210,2
DA:2211,2
DA:2212,1
DA:2213,3
DA:2214,2
DA:2216,2
DA:2217,4
DA:2219,5
DA:2222,6
DA:2223,6
DA:2224,2
DA:2225,4
DA:2227,5
DA:2230,2
DA:2231,2
DA:2232,2
DA:2233,1
DA:2234,3
DA:2236,1
DA:2237,4
DA:2240,1
DA:2243,4
DA:2244,2
DA:2245,3
DA:2246,3
DA:2247,3
DA:2248,3
DA:2249,3
DA:2251,3
DA:2253,3
DA:2258,2
DA:2261,1
DA:2267,3
DA:2271,3
DA:2273,1
DA:2276,2
DA:2277,2
DA:2278,1
DA:2279,3
DA:2280,2
DA:2282,2
DA:2283,4
DA:2285,5
DA:2288,6
DA:2289,6
DA:2290,2
DA:2291,4
DA:2293,5
DA:2296,2
DA:2297,2
DA:2298,2
DA:2299,1
DA:2300,3
DA:2302,1
DA:2303,4
DA:2306,1
DA:2309,4
DA:2310,2
DA:2311,3
DA:2312,3
DA:2313,3
DA:2314,3
DA:2315,3
DA:2317,3
DA:2319,3
DA:2324,2
DA:2327,1
DA:2333,3
DA:2336,3
DA:2338,1
DA:2341,2
DA:2342,2
DA:2343,1
DA:2344,3
DA:2345,2
DA:2347,2
DA:2348,4
DA:2350,5
DA:2353,6
DA:2354,6
DA:2355,2
DA:2356,4
DA:2358,5
DA:2361,2
DA:2362,2
DA:2363,2
DA:2364,1
DA:2365,3
DA:2367,1
DA:2368,4
DA:2371,1
DA:2374,4
DA:2375,2
DA:2376,3
DA:2377,3
DA:2378,3
DA:2379,3
DA:2380,3
DA:2382,3
DA:2384,3
DA:2389,2
DA:2390,1
DA:2393,1
DA:2400,5
DA:2403,3
DA:2405,1
DA:2408,2
DA:2409,2
DA:2410,1
DA:2411,3
DA:2412,2
DA:2414,2
DA:2415,4
DA:2417,5
DA:2420,6
DA:2421,6
DA:2422,2
DA:2423,4
DA:2425,5
DA:2428,2
DA:2429,2
DA:2430,2
DA:2431,1
DA:2432,3
DA:2434,1
DA:2435,4
DA:2438,1
DA:2441,4
DA:2442,2
DA:2443,3
DA:2444,3
DA:2445,3
DA:2446,3
DA:2447,3
DA:2451,1
DA:2452,1
DA:2453,1
DA:2454,2
DA:2455,3
DA:2457,1
DA:2460,3
DA:2465,2
DA:2468,1
DA:2475,1
DA:2476,1
DA:2477,1
DA:2478,1
DA:2483,3
DA:2485,1
DA:2488,2
DA:2489,2
DA:2490,1
DA:2491,3
DA:2492,2
DA:2494,2
DA:2495,4
DA:2497,5
DA:2500,6
DA:2501,6
DA:2502,2
DA:2503,4
DA:2505,5
DA:2508,2
DA:2509,2
DA:2510,2
DA:2511,1
DA:2512,3
DA:2514,1
DA:2515,4
DA:2518,1
DA:2521,4
DA:2522,2
DA:2523,3
DA:2524,3
DA:2525,3
DA:2526,3
DA:2527,3
DA:2529,3
DA:2531,3
DA:2536,2
DA:2539,1
DA:2545,1
DA:2546,1
DA:2547,1
DA:2548,1
DA:2553,3
DA:2555,1
DA:2558,2
DA:2559,2
DA:2560,1
DA:2561,3
DA:2562,2
DA:2564,2
DA:2565,4
DA:2567,5
DA:2570,6
DA:2571,6
DA:2572,2
DA:2573,4
DA:2575,5
DA:2578,2
DA:2579,2
DA:2580,2
DA:2581,1
DA:2582,3
DA:2584,1
DA:2585,4
DA:2588,1
DA:2591,4
DA:2592,2
DA:2593,3
DA:2594,3
DA:2595,3
DA:2596,3
DA:2597,3
DA:2599,3
DA:2601,3
DA:2606,2
DA:2609,1
DA:2616,1
DA:2617,1
DA:2618,1
DA:2619,1
DA:2620,1
DA:2625,1
DA:2626,1
DA:2627,1
DA:2628,1
DA:2631,1
DA:2634,2
DA:2635,2
DA:2636,1
DA:2637,3
DA:2638,2
DA:2640,2
DA:2641,4
DA:2643,5
DA:2646,6
DA:2647,6
DA:2648,2
DA:2649,4
DA:2651,5
DA:2654,2
DA:2655,2
DA:2656,2
DA:2657,1
DA:2658,3
DA:2660,1
DA:2661,4
DA:2664,1
DA:2667,4
DA:2668,2
DA:2669,3
DA:2670,3
DA:2671,3
DA:2672,3
DA:2673,3
DA:2675,3
DA:2677,3
DA:2686,2
DA:2690,1
DA:2697,1
DA:2698,1
DA:2699,1
DA:2703,1
DA:2705,5
DA:2707,1
DA:2710,2
DA:2711,2
DA:2712,1
DA:2713,3
DA:2714,2
DA:2716,2
DA:2717,4
DA:2719,5
DA:2722,6
DA:2723,6
DA:2724,2
DA:2725,4
DA:2727,5
DA:2730,2
DA:2731,2
DA:2732,2
DA:2733,1
DA:2734,3
DA:2736,1
DA:2737,4
DA:2740,1
DA:2743,4
DA:2744,2
DA:2745,3
DA:2746,3
DA:2747,3
DA:2748,3
DA:2749,3
DA:2751,3
DA:2753,3
DA:2758,2
DA:2762,1
DA:2769,1
DA:2775,1
DA:2776,1
DA:2777,1
DA:2780,1
DA:2783,2
DA:2784,2
DA:2785,1
DA:2786,3
DA:2787,2
DA:2789,2
DA:2790,4
DA:2792,5
DA:2795,6
DA:2796,6
DA:2797,2
DA:2798,4
DA:2800,5
DA:2803,2
DA:2804,2
DA:2805,2
DA:2806,1
DA:2807,3
DA:2809,1
DA:2810,4
DA:2813,1
DA:2816,4
DA:2817,2
DA:2818,3
DA:2819,3
DA:2820,3
DA:2821,3
DA:2822,3
DA:2824,3
DA:2826,3
DA:2831,2
DA:2834,1
DA:2840,1
DA:2841,1
DA:2842,1
DA:2846,3
DA:2848,1
DA:2851,2
DA:2852,2
DA:2853,1
DA:2854,3
DA:2855,2
DA:2857,2
DA:2858,4
DA:2860,5
DA:2863,6
DA:2864,6
DA:2865,2
DA:2866,4
DA:2868,5
DA:2871,2
DA:2872,2
DA:2873,2
DA:2874,1
DA:2875,3
DA:2877,1
DA:2878,4
DA:2881,1
DA:2885,4
DA:2886,2
DA:2887,3
DA:2888,3
DA:2889,3
DA:2890,3
DA:2891,3
DA:2893,3
DA:2895,3
DA:2900,2
DA:2903,1
DA:2909,1
DA:2912,3
DA:2914,1
DA:2917,2
DA:2918,2
DA:2919,1
DA:2920,3
DA:2921,2
DA:2923,2
DA:2924,4
DA:2926,5
DA:2929,6
DA:2930,6
DA:2931,2
DA:2932,4
DA:2934,5
DA:2937,2
DA:2938,2
DA:2939,2
DA:2940,1
DA:2941,3
DA:2943,1
DA:2944,4
DA:2947,1
DA:2950,4
DA:2951,2
DA:2952,3
DA:2953,3
DA:2954,3
DA:2955,3
DA:2956,3
DA:2958,3
DA:2960,3
DA:2965,2
DA:2968,1
DA:2975,1
DA:2981,1
DA:2982,1
DA:2983,1
DA:2986,1
DA:2989,2
DA:2990,2
DA:2991,1
DA:2992,3
DA:2993,2
DA:2995,2
DA:2996,4
DA:2998,5
DA:3002,6
DA:3003,6
DA:3004,2
DA:3005,4
DA:3007,5
DA:3010,2
DA:3011,2
DA:3012,2
DA:3013,1
DA:3014,3
DA:3016,1
DA:3017,4
DA:3020,1
DA:3023,4
DA:3024,2
DA:3025,3
DA:3026,3
DA:3027,3
DA:3028,3
DA:3029,3
DA:3031,3
DA:3033,3
DA:3038,2
DA:3041,1
DA:3047,1
DA:3048,1
DA:3049,1
DA:3052,1
DA:3055,2
DA:3056,2
DA:3057,1
DA:3058,3
DA:3059,2
DA:3061,2
DA:3062,4
DA:3064,5
DA:3068,6
DA:3069,4
DA:3070,2
DA:3071,4
DA:3073,5
DA:3076,2
DA:3077,2
DA:3078,2
DA:3079,1
DA:3080,3
DA:3082,1
DA:3083,4
DA:3086,1
DA:3089,4
DA:3090,2
DA:3091,3
DA:3092,3
DA:3093,3
DA:3094,3
DA:3095,3
DA:3097,3
DA:3099,3
DA:3107,3
DA:3108,3
DA:3109,2
DA:3110,4
DA:3112,1
DA:3113,2
DA:3117,1
DA:3118,2
DA:3119,1
DA:3120,2
DA:3121,2
DA:3122,1
DA:3123,1
DA:3131,3
DA:3132,2
DA:3133,2
DA:3134,3
DA:3136,1
DA:3137,2
DA:3138,1
DA:3139,2
DA:3142,1
DA:3143,1
DA:3144,1
DA:3145,1
DA:3146,1
DA:3147,1
DA:3148,1
DA:3149,1
DA:3150,1
DA:3151,1
DA:3152,1
DA:3156,5
DA:3157,5
DA:3158,3
DA:3161,6
DA:3162,2
DA:3165,6
DA:3166,3
DA:3169,5
DA:3170,2
DA:3173,5
DA:3174,3
DA:3176,2
DA:3178,5
DA:3179,2
DA:3182,1
DA:3189,4
DA:3190,2
DA:3191,2
DA:3192,1
DA:3193,1
DA:3194,5
DA:3195,5
DA:3196,4
DA:3198,3
DA:3199,3
DA:3200,3
DA:3201,3
DA:3202,2
DA:3204,1
DA:3205,1
DA:3206,1
DA:3207,1
DA:3208,1
DA:3209,2
DA:3216,3
DA:3217,2
DA:3218,2
DA:3219,3
DA:3221,1
DA:3222,2
DA:3223,1
DA:3224,2
DA:3227,1
DA:3228,1
DA:3229,1
DA:3230,1
DA:3231,1
DA:3232,1
DA:3233,1
DA:3234,1
DA:3235,1
DA:3236,1
DA:3237,1
DA:3241,5
DA:3242,5
DA:3243,5
DA:3244,4
DA:3247,6
DA:3248,2
DA:3251,6
DA:3252,3
DA:3255,5
DA:3256,2
DA:3259,5
DA:3260,3
DA:3262,2
DA:3264,5
DA:3265,2
DA:3268,1
DA:3271,4
DA:3272,2
DA:3273,2
DA:3274,1
DA:3275,1
DA:3276,5
DA:3277,5
DA:3278,4
DA:3280,3
DA:3281,3
DA:3282,3
DA:3283,3
DA:3284,2
DA:3286,1
DA:3287,1
DA:3288,1
DA:3289,1
DA:3290,1
DA:3291,2
DA:3298,3
DA:3299,2
DA:3300,2
DA:3301,3
DA:3303,1
DA:3304,2
DA:3305,1
DA:3306,2
DA:3309,1
DA:3310,1
DA:3311,1
DA:3312,1
DA:3313,1
DA:3314,1
DA:3315,1
DA:3316,1
DA:3317,1
DA:3318,1
DA:3319,1
DA:3323,5
DA:3324,5
DA:3325,3
DA:3329,6
DA:3330,2
DA:3333,6
DA:3334,3
DA:3337,5
DA:3338,2
DA:3341,5
DA:3342,3
DA:3344,2
DA:3346,5
DA:3347,2
DA:3350,1
DA:3357,4
DA:3358,2
DA:3359,2
DA:3360,1
DA:3361,1
DA:3362,5
DA:3363,5
DA:3364,4
DA:3366,3
DA:3367,3
DA:3368,3
DA:3369,3
DA:3370,2
DA:3372,1
DA:3373,1
DA:3374,1
DA:3375,1
DA:3376,1
DA:3377,2
DA:3384,3
DA:3385,2
DA:3386,2
DA:3387,3
DA:3389,1
DA:3390,2
DA:3391,1
DA:3392,2
DA:3395,1
DA:3396,1
DA:3397,1
DA:3398,1
DA:3399,1
DA:3400,1
DA:3401,1
DA:3402,1
DA:3403,1
DA:3404,1
DA:3405,1
DA:3409,5
DA:3410,5
DA:3411,3
DA:3414,6
DA:3415,2
DA:3418,6
DA:3419,3
DA:3422,5
DA:3423,2
DA:3426,5
DA:3427,3
DA:3429,2
DA:3432,5
DA:3433,2
DA:3436,1
DA:3443,4
DA:3444,2
DA:3445,2
DA:3446,1
DA:3447,1
DA:3448,5
DA:3449,5
DA:3450,4
DA:3452,3
DA:3453,3
DA:3454,3
DA:3455,3
DA:3456,2
DA:3458,1
DA:3459,1
DA:3460,1
DA:3461,1
DA:3462,1
DA:3463,2
DA:3470,3
DA:3471,2
DA:3472,2
DA:3473,3
DA:3475,1
DA:3476,2
DA:3477,1
DA:3478,2
DA:3481,1
DA:3482,1
DA:3483,1
DA:3484,1
DA:3485,1
DA:3486,1
DA:3487,1
DA:3488,1
DA:3489,1
DA:3490,1
DA:3491,1
DA:3496,5
DA:3497,5
DA:3498,3
DA:3501,6
DA:3502,2
DA:3505,6
DA:3506,3
DA:3509,5
DA:3510,2
DA:3513,5
DA:3514,3
DA:3516,2
DA:3518,5
DA:3519,2
DA:3522,1
DA:3529,4
DA:3530,2
DA:3531,2
DA:3532,1
DA:3533,1
DA:3534,5
DA:3535,5
DA:3536,4
DA:3538,3
DA:3539,3
DA:3540,3
DA:3541,3
DA:3542,2
DA:3544,1
DA:3545,1
DA:3546,1
DA:3547,1
DA:3548,1
DA:3549,2
DA:3556,3
DA:3557,2
DA:3558,2
DA:3559,3
DA:3561,1
DA:3562,2
DA:3563,1
DA:3564,2
DA:3568,1
DA:3569,1
DA:3570,1
DA:3571,1
DA:3572,1
DA:3573,1
DA:3574,1
DA:3575,1
DA:3576,1
DA:3577,1
DA:3578,1
DA:3582,5
DA:3583,5
DA:3584,3
DA:3587,6
DA:3588,2
DA:3591,6
DA:3592,3
DA:3595,5
DA:3596,2
DA:3599,5
DA:3600,3
DA:3602,2
DA:3604,5
DA:3605,2
DA:3608,1
DA:3615,4
DA:3616,2
DA:3617,2
DA:3618,1
DA:3619,1
DA:3620,5
DA:3621,5
DA:3622,4
DA:3624,3
DA:3625,3
DA:3626,3
DA:3627,3
DA:3628,2
DA:3630,1
DA:3631,1
DA:3632,1
DA:3633,1
DA:3634,1
DA:3635,2
DA:3642,3
DA:3643,2
DA:3644,2
DA:3645,3
DA:3647,1
DA:3648,2
DA:3649,1
DA:3650,2
DA:3654,1
DA:3655,1
DA:3656,1
DA:3657,1
DA:3658,1
DA:3659,1
DA:3660,1
DA:3661,1
DA:3662,1
DA:3663,1
DA:3664,1
DA:3668,5
DA:3669,5
DA:3670,3
DA:3673,6
DA:3674,2
DA:3677,6
DA:3678,3
DA:3681,5
DA:3682,2
DA:3685,5
DA:3686,3
DA:3688,2
DA:3690,5
DA:3691,2
DA:3694,1
DA:3701,4
DA:3702,2
DA:3703,2
DA:3704,1
DA:3705,1
DA:3706,5
DA:3707,5
DA:3708,4
DA:3710,3
DA:3711,3
DA:3712,3
DA:3713,3
DA:3714,2
DA:3716,1
DA:3717,1
DA:3718,1
DA:3719,1
DA:3720,1
DA:3721,2
DA:3728,3
DA:3729,2
DA:3730,2
DA:3731,3
DA:3733,1
DA:3734,2
DA:3735,1
DA:3736,2
DA:3740,1
DA:3741,1
DA:3742,1
DA:3743,1
DA:3744,1
DA:3745,1
DA:3746,1
DA:3747,1
DA:3748,1
DA:3749,1
DA:3750,1
DA:3754,5
DA:3755,5
DA:3756,3
DA:3759,6
DA:3760,2
DA:3763,6
DA:3764,3
DA:3767,5
DA:3768,2
DA:3771,5
DA:3772,3
DA:3774,2
DA:3776,5
DA:3777,2
DA:3780,1
DA:3787,4
DA:3788,2
DA:3789,2
DA:3790,1
DA:3791,1
DA:3792,5
DA:3793,5
DA:3794,4
DA:3796,3
DA:3797,3
DA:3798,3
DA:3799,3
DA:3800,2
DA:3802,1
DA:3803,1
DA:3804,1
DA:3805,1
DA:3806,1
DA:3807,2
DA:3814,3
DA:3815,2
DA:3816,2
DA:3817,3
DA:3819,1
DA:3820,2
DA:3821,1
DA:3822,2
DA:3826,1
DA:3827,1
DA:3828,1
DA:3829,1
DA:3830,1
DA:3831,1
DA:3832,1
DA:3833,1
DA:3834,1
DA:3835,1
DA:3836,1
DA:3840,5
DA:3841,5
DA:3842,3
DA:3845,6
DA:3846,2
DA:3849,6
DA:3850,3
DA:3853,5
DA:3854,2
DA:3857,5
DA:3858,3
DA:3860,2
DA:3862,5
DA:3863,2
DA:3866,1
DA:3873,4
DA:3874,2
DA:3875,2
DA:3876,1
DA:3877,1
DA:3878,5
DA:3879,5
DA:3880,4
DA:3882,3
DA:3883,3
DA:3884,3
DA:3885,3
DA:3886,2
DA:3888,1
DA:3889,1
DA:3890,1
DA:3891,1
DA:3892,1
DA:3893,2
DA:3903,2
DA:3904,2
DA:3905,2
DA:3908,1
DA:3909,1
DA:3910,1
DA:3914,1
DA:3915,2
DA:3916,1
DA:3917,1
DA:3918,3
DA:3919,4
DA:3920,2
DA:3921,1
DA:3925,3
DA:3928,1
DA:3929,1
DA:3930,2
DA:3931,1
DA:3932,1
DA:3935,3
DA:3938,4
DA:3939,2
DA:3940,2
DA:3941,1
DA:3942,1
DA:3943,4
DA:3945,3
DA:3946,3
DA:3947,2
DA:3949,1
DA:3950,1
DA:3951,1
DA:3952,1
DA:3953,1
DA:3954,2
DA:3964,3
DA:3966,3
DA:3967,5
DA:3968,4
DA:3971,1
DA:3972,3
DA:3973,1
DA:3974,1
DA:3977,1
DA:3978,1
DA:3979,1
DA:3980,1
DA:3981,3
DA:3982,3
DA:3983,3
DA:3984,3
DA:3985,3
DA:3986,3
DA:3987,1
DA:3988,1
DA:3994,3
DA:3996,3
DA:3997,5
DA:3998,5
DA:3999,4
DA:4002,1
DA:4003,3
DA:4004,1
DA:4005,1
DA:4008,1
DA:4009,1
DA:4010,1
DA:4011,1
DA:4012,3
DA:4013,3
DA:4014,3
DA:4015,3
DA:4016,3
DA:4017,3
DA:4018,1
DA:4019,1
DA:4025,3
DA:4027,3
DA:4028,4
DA:4031,1
DA:4032,3
DA:4033,1
DA:4034,1
DA:4037,1
DA:4038,1
DA:4039,1
DA:4040,1
DA:4041,3
DA:4042,3
DA:4043,3
DA:4044,3
DA:4045,3
DA:4046,3
DA:4047,1
DA:4048,1
DA:4059,2
DA:4060,2
DA:4061,2
DA:4062,2
DA:4065,1
DA:4066,1
DA:4068,1
DA:4070,9
DA:4073,1
DA:4074,2
DA:4075,1
DA:4076,1
DA:4077,5
DA:4078,5
DA:4079,4
DA:4080,2
DA:4081,1
DA:4086,1
DA:4087,1
DA:4088,1
DA:4095,1
DA:4096,2
DA:4097,1
DA:4098,1
DA:4099,4
DA:4100,2
DA:4101,1
DA:4106,1
DA:4107,1
DA:4108,1
DA:4115,1
DA:4116,2
DA:4117,1
DA:4118,1
DA:4119,4
DA:4120,2
DA:4121,1
DA:4127,1
DA:4128,1
DA:4129,2
DA:4130,11
DA:4132,5
DA:4133,4
DA:4134,2
DA:4135,1
DA:4140,1
DA:4141,1
DA:4142,7
DA:4143,4
DA:4144,1
DA:4145,1
DA:4149,1
DA:4150,1
DA:4151,7
DA:4152,4
DA:4153,1
DA:4154,1
DA:4158,1
DA:4159,1
DA:4160,3
DA:4161,3
DA:4162,3
DA:4163,1
DA:4164,3
DA:4165,1
DA:4166,2
DA:4169,1
DA:4170,1
DA:4171,1
DA:4172,2
DA:4173,1
DA:4174,2
DA:4175,1
DA:4185,2
DA:4186,2
DA:4187,1
DA:4188,1
DA:4191,1
DA:4192,1
DA:4193,1
DA:4194,1
DA:4198,1
DA:4199,2
DA:4200,1
DA:4201,1
DA:4202,4
DA:4203,4
DA:4204,2
DA:4205,1
DA:4209,3
DA:4212,1
DA:4213,1
DA:4214,3
DA:4215,1
DA:4216,1
DA:4219,3
DA:4222,4
DA:4225,4
DA:4226,2
DA:4227,2
DA:4228,1
DA:4229,1
DA:4230,4
DA:4232,3
DA:4233,3
DA:4234,3
DA:4235,5
DA:4236,2
DA:4237,3
DA:4239,1
DA:4241,2
DA:4242,1
DA:4243,1
DA:4244,1
DA:4246,3
DA:4247,3
DA:4249,1
DA:4250,1
DA:4251,3
DA:4257,2
DA:4258,2
DA:4259,1
DA:4261,1
DA:4264,1
DA:4265,1
DA:4266,1
DA:4267,1
DA:4271,1
DA:4272,2
DA:4273,1
DA:4274,1
DA:4275,4
DA:4276,4
DA:4277,2
DA:4278,1
DA:4282,3
DA:4285,1
DA:4286,1
DA:4287,3
DA:4288,1
DA:4289,1
DA:4292,3
DA:4295,4
DA:4298,4
DA:4299,2
DA:4300,2
DA:4301,1
DA:4302,1
DA:4303,4
DA:4305,3
DA:4306,3
DA:4307,3
DA:4308,5
DA:4309,2
DA:4310,3
DA:4312,1
DA:4314,2
DA:4315,1
DA:4316,1
DA:4317,1
DA:4319,3
DA:4320,3
DA:4322,1
DA:4323,1
DA:4324,3
DA:4330,2
DA:4331,2
DA:4332,1
DA:4333,1
DA:4336,1
DA:4337,1
DA:4338,1
DA:4339,1
DA:4343,1
DA:4344,2
DA:4345,1
DA:4346,1
DA:4347,4
DA:4348,4
DA:4349,2
DA:4350,1
DA:4354,3
DA:4357,1
DA:4358,1
DA:4359,3
DA:4360,1
DA:4361,1
DA:4364,3
DA:4367,4
DA:4370,4
DA:4371,2
DA:4372,2
DA:4373,1
DA:4374,1
DA:4375,4
DA:4377,3
DA:4378,3
DA:4379,3
DA:4380,5
DA:4381,2
DA:4382,3
DA:4384,1
DA:4386,2
DA:4387,1
DA:4388,1
DA:4389,1
DA:4391,3
DA:4392,3
DA:4394,1
DA:4395,1
DA:4396,1
DA:4397,2
DA:4398,1
DA:4399,2
DA:4400,2
LF:2638
LH:2635
end_of_record
TN:/home/pi/proj/sundae/sundae-contracts/validators/tests/pool_scoop.ak
SF:/home/pi/proj/sundae/sundae-contracts/validators/tests/pool_scoop.ak
DA:41,1
DA:42,1
DA:43,2
DA:44,2
DA:45,2
DA:46,1
DA:47,3
DA:48,1
DA:49,2
DA:58,1
DA:59,9
DA:61,5
DA:62,4
DA:63,4
DA:67,1
DA:68,3
DA:69,3
DA:70,5
DA:71,1
DA:73,3
DA:74,3
DA:76,7
DA:78,1
DA:79,1
DA:80,1
DA:81,2
DA:82,2
DA:83,2
DA:84,1
DA:89,3
DA:90,5
DA:91,4
DA:93,7
DA:95,1
DA:96,3
DA:97,3
DA:98,3
DA:99,1
DA:101,3
DA:103,5
DA:105,1
DA:106,1
DA:107,1
DA:108,2
DA:109,2
DA:110,2
DA:111,1
DA:116,1
DA:117,5
DA:120,1
DA:121,1
DA:122,1
DA:128,1
DA:129,3
DA:130,1
DA:131,1
DA:132,4
DA:133,2
DA:134,1
DA:138,7
DA:139,7
DA:140,3
DA:142,5
DA:144,1
DA:145,1
DA:146,1
DA:147,2
DA:148,2
DA:149,2
DA:150,1
DA:155,1
DA:156,7
DA:158,5
DA:159,4
DA:162,1
DA:163,3
DA:164,3
DA:165,3
DA:166,1
DA:171,1
DA:172,1
DA:173,7
DA:174,1
DA:175,1
DA:178,5
DA:180,1
DA:181,1
DA:182,1
DA:183,2
DA:184,2
DA:185,2
DA:186,1
DA:191,1
DA:192,7
DA:194,5
DA:195,4
DA:199,1
DA:200,1
DA:201,9
DA:202,6
DA:203,2
DA:204,1
DA:206,3
DA:208,5
DA:210,1
DA:211,1
DA:212,1
DA:213,2
DA:214,2
DA:215,2
DA:216,1
DA:221,1
DA:223,3
DA:225,5
DA:226,4
DA:229,9
DA:230,3
DA:232,5
DA:234,1
DA:235,1
DA:236,1
DA:237,2
DA:238,2
DA:239,2
DA:240,1
DA:245,1
DA:246,7
DA:248,5
DA:249,4
DA:252,1
DA:253,3
DA:254,3
DA:255,3
DA:256,1
DA:258,3
DA:262,1
DA:263,1
DA:264,2
DA:265,2
DA:266,2
DA:267,1
DA:268,3
DA:269,1
DA:270,2
DA:273,1
DA:274,1
DA:275,1
DA:276,2
DA:277,2
DA:278,2
DA:279,1
DA:285,3
DA:286,7
DA:288,5
DA:289,4
DA:293,1
DA:294,3
DA:295,3
DA:296,3
DA:297,1
DA:299,3
DA:301,5
DA:303,1
DA:304,1
DA:305,1
DA:306,2
DA:307,2
DA:308,2
DA:309,1
DA:318,1
DA:319,7
DA:321,5
DA:322,4
DA:325,1
DA:326,3
DA:327,3
DA:328,3
DA:329,1
DA:331,3
DA:333,5
DA:335,1
DA:336,1
DA:337,1
DA:338,2
DA:339,2
DA:340,2
DA:341,1
DA:346,1
DA:347,7
DA:349,5
DA:350,4
DA:353,1
DA:354,3
DA:355,3
DA:356,3
DA:357,1
DA:359,5
DA:361,5
DA:363,1
DA:364,1
DA:365,1
DA:366,2
DA:367,2
DA:368,2
DA:369,1
DA:378,1
DA:380,1
DA:381,1
DA:382,1
DA:383,1
DA:386,5
DA:387,4
DA:388,4
DA:391,1
DA:392,1
DA:393,3
DA:394,5
DA:395,5
DA:396,2
DA:397,1
DA:400,3
DA:401,4
DA:404,1
DA:405,1
DA:406,3
DA:407,2
DA:408,3
DA:409,6
DA:410,1
DA:411,3
DA:412,1
DA:413,2
DA:416,1
DA:417,1
DA:418,1
DA:419,2
DA:420,1
DA:425,2
DA:426,1
DA:435,1
DA:436,7
DA:438,5
DA:439,4
DA:442,1
DA:443,3
DA:444,3
DA:445,3
DA:446,1
DA:451,1
DA:452,1
DA:453,7
DA:454,3
DA:455,1
DA:458,5
DA:460,1
DA:461,1
DA:462,1
DA:463,2
DA:464,2
DA:465,2
DA:466,1
DA:475,1
DA:476,7
DA:478,5
DA:479,4
DA:483,1
DA:484,1
DA:485,9
DA:486,7
DA:487,5
DA:488,2
DA:489,1
DA:491,3
DA:493,5
DA:495,1
DA:496,1
DA:497,1
DA:498,2
DA:499,2
DA:500,2
DA:501,1
DA:506,1
DA:507,7
DA:509,5
DA:510,4
DA:514,1
DA:515,1
DA:519,9
DA:520,7
DA:521,5
DA:522,2
DA:523,1
DA:525,3
DA:527,5
DA:529,1
DA:530,1
DA:531,1
DA:532,2
DA:533,2
DA:534,2
DA:535,1
DA:540,1
DA:541,7
DA:545,1
DA:546,3
DA:547,1
DA:548,1
DA:552,5
DA:553,5
DA:554,5
DA:555,2
DA:556,1
DA:559,4
DA:563,1
DA:564,1
DA:568,9
DA:569,7
DA:570,5
DA:571,2
DA:572,1
DA:574,3
DA:576,5
DA:578,1
DA:579,1
DA:580,1
DA:581,2
DA:582,2
DA:583,2
DA:584,1
DA:590,1
DA:591,9
DA:593,5
DA:594,4
DA:595,4
DA:598,1
DA:599,3
DA:600,3
DA:601,5
DA:602,1
DA:606,3
DA:607,3
DA:609,7
DA:611,1
DA:612,1
DA:613,1
DA:614,2
DA:615,2
DA:616,2
DA:617,1
DA:626,1
DA:628,1
DA:629,1
DA:630,1
DA:631,5
DA:634,5
DA:635,3
DA:639,1
DA:640,3
DA:641,3
DA:642,3
DA:643,1
DA:645,5
DA:648,1
DA:649,1
DA:650,2
DA:651,2
DA:652,2
DA:653,6
DA:654,1
DA:655,3
DA:656,1
DA:657,2
DA:660,1
DA:661,1
DA:662,1
DA:663,2
DA:664,2
DA:665,2
DA:666,1
DA:671,1
DA:673,1
DA:674,1
DA:675,1
DA:676,7
DA:679,5
DA:680,4
DA:681,3
DA:685,1
DA:686,5
DA:687,5
DA:688,5
DA:689,1
DA:692,3
DA:693,5
DA:696,1
DA:697,1
DA:698,3
DA:699,2
DA:700,3
DA:701,6
DA:702,1
DA:703,3
DA:704,1
DA:705,2
DA:708,1
DA:709,1
DA:710,1
DA:711,2
DA:712,1
DA:717,2
DA:718,1
DA:728,1
DA:729,7
DA:731,5
DA:735,1
DA:736,1
DA:737,1
DA:743,1
DA:744,3
DA:745,1
DA:746,1
DA:747,6
DA:748,2
DA:749,1
DA:754,1
DA:755,3
DA:756,3
DA:757,3
DA:758,1
DA:760,3
DA:762,5
DA:764,1
DA:765,1
DA:766,1
DA:767,2
DA:768,2
DA:769,2
DA:770,1
DA:776,1
DA:777,7
DA:779,5
DA:783,1
DA:784,1
DA:785,1
DA:791,1
DA:792,3
DA:793,1
DA:794,1
DA:795,6
DA:796,2
DA:797,1
DA:802,1
DA:803,3
DA:804,3
DA:805,3
DA:806,1
DA:808,3
DA:810,5
DA:812,1
DA:813,1
DA:814,1
DA:815,2
DA:816,2
DA:817,2
DA:818,1
DA:830,2
DA:831,2
DA:832,7
DA:834,5
DA:835,4
DA:838,1
DA:839,3
DA:840,3
DA:841,3
DA:842,1
DA:844,3
DA:848,1
DA:849,1
DA:850,2
DA:851,2
DA:852,2
DA:853,1
DA:854,3
DA:855,1
DA:856,2
DA:859,1
DA:860,1
DA:861,1
DA:862,2
DA:863,1
DA:864,2
DA:865,1
DA:872,1
DA:873,7
DA:875,5
DA:876,4
DA:879,1
DA:880,3
DA:881,3
DA:882,3
DA:883,1
DA:885,3
DA:889,1
DA:890,1
DA:891,2
DA:892,2
DA:893,2
DA:894,1
DA:895,3
DA:896,1
DA:897,2
DA:900,1
DA:901,1
DA:902,1
DA:903,2
DA:904,1
DA:905,2
DA:906,1
DA:914,2
DA:915,2
DA:916,7
DA:918,5
DA:919,4
DA:922,1
DA:923,3
DA:924,3
DA:925,3
DA:926,1
DA:928,3
DA:931,5
DA:933,1
DA:934,1
DA:935,1
DA:936,2
DA:937,2
DA:938,2
DA:939,1
DA:947,2
DA:948,2
DA:949,7
DA:951,5
DA:952,4
DA:955,1
DA:956,3
DA:957,3
DA:958,3
DA:959,1
DA:961,3
DA:965,1
DA:966,1
DA:967,2
DA:968,2
DA:969,2
DA:970,1
DA:971,3
DA:972,1
DA:973,2
DA:976,1
DA:977,1
DA:978,1
DA:979,2
DA:980,1
DA:981,2
DA:982,1
LF:564
LH:564
end_of_record
TN:/home/pi/proj/sundae/sundae-contracts/validators/tests/pool_stake.ak
SF:/home/pi/proj/sundae/sundae-contracts/validators/tests/pool_stake.ak
DA:21,1
DA:25,1
DA:26,1
DA:27,1
DA:28,1
DA:29,1
DA:30,1
DA:31,1
DA:32,1
DA:33,1
DA:34,1
DA:35,1
DA:36,1
DA:37,1
DA:42,2
DA:43,1
DA:44,2
DA:45,1
DA:46,2
DA:48,1
DA:49,4
DA:55,5
DA:66,4
DA:67,2
DA:70,4
DA:71,2
DA:72,3
DA:73,3
DA:74,2
DA:77,1
DA:78,3
DA:80,1
DA:83,1
DA:84,2
DA:86,1
DA:91,4
DA:97,1
DA:98,1
DA:99,1
DA:100,1
DA:101,2
DA:102,1
DA:103,1
DA:104,1
DA:110,1
DA:111,1
DA:112,1
DA:113,1
DA:114,4
DA:115,1
DA:116,1
DA:117,1
DA:125,1
DA:126,1
DA:127,1
DA:128,1
DA:129,2
DA:130,1
DA:131,1
DA:132,1
DA:138,1
DA:139,1
DA:140,1
DA:141,1
DA:142,4
DA:143,1
DA:144,1
DA:145,1
DA:151,1
DA:152,1
DA:153,1
DA:154,1
DA:155,2
DA:156,1
DA:157,1
DA:158,1
DA:164,1
DA:165,1
DA:166,1
DA:167,1
DA:168,1
DA:169,2
DA:170,1
DA:171,1
DA:172,1
DA:178,1
DA:180,4
DA:181,2
DA:182,3
DA:183,3
DA:184,2
DA:186,1
DA:187,1
DA:188,2
DA:190,1
DA:199,4
DA:200,2
DA:201,2
DA:204,1
DA:205,3
DA:207,1
DA:211,1
DA:212,1
DA:213,2
DA:215,3
DA:220,3
DA:224,3
LF:107
LH:107
end_of_record
TN:/home/pi/proj/sundae/sundae-contracts/validators/tests/settings.ak
SF:/home/pi/proj/sundae/sundae-contracts/validators/tests/settings.ak
DA:28,1
DA:45,2
DA:49,4
DA:53,7
DA:54,2
DA:58,6
DA:59,2
DA:69,2
DA:71,4
DA:72,2
DA:73,3
DA:74,5
DA:75,3
DA:76,3
DA:78,1
DA:79,1
DA:80,2
DA:81,1
DA:82,2
DA:83,2
DA:91,4
DA:93,1
DA:95,6
DA:96,2
DA:99,7
DA:100,5
DA:103,4
DA:104,2
DA:105,4
DA:106,3
DA:107,2
DA:109,1
DA:110,1
DA:112,1
DA:113,2
DA:118,2
DA:122,2
DA:128,1
DA:129,6
DA:133,1
DA:134,2
DA:136,1
DA:138,7
DA:139,5
DA:141,6
DA:142,5
DA:145,4
DA:146,2
DA:147,3
DA:148,3
DA:149,5
DA:150,3
DA:151,3
DA:152,3
DA:154,1
DA:155,1
DA:156,2
DA:157,1
DA:158,2
DA:159,2
DA:166,1
DA:168,1
DA:169,1
DA:170,1
DA:172,1
DA:173,1
DA:174,1
DA:175,1
DA:176,1
DA:177,1
DA:182,1
DA:183,3
DA:184,1
DA:185,1
DA:186,1
DA:187,1
DA:188,1
DA:189,1
DA:194,1
DA:195,1
DA:197,1
DA:198,1
DA:200,1
DA:201,2
DA:204,1
DA:205,1
DA:206,1
DA:207,1
DA:208,1
DA:209,1
DA:214,1
DA:216,1
DA:217,1
DA:218,1
DA:220,1
DA:221,1
DA:222,1
DA:223,1
DA:224,1
DA:225,1
DA:230,1
DA:231,3
DA:232,1
DA:233,1
DA:234,1
DA:235,1
DA:236,1
DA:237,1
DA:242,1
DA:244,1
DA:245,1
DA:246,1
DA:249,1
DA:250,1
DA:251,1
DA:252,1
DA:253,1
DA:254,1
LF:118
LH:118
end_of_record
TN:/home/pi/proj/sundae/sundae-contracts/validators/tests/stake.ak
SF:/home/pi/proj/sundae/sundae-contracts/validators/tests/stake.ak
DA:13,1
DA:17,1
DA:21,1
DA:22,1
DA:23,3
DA:24,5
DA:25,1
DA:26,1
DA:31,1
DA:32,1
DA:33,3
DA:34,5
DA:35,1
DA:36,1
DA:41,1
DA:42,1
DA:43,1
DA:44,3
DA:45,5
DA:46,1
DA:47,1
DA:52,1
DA:53,1
DA:54,2
DA:55,1
DA:56,1
DA:61,1
DA:63,1
DA:64,1
DA:65,1
DA:66,1
DA:67,3
DA:71,1
DA:72,1
DA:74,1
DA:77,3
DA:83,2
DA:88,1
DA:89,1
DA:90,3
DA:91,6
DA:92,5
DA:93,1
DA:94,1
DA:96,2
DA:102,2
DA:106,2
DA:110,2
DA:114,2
DA:118,3
DA:123,1
DA:124,1
DA:125,1
DA:126,3
DA:130,1
DA:131,1
DA:133,1
DA:139,3
LF:58
LH:58
end_of_record
