TN:/home/pi/proj/sundae/sundae-contracts/lib/calculation/deposit.ak
SF:/home/pi/proj/sundae/sundae-contracts/lib/calculation/deposit.ak
DA:32,2
DA:33,2
DA:37,3
DA:38,3
DA:39,3
DA:40,3
DA:52,3
DA:54,3
DA:56,0
DA:58,1
DA:59,2
DA:60,8
DA:65,3
DA:68,1
DA:69,2
DA:70,6
DA:76,5
DA:79,1
DA:82,3
DA:86,9
DA:87,2
DA:89,2
DA:100,5
DA:103,3
DA:109,1
DA:110,8
DA:111,8
DA:112,6
DA:113,4
DA:118,3
DA:120,1
DA:122,3
DA:123,3
DA:126,0
DA:127,0
DA:129,0
DA:130,0
DA:136,1
DA:137,3
DA:138,3
DA:139,3
DA:145,1
DA:151,1
DA:153,1
DA:154,1
DA:156,1
DA:157,1
DA:158,5
DA:159,5
DA:162,3
DA:163,6
DA:165,10
DA:167,1
DA:168,1
DA:169,1
DA:172,1
DA:173,3
DA:174,2
DA:178,1
DA:179,1
DA:180,3
DA:181,6
DA:182,1
DA:183,1
DA:186,1
DA:187,1
DA:188,1
DA:189,2
DA:190,1
DA:198,1
DA:199,3
DA:200,3
DA:201,3
DA:202,3
DA:203,3
DA:204,3
DA:205,3
DA:206,3
DA:207,3
DA:208,1
DA:209,1
DA:210,2
DA:211,1
DA:212,1
DA:214,2
DA:215,2
DA:216,4
DA:217,1
LF:88
LH:83
end_of_record
TN:/home/pi/proj/sundae/sundae-contracts/lib/calculation/donation.ak
SF:/home/pi/proj/sundae/sundae-contracts/lib/calculation/donation.ak
DA:36,2
DA:37,1
DA:40,1
DA:43,2
DA:44,2
DA:45,2
DA:46,2
DA:49,1
DA:50,6
DA:51,6
DA:52,5
DA:54,3
DA:58,2
DA:63,3
DA:64,1
DA:66,3
DA:67,3
DA:70,0
DA:71,0
DA:73,0
DA:74,0
DA:84,1
DA:85,3
DA:86,3
DA:87,1
LF:25
LH:21
end_of_record
TN:/home/pi/proj/sundae/sundae-contracts/lib/calculation/process.ak
SF:/home/pi/proj/sundae/sundae-contracts/lib/calculation/process.ak
DA:45,1
DA:53,1
DA:54,2
DA:55,2
DA:56,2
DA:60,2
DA:61,1
DA:63,0
DA:70,1
DA:71,1
DA:74,1
DA:75,1
DA:76,1
DA:77,7
DA:78,1
DA:79,1
DA:80,5
DA:81,1
DA:82,2
DA:83,1
DA:84,1
DA:85,1
DA:86,1
DA:92,1
DA:93,2
DA:94,1
DA:145,1
DA:148,0
DA:150,0
DA:151,0
DA:152,0
DA:153,0
DA:154,0
DA:155,0
DA:157,0
DA:167,0
DA:174,0
DA:182,0
DA:189,2
DA:191,3
DA:192,3
DA:198,1
DA:199,1
DA:200,1
DA:201,1
DA:202,1
DA:203,1
DA:204,1
DA:205,1
DA:206,1
DA:207,1
DA:208,1
DA:209,1
DA:210,1
DA:211,1
DA:212,1
DA:214,5
DA:217,2
DA:220,3
DA:221,3
DA:228,1
DA:229,1
DA:230,1
DA:231,1
DA:232,1
DA:233,1
DA:234,1
DA:235,1
DA:236,1
DA:237,1
DA:238,1
DA:239,1
DA:240,1
DA:241,1
DA:242,1
DA:244,5
DA:247,2
DA:250,3
DA:251,3
DA:258,1
DA:259,1
DA:260,1
DA:261,1
DA:262,1
DA:263,1
DA:264,1
DA:265,1
DA:266,1
DA:267,1
DA:268,1
DA:269,1
DA:270,1
DA:271,1
DA:272,1
DA:274,5
DA:280,2
DA:283,3
DA:284,3
DA:291,1
DA:292,1
DA:293,1
DA:294,1
DA:295,1
DA:296,1
DA:297,1
DA:298,1
DA:299,1
DA:300,1
DA:301,1
DA:302,1
DA:307,1
DA:308,0
DA:310,5
DA:315,0
DA:316,0
DA:317,0
DA:318,0
DA:319,0
DA:320,0
DA:321,0
DA:322,0
DA:323,0
DA:380,1
DA:382,1
DA:383,1
DA:384,1
DA:385,1
DA:386,1
DA:387,1
DA:392,3
DA:400,3
DA:401,5
DA:403,3
DA:406,2
DA:407,2
DA:413,4
DA:420,4
DA:421,2
DA:422,1
DA:423,1
DA:425,3
DA:427,1
DA:428,1
DA:429,0
DA:430,4
DA:440,1
DA:441,1
DA:442,1
DA:443,1
DA:444,1
DA:445,1
DA:446,1
DA:447,1
DA:448,1
DA:449,1
DA:450,1
DA:451,1
DA:452,1
DA:453,1
DA:454,1
DA:455,2
DA:456,1
DA:457,1
DA:458,1
DA:459,1
DA:460,1
DA:461,1
DA:462,1
DA:463,1
DA:464,1
DA:468,1
DA:475,1
DA:478,1
DA:481,1
DA:482,1
DA:489,3
DA:493,1
DA:494,1
DA:495,1
DA:496,1
DA:497,1
DA:506,1
DA:512,1
DA:514,1
DA:515,1
DA:517,1
DA:518,1
DA:519,5
DA:520,5
DA:524,1
DA:525,1
DA:526,1
DA:529,1
DA:530,3
DA:531,1
DA:533,5
DA:534,5
DA:541,1
DA:542,1
DA:543,2
DA:544,1
DA:545,1
DA:549,1
DA:550,1
DA:554,3
DA:555,6
DA:556,2
DA:557,1
DA:560,1
DA:562,1
DA:563,1
DA:564,3
DA:565,1
DA:569,1
DA:570,1
DA:574,1
DA:576,3
DA:579,1
DA:581,1
DA:583,1
DA:592,1
DA:593,1
DA:594,1
DA:595,1
DA:596,1
DA:597,3
DA:598,3
DA:599,3
DA:600,3
DA:601,3
DA:602,3
DA:603,3
DA:604,3
DA:605,3
DA:606,1
DA:607,1
DA:608,1
DA:609,1
DA:610,1
DA:611,1
DA:612,1
DA:613,1
DA:614,1
DA:615,1
DA:616,1
DA:617,1
DA:618,1
DA:621,2
DA:622,2
DA:623,2
DA:624,2
DA:625,2
DA:626,1
DA:631,1
DA:637,1
DA:639,1
DA:640,1
DA:642,1
DA:643,1
DA:644,5
DA:645,5
DA:648,1
DA:649,1
DA:650,1
DA:653,1
DA:654,3
DA:655,1
DA:657,5
DA:658,5
DA:665,1
DA:666,1
DA:667,2
DA:668,1
DA:669,1
DA:673,1
DA:674,1
DA:678,3
DA:679,6
DA:680,2
DA:681,1
DA:684,1
DA:686,1
DA:687,1
DA:688,3
DA:689,1
DA:693,1
DA:694,1
DA:698,1
DA:700,3
DA:704,10
DA:705,10
DA:706,10
DA:710,1
DA:719,1
DA:728,1
DA:729,1
DA:730,1
DA:731,1
DA:732,1
DA:733,3
DA:734,3
DA:735,3
DA:736,3
DA:737,3
DA:738,3
DA:739,3
DA:740,3
DA:741,3
DA:742,1
DA:743,1
DA:744,1
DA:745,1
DA:746,1
DA:747,1
DA:748,1
DA:749,1
DA:750,1
DA:751,1
DA:752,1
DA:753,1
DA:754,1
DA:757,10
LF:322
LH:299
end_of_record
TN:/home/pi/proj/sundae/sundae-contracts/lib/calculation/record.ak
SF:/home/pi/proj/sundae/sundae-contracts/lib/calculation/record.ak
DA:22,2
DA:23,6
DA:24,6
DA:27,3
DA:28,1
DA:34,3
DA:36,0
LF:7
LH:6
end_of_record
TN:/home/pi/proj/sundae/sundae-contracts/lib/calculation/shared.ak
SF:/home/pi/proj/sundae/sundae-contracts/lib/calculation/shared.ak
DA:24,3
DA:25,1
DA:27,1
DA:28,1
DA:29,1
DA:30,1
DA:31,1
DA:32,1
DA:33,1
DA:34,1
DA:35,1
DA:36,1
DA:37,1
DA:38,1
DA:39,1
DA:40,1
DA:41,1
DA:43,3
DA:45,3
DA:46,1
DA:47,1
DA:48,1
DA:49,1
DA:50,1
DA:51,1
DA:52,1
DA:53,1
DA:55,3
DA:58,3
DA:64,2
DA:65,1
DA:67,5
DA:77,3
DA:83,2
DA:86,3
DA:93,3
DA:104,7
DA:121,1
DA:129,1
DA:130,3
DA:131,3
DA:132,3
DA:134,7
DA:135,3
DA:137,7
DA:138,3
DA:140,7
DA:141,0
DA:143,0
DA:150,0
LF:50
LH:47
end_of_record
TN:/home/pi/proj/sundae/sundae-contracts/lib/calculation/strategy.ak
SF:/home/pi/proj/sundae/sundae-contracts/lib/calculation/strategy.ak
DA:17,3
DA:19,3
DA:20,1
DA:22,3
DA:24,1
DA:28,3
DA:30,3
DA:31,1
DA:33,3
DA:35,1
DA:40,3
DA:42,3
DA:43,3
DA:45,3
DA:47,1
DA:51,3
DA:53,3
DA:54,3
DA:56,3
DA:58,1
DA:61,1
DA:62,1
DA:79,2
DA:80,2
DA:83,2
DA:87,3
DA:88,1
DA:94,2
DA:95,2
DA:96,4
DA:97,1
DA:100,4
DA:101,1
LF:33
LH:33
end_of_record
TN:/home/pi/proj/sundae/sundae-contracts/lib/calculation/swap.ak
SF:/home/pi/proj/sundae/sundae-contracts/lib/calculation/swap.ak
DA:50,3
DA:54,6
DA:55,1
DA:56,1
DA:57,1
DA:60,2
DA:61,3
DA:63,1
DA:66,3
DA:74,3
DA:75,3
DA:78,3
DA:79,5
DA:80,3
DA:82,3
DA:89,3
DA:90,3
DA:91,5
DA:92,3
DA:93,2
DA:95,2
DA:110,4
DA:111,3
DA:114,3
DA:119,1
DA:120,6
DA:121,6
DA:122,4
DA:124,4
DA:153,2
DA:154,1
DA:159,1
DA:162,2
DA:170,1
DA:172,2
DA:173,2
DA:176,1
DA:177,1
DA:179,2
DA:180,2
DA:187,4
DA:188,2
DA:191,2
DA:192,2
DA:199,1
DA:200,1
DA:201,1
DA:202,1
DA:203,1
DA:204,1
DA:205,1
DA:206,1
DA:207,1
DA:208,1
DA:209,1
DA:210,1
DA:214,2
DA:218,3
DA:219,7
DA:220,4
DA:223,3
DA:224,3
DA:230,1
DA:231,1
DA:232,1
DA:233,1
DA:234,1
DA:235,1
DA:236,1
DA:237,1
DA:238,1
DA:239,1
DA:240,1
DA:241,1
DA:245,2
DA:247,4
DA:248,7
DA:251,0
LF:78
LH:77
end_of_record
TN:/home/pi/proj/sundae/sundae-contracts/lib/calculation/withdrawal.ak
SF:/home/pi/proj/sundae/sundae-contracts/lib/calculation/withdrawal.ak
DA:35,2
DA:36,2
DA:40,2
DA:41,2
DA:47,6
DA:53,5
DA:54,5
DA:61,1
DA:62,6
DA:63,6
DA:64,5
DA:65,4
DA:70,3
DA:72,1
DA:74,3
DA:75,3
DA:78,0
DA:79,0
DA:81,0
DA:82,0
DA:88,1
DA:89,3
DA:90,3
DA:91,3
LF:24
LH:20
end_of_record
TN:/home/pi/proj/sundae/sundae-contracts/lib/shared.ak
SF:/home/pi/proj/sundae/sundae-contracts/lib/shared.ak
DA:33,1
DA:34,4
DA:47,2
DA:48,0
DA:49,0
DA:50,2
DA:60,5
DA:61,2
DA:69,5
DA:77,2
DA:78,3
DA:79,1
DA:81,5
DA:135,1
DA:136,1
DA:137,0
DA:145,1
DA:148,1
DA:154,4
DA:155,4
DA:156,2
DA:163,14
DA:167,3
DA:171,3
DA:178,2
DA:180,3
DA:181,1
DA:187,2
DA:188,2
DA:189,1
DA:190,3
DA:191,1
DA:198,3
DA:199,5
DA:200,4
DA:201,3
DA:204,3
DA:205,4
DA:206,3
DA:209,3
DA:210,4
DA:211,4
DA:212,1
DA:218,3
DA:223,3
DA:228,3
DA:237,2
DA:238,2
DA:239,2
DA:246,1
DA:247,2
DA:249,1
DA:250,2
DA:251,1
DA:252,1
DA:253,2
DA:254,1
DA:255,1
DA:260,1
DA:261,2
DA:263,1
DA:264,2
DA:265,1
DA:266,1
DA:267,2
DA:268,1
DA:269,1
DA:273,1
DA:274,2
DA:275,1
DA:276,1
DA:277,2
DA:278,1
DA:279,1
DA:283,2
DA:285,1
DA:286,2
DA:287,1
DA:288,1
DA:289,2
DA:290,1
DA:291,1
DA:297,6
DA:298,6
DA:299,4
DA:302,3
DA:306,1
DA:311,3
DA:312,3
LF:89
LH:86
end_of_record
TN:/home/pi/proj/sundae/sundae-contracts/lib/tests/aiken/deposit.ak
SF:/home/pi/proj/sundae/sundae-contracts/lib/tests/aiken/deposit.ak
DA:28,5
DA:29,1
DA:30,3
DA:31,3
DA:32,3
DA:43,3
DA:47,1
DA:50,2
DA:51,3
DA:52,3
DA:56,1
DA:57,1
DA:58,6
DA:59,2
DA:60,1
DA:65,1
DA:66,1
DA:67,3
DA:68,5
DA:69,1
DA:70,1
DA:74,1
DA:75,3
DA:76,3
DA:77,3
DA:78,3
DA:79,3
DA:80,3
DA:81,3
DA:82,3
DA:83,3
DA:84,1
DA:85,1
DA:86,2
DA:87,1
DA:88,1
DA:90,1
DA:96,3
DA:100,1
DA:103,2
DA:104,3
DA:105,3
DA:108,1
DA:109,1
DA:110,6
DA:111,2
DA:112,1
DA:116,1
DA:117,1
DA:118,2
DA:119,1
DA:120,1
DA:124,1
DA:125,3
DA:126,3
DA:127,3
DA:128,3
DA:129,3
DA:130,3
DA:131,3
DA:132,3
DA:133,3
DA:134,1
DA:135,1
DA:136,2
DA:137,1
DA:138,1
DA:140,0
LF:68
LH:67
end_of_record
TN:/home/pi/proj/sundae/sundae-contracts/lib/tests/aiken/donation.ak
SF:/home/pi/proj/sundae/sundae-contracts/lib/tests/aiken/donation.ak
DA:21,1
DA:34,1
DA:38,1
DA:41,2
DA:42,3
DA:43,3
DA:47,1
DA:48,1
DA:49,6
DA:50,2
DA:51,1
DA:56,1
DA:57,1
DA:58,2
DA:59,1
DA:60,1
DA:64,1
DA:65,3
DA:66,3
DA:67,3
DA:68,3
DA:69,3
DA:70,3
DA:71,1
DA:72,1
DA:73,2
DA:74,1
DA:75,1
DA:78,2
DA:79,2
DA:80,2
DA:81,1
DA:86,1
DA:90,1
DA:93,2
DA:94,3
DA:95,3
DA:98,1
DA:99,1
DA:100,6
DA:101,2
DA:102,1
DA:107,1
DA:108,1
DA:109,2
DA:110,1
DA:111,1
DA:115,1
DA:116,3
DA:117,3
DA:118,3
DA:119,3
DA:120,3
DA:121,3
DA:122,1
DA:123,1
DA:124,2
DA:125,1
DA:126,1
DA:129,1
DA:130,2
DA:132,2
DA:133,1
DA:138,1
DA:141,1
DA:144,2
DA:145,3
DA:146,3
DA:149,1
DA:150,1
DA:151,6
DA:152,2
DA:153,1
DA:158,1
DA:159,1
DA:160,2
DA:161,1
DA:162,1
DA:166,1
DA:167,3
DA:168,3
DA:169,3
DA:170,3
DA:171,3
DA:172,3
DA:173,1
DA:174,1
DA:175,2
DA:176,1
DA:177,1
DA:180,0
DA:181,0
DA:182,0
DA:183,0
LF:94
LH:90
end_of_record
TN:/home/pi/proj/sundae/sundae-contracts/lib/tests/aiken/record.ak
SF:/home/pi/proj/sundae/sundae-contracts/lib/tests/aiken/record.ak
DA:25,1
DA:30,3
DA:35,1
DA:36,1
DA:37,3
DA:38,1
DA:39,1
DA:40,1
DA:41,1
DA:51,1
DA:52,3
DA:55,1
DA:56,1
DA:57,2
DA:58,1
DA:59,1
DA:63,1
DA:64,1
DA:65,7
DA:66,2
DA:67,1
DA:70,1
DA:71,1
DA:72,1
DA:73,1
DA:74,1
DA:75,2
DA:81,1
DA:82,3
DA:83,3
DA:86,1
DA:87,1
DA:88,2
DA:89,1
DA:90,1
DA:95,1
DA:96,1
DA:97,7
DA:98,2
DA:99,1
DA:102,1
DA:103,1
DA:104,1
DA:105,1
DA:106,1
DA:107,2
DA:113,1
DA:114,3
DA:117,1
DA:118,1
DA:119,2
DA:120,1
DA:121,1
DA:126,1
DA:127,1
DA:128,2
DA:129,2
DA:130,1
DA:133,1
DA:134,1
DA:135,1
DA:136,1
DA:137,1
DA:138,2
DA:144,1
DA:145,3
DA:149,1
DA:150,1
DA:151,7
DA:152,1
DA:153,1
DA:157,1
DA:158,1
DA:159,7
DA:160,2
DA:161,1
DA:164,1
DA:165,1
DA:166,1
DA:167,1
DA:168,1
DA:169,2
LF:82
LH:82
end_of_record
TN:/home/pi/proj/sundae/sundae-contracts/lib/tests/aiken/strategy.ak
SF:/home/pi/proj/sundae/sundae-contracts/lib/tests/aiken/strategy.ak
DA:16,1
DA:23,1
DA:30,1
DA:40,1
DA:41,1
DA:42,1
DA:43,1
DA:56,3
DA:57,7
DA:63,1
DA:64,1
DA:65,3
DA:66,1
DA:67,1
DA:68,5
DA:69,1
DA:74,1
DA:75,1
DA:76,3
DA:77,1
DA:78,1
DA:79,5
DA:80,1
DA:85,1
DA:86,1
DA:87,3
DA:88,1
DA:89,1
DA:90,5
DA:91,1
DA:98,1
DA:99,1
DA:100,3
DA:101,1
DA:102,1
DA:103,5
DA:104,1
DA:111,1
DA:112,1
DA:113,3
DA:114,1
DA:115,1
DA:116,5
DA:117,1
DA:122,1
DA:123,1
DA:124,3
DA:125,1
DA:126,1
DA:127,5
DA:128,1
DA:133,1
DA:134,1
DA:135,3
DA:136,1
DA:137,1
DA:138,5
DA:139,1
DA:144,1
DA:145,1
DA:146,3
DA:147,1
DA:148,1
DA:149,5
DA:150,1
DA:157,1
DA:158,1
DA:159,3
DA:160,1
DA:161,1
DA:162,5
DA:163,1
DA:169,1
DA:170,1
DA:171,1
DA:172,3
DA:173,1
DA:174,1
DA:175,5
DA:176,2
DA:183,1
DA:184,1
DA:185,3
DA:186,1
DA:187,1
DA:188,5
DA:189,1
DA:194,1
DA:195,1
DA:196,3
DA:197,1
DA:198,1
DA:199,5
DA:200,1
DA:205,1
DA:206,1
DA:207,2
DA:208,1
DA:209,1
DA:210,5
DA:211,1
DA:216,1
DA:217,1
DA:218,2
DA:219,1
DA:220,1
DA:221,5
DA:222,1
DA:227,1
DA:228,1
DA:229,1
DA:230,1
DA:236,1
DA:237,1
DA:238,3
DA:239,1
DA:240,1
DA:241,4
DA:242,1
DA:247,1
DA:248,1
DA:249,3
DA:250,1
DA:251,1
DA:252,4
DA:253,1
DA:258,1
DA:259,1
DA:260,3
DA:261,1
DA:262,1
DA:263,3
DA:264,1
DA:269,1
DA:270,1
DA:271,3
DA:272,1
DA:273,1
DA:274,3
DA:275,1
DA:280,1
DA:281,1
DA:282,3
DA:283,1
DA:284,1
DA:285,2
DA:286,1
DA:293,5
DA:294,3
DA:295,1
DA:303,1
DA:304,1
DA:305,3
DA:306,1
DA:307,1
DA:308,5
DA:309,1
LF:157
LH:157
end_of_record
TN:/home/pi/proj/sundae/sundae-contracts/lib/tests/aiken/swap.ak
SF:/home/pi/proj/sundae/sundae-contracts/lib/tests/aiken/swap.ak
DA:21,1
DA:40,1
DA:43,1
DA:44,1
DA:47,2
DA:48,3
DA:49,4
DA:53,1
DA:54,1
DA:55,2
DA:56,2
DA:57,1
DA:62,1
DA:63,1
DA:64,6
DA:65,1
DA:66,1
DA:71,1
DA:72,3
DA:73,3
DA:74,3
DA:75,3
DA:76,3
DA:77,3
DA:78,1
DA:79,2
DA:80,1
DA:81,1
DA:82,1
DA:83,1
DA:84,1
DA:85,1
DA:88,0
DA:89,0
DA:90,0
DA:95,1
DA:98,1
DA:99,1
DA:102,2
DA:103,3
DA:104,4
DA:108,1
DA:109,1
DA:110,6
DA:111,2
DA:112,1
DA:117,1
DA:118,1
DA:119,2
DA:120,1
DA:121,1
DA:124,1
DA:126,1
DA:130,1
DA:131,3
DA:132,3
DA:133,3
DA:134,3
DA:135,3
DA:136,3
DA:137,1
DA:138,2
DA:139,1
DA:140,1
DA:141,1
DA:142,1
DA:143,1
DA:144,1
DA:149,4
DA:150,4
DA:151,1
LF:71
LH:68
end_of_record
TN:/home/pi/proj/sundae/sundae-contracts/lib/tests/aiken/withdrawal.ak
SF:/home/pi/proj/sundae/sundae-contracts/lib/tests/aiken/withdrawal.ak
DA:26,1
DA:39,1
DA:42,1
DA:45,2
DA:46,3
DA:47,3
DA:51,1
DA:52,1
DA:53,7
DA:54,2
DA:55,1
DA:60,1
DA:61,1
DA:62,8
DA:63,1
DA:64,1
DA:68,1
DA:69,3
DA:70,3
DA:71,3
DA:72,3
DA:73,3
DA:74,3
DA:75,3
DA:76,3
DA:77,3
DA:78,1
DA:79,1
DA:80,2
DA:81,1
DA:82,1
DA:86,2
DA:87,2
DA:88,2
DA:89,1
DA:94,1
DA:95,1
DA:98,2
DA:99,3
DA:100,3
DA:103,1
DA:104,1
DA:105,7
DA:106,2
DA:107,1
DA:112,1
DA:113,1
DA:114,2
DA:115,1
DA:116,1
DA:120,1
DA:121,3
DA:122,3
DA:123,3
DA:124,3
DA:125,3
DA:126,3
DA:127,3
DA:128,3
DA:129,3
DA:130,1
DA:131,1
DA:132,2
DA:133,1
DA:134,1
DA:137,0
DA:138,0
DA:139,0
DA:140,0
DA:145,1
DA:146,1
DA:149,2
DA:150,3
DA:151,3
DA:154,1
DA:155,1
DA:156,7
DA:157,2
DA:158,1
DA:162,3
DA:164,1
DA:165,1
DA:166,8
DA:167,1
DA:168,1
DA:172,1
DA:173,3
DA:174,3
DA:175,3
DA:176,3
DA:177,3
DA:178,3
DA:179,3
DA:180,3
DA:181,3
DA:182,1
DA:183,1
DA:184,2
DA:185,1
DA:186,1
DA:189,0
DA:190,0
DA:191,0
DA:192,0
LF:104
LH:96
end_of_record
TN:/home/pi/proj/sundae/sundae-contracts/lib/tests/examples/ex_order.ak
SF:/home/pi/proj/sundae/sundae-contracts/lib/tests/examples/ex_order.ak
DA:13,2
DA:14,3
DA:16,1
DA:24,1
DA:25,1
DA:26,1
DA:29,1
DA:30,1
DA:31,1
DA:37,2
DA:42,2
DA:43,3
DA:45,1
DA:55,1
DA:56,1
DA:57,1
DA:60,1
DA:61,1
DA:62,1
DA:68,2
DA:73,2
DA:74,3
DA:76,1
DA:83,1
DA:84,1
DA:85,1
DA:88,1
DA:89,1
DA:90,1
DA:96,2
DA:101,2
DA:102,3
DA:104,1
DA:107,1
DA:108,1
DA:111,1
DA:114,1
DA:115,1
DA:116,1
DA:122,2
DA:127,1
DA:131,3
DA:132,1
DA:133,1
DA:134,1
DA:135,2
DA:141,2
DA:145,1
DA:146,1
DA:147,1
DA:148,2
DA:153,2
DA:157,2
DA:161,2
LF:54
LH:54
end_of_record
TN:/home/pi/proj/sundae/sundae-contracts/lib/tests/examples/ex_pool.ak
SF:/home/pi/proj/sundae/sundae-contracts/lib/tests/examples/ex_pool.ak
DA:8,1
DA:27,2
DA:31,1
DA:39,2
DA:43,1
DA:47,2
DA:51,1
DA:65,2
LF:8
LH:8
end_of_record
TN:/home/pi/proj/sundae/sundae-contracts/lib/tests/examples/ex_settings.ak
SF:/home/pi/proj/sundae/sundae-contracts/lib/tests/examples/ex_settings.ak
DA:23,1
DA:24,1
DA:25,1
DA:26,1
DA:27,1
DA:28,1
DA:29,2
DA:30,1
DA:31,1
DA:32,1
DA:33,1
DA:34,1
DA:60,1
DA:61,3
DA:67,1
DA:68,1
DA:69,1
DA:106,1
DA:126,1
DA:127,1
DA:128,1
DA:129,1
DA:133,1
DA:134,1
DA:138,1
DA:139,1
DA:203,1
DA:206,1
DA:207,1
DA:208,1
DA:209,1
LF:31
LH:31
end_of_record
TN:/home/pi/proj/sundae/sundae-contracts/lib/tests/examples/ex_shared.ak
SF:/home/pi/proj/sundae/sundae-contracts/lib/tests/examples/ex_shared.ak
DA:12,2
DA:13,3
DA:14,1
DA:16,0
DA:21,3
DA:22,1
DA:23,1
DA:24,1
DA:29,4
DA:33,4
DA:37,4
DA:42,0
DA:43,0
DA:44,0
DA:47,0
DA:48,0
DA:49,0
DA:51,0
DA:55,2
DA:56,0
DA:58,0
DA:59,0
DA:60,0
DA:61,0
DA:63,0
DA:64,0
DA:65,0
DA:66,1
DA:68,0
LF:29
LH:12
end_of_record
TN:/home/pi/proj/sundae/sundae-contracts/lib/tests/fixtures/addresses.ak
SF:/home/pi/proj/sundae/sundae-contracts/lib/tests/fixtures/addresses.ak
DA:19,1
DA:35,1
DA:47,1
DA:63,1
LF:4
LH:4
end_of_record
TN:/home/pi/proj/sundae/sundae-contracts/lib/tests/fixtures/datums.ak
SF:/home/pi/proj/sundae/sundae-contracts/lib/tests/fixtures/datums.ak
DA:23,1
DA:87,1
DA:88,1
DA:89,3
DA:91,1
DA:92,1
DA:93,5
DA:95,1
DA:96,1
DA:97,1
DA:98,1
DA:99,1
DA:100,1
DA:199,3
DA:219,3
LF:15
LH:15
end_of_record
TN:/home/pi/proj/sundae/sundae-contracts/lib/tests/fixtures/properties.ak
SF:/home/pi/proj/sundae/sundae-contracts/lib/tests/fixtures/properties.ak
DA:10,7
DA:14,3
DA:23,3
DA:24,3
DA:26,1
DA:38,9
DA:47,7
DA:56,7
DA:67,3
DA:68,5
DA:69,5
DA:70,3
DA:80,3
DA:81,5
DA:90,5
DA:91,6
DA:103,2
DA:104,5
DA:105,1
DA:107,5
DA:108,5
DA:109,3
DA:119,5
DA:120,5
DA:121,2
DA:127,1
DA:142,1
DA:153,1
DA:157,1
DA:161,1
DA:173,1
DA:179,3
DA:187,7
DA:202,5
DA:203,6
DA:207,6
DA:208,5
DA:212,7
DA:216,1
DA:217,5
DA:218,4
DA:224,1
DA:225,2
DA:226,6
DA:227,5
DA:232,2
DA:233,3
DA:234,6
DA:235,5
DA:240,2
DA:241,2
DA:242,5
DA:243,6
DA:244,5
DA:249,1
DA:250,1
DA:251,2
DA:252,6
DA:253,5
DA:260,3
DA:261,3
DA:262,5
DA:263,7
DA:264,7
DA:266,1
DA:272,2
DA:273,2
DA:274,5
DA:275,5
DA:276,7
DA:277,7
DA:284,3
DA:285,3
DA:286,5
DA:287,3
DA:289,1
DA:295,2
DA:296,2
DA:297,5
DA:298,5
DA:299,6
DA:306,1
DA:307,1
DA:308,3
DA:309,5
DA:310,5
DA:311,5
DA:316,2
DA:317,3
DA:318,5
DA:319,5
DA:320,3
DA:327,2
DA:328,3
DA:329,3
DA:330,5
DA:331,5
DA:332,7
DA:337,1
DA:338,1
DA:339,1
DA:340,5
DA:341,5
DA:342,3
DA:346,2
DA:347,2
DA:349,3
DA:350,3
DA:351,6
DA:352,5
DA:353,5
DA:355,7
DA:357,0
DA:365,2
DA:366,1
DA:367,1
DA:368,5
DA:369,6
DA:370,3
DA:371,3
DA:373,2
DA:379,1
DA:380,1
DA:381,3
DA:382,6
DA:383,6
DA:384,3
DA:385,3
DA:387,1
DA:395,1
DA:396,2
DA:397,3
DA:398,5
DA:399,5
DA:400,2
DA:402,1
DA:410,1
DA:411,1
DA:412,2
DA:413,6
DA:414,4
DA:419,3
DA:420,1
DA:421,6
DA:422,10
DA:427,2
DA:428,2
DA:429,3
DA:430,3
DA:431,6
DA:432,10
DA:439,2
DA:440,3
DA:441,1
DA:442,6
DA:443,3
DA:444,3
DA:445,6
DA:446,8
DA:451,2
DA:452,3
DA:453,1
DA:454,6
DA:455,3
DA:456,3
DA:457,6
DA:458,6
DA:465,2
DA:466,5
DA:467,3
DA:472,2
DA:473,3
DA:474,5
DA:475,6
DA:480,2
DA:481,5
DA:482,6
DA:489,3
DA:490,6
DA:491,6
DA:492,3
DA:494,0
DA:500,2
DA:501,3
DA:502,1
DA:503,6
DA:504,5
DA:509,3
DA:510,6
DA:511,5
DA:512,2
DA:558,2
DA:559,3
DA:560,6
DA:561,5
DA:563,0
DA:568,2
DA:569,5
DA:570,3
DA:571,6
DA:572,5
DA:574,0
DA:579,2
DA:580,3
DA:581,5
DA:582,3
DA:584,0
DA:589,2
DA:590,3
DA:591,5
DA:592,7
DA:593,7
DA:595,0
DA:600,2
DA:601,3
DA:602,5
DA:603,5
DA:604,5
DA:606,0
DA:613,2
DA:614,9
DA:615,5
DA:616,6
DA:617,3
DA:619,0
DA:628,3
DA:629,3
DA:630,3
DA:631,5
DA:632,5
DA:634,7
DA:636,0
DA:643,2
DA:644,1
DA:645,3
DA:646,6
DA:647,10
DA:649,0
DA:654,2
DA:655,3
DA:656,6
DA:657,6
DA:658,10
DA:660,0
DA:667,2
DA:668,5
DA:669,0
DA:670,0
DA:671,0
DA:672,0
DA:673,0
DA:674,0
DA:675,0
DA:677,0
DA:680,1
DA:687,2
DA:688,6
DA:689,1
DA:690,6
DA:691,5
DA:693,0
DA:702,2
DA:703,6
DA:704,5
DA:705,2
LF:265
LH:245
end_of_record
TN:/home/pi/proj/sundae/sundae-contracts/lib/tests/fixtures/transactions.ak
SF:/home/pi/proj/sundae/sundae-contracts/lib/tests/fixtures/transactions.ak
DA:139,2
DA:140,1
DA:141,3
DA:142,1
DA:143,1
DA:144,5
DA:145,5
DA:146,4
DA:147,2
DA:148,1
DA:156,1
DA:157,1
DA:158,1
DA:159,3
DA:160,3
DA:163,1
DA:164,3
DA:165,1
DA:166,1
DA:167,6
DA:168,2
DA:169,1
DA:181,1
DA:182,1
DA:183,1
DA:184,3
DA:185,3
DA:188,1
DA:189,3
DA:190,1
DA:191,1
DA:192,5
DA:193,4
DA:194,2
DA:195,1
DA:207,1
DA:208,1
DA:209,1
DA:211,3
DA:212,3
DA:216,1
DA:217,3
DA:218,1
DA:219,1
DA:220,7
DA:221,4
DA:222,2
DA:223,1
DA:231,1
DA:232,1
DA:233,1
DA:234,1
DA:235,3
DA:236,3
DA:239,1
DA:240,3
DA:241,1
DA:242,1
DA:243,6
DA:244,2
DA:245,1
DA:252,2
DA:254,1
DA:255,1
DA:256,1
DA:257,3
DA:260,1
DA:261,3
DA:262,1
DA:263,1
DA:264,5
DA:265,4
DA:266,2
DA:267,1
DA:279,2
DA:280,1
DA:281,1
DA:282,5
DA:283,5
DA:284,4
DA:285,2
DA:286,1
DA:293,3
DA:294,7
DA:296,2
DA:298,1
DA:299,1
DA:300,1
DA:301,1
DA:302,1
DA:308,1
DA:309,1
DA:310,7
DA:311,1
DA:312,1
DA:318,2
DA:320,3
DA:321,5
DA:322,4
DA:323,1
DA:324,1
DA:325,1
DA:326,1
DA:327,1
DA:363,2
DA:364,1
DA:365,3
DA:366,1
DA:367,1
DA:371,3
DA:372,4
DA:373,2
DA:374,1
DA:382,1
DA:384,1
DA:386,1
DA:387,1
DA:388,2
DA:389,4
DA:390,2
DA:391,1
DA:392,1
DA:393,2
DA:394,2
DA:395,1
DA:396,1
DA:397,1
DA:398,1
DA:410,4
DA:411,4
DA:412,4
LF:131
LH:131
end_of_record
TN:/home/pi/proj/sundae/sundae-contracts/lib/tests/fixtures/values.ak
SF:/home/pi/proj/sundae/sundae-contracts/lib/tests/fixtures/values.ak
DA:21,2
DA:30,4
LF:2
LH:2
end_of_record
TN:/home/pi/proj/sundae/sundae-contracts/lib/types/settings.ak
SF:/home/pi/proj/sundae/sundae-contracts/lib/types/settings.ak
DA:93,2
DA:94,4
DA:95,2
DA:96,2
DA:97,3
DA:98,3
DA:99,2
DA:100,1
LF:8
LH:8
end_of_record
TN:/home/pi/proj/sundae/sundae-contracts/validators/documentation.ak
SF:/home/pi/proj/sundae/sundae-contracts/validators/documentation.ak
DA:3,0
DA:5,0
DA:9,0
LF:3
LH:0
end_of_record
TN:/home/pi/proj/sundae/sundae-contracts/validators/oracle.ak
SF:/home/pi/proj/sundae/sundae-contracts/validators/oracle.ak
DA:25,0
DA:33,0
DA:35,0
DA:36,0
DA:45,0
DA:48,0
DA:49,0
DA:51,0
DA:52,0
DA:53,0
DA:54,0
DA:55,0
DA:66,0
DA:67,0
DA:68,0
DA:70,1
DA:73,2
DA:74,2
DA:77,4
DA:79,5
DA:81,6
DA:84,3
DA:85,2
DA:86,1
DA:87,1
DA:91,2
DA:92,2
DA:93,7
DA:97,2
DA:98,2
DA:99,7
DA:101,3
DA:103,1
DA:108,1
DA:109,1
DA:110,2
DA:111,1
DA:113,2
DA:115,5
DA:116,1
DA:117,2
DA:119,1
DA:120,3
DA:121,1
DA:122,4
DA:123,1
DA:124,5
DA:125,2
DA:126,1
DA:127,2
DA:129,5
DA:130,1
DA:131,4
DA:132,2
DA:133,4
DA:134,3
DA:135,3
DA:136,3
DA:137,3
DA:138,3
DA:139,4
DA:141,0
DA:145,1
DA:147,1
DA:152,0
DA:157,4
DA:161,4
DA:165,1
DA:166,6
DA:170,1
DA:171,6
DA:176,1
DA:178,1
DA:179,1
DA:180,1
DA:183,1
DA:184,1
DA:190,1
DA:192,1
DA:193,1
DA:194,1
DA:197,1
DA:198,1
DA:208,1
DA:210,1
DA:211,2
DA:212,1
DA:215,1
DA:217,1
DA:218,2
DA:220,1
DA:221,1
DA:222,1
DA:223,2
DA:224,2
DA:227,1
DA:228,1
DA:229,3
DA:230,5
DA:231,4
DA:232,1
DA:233,1
DA:234,1
DA:235,3
DA:236,1
DA:237,1
DA:238,1
DA:239,1
DA:240,1
DA:241,1
DA:244,1
DA:246,1
DA:247,1
DA:248,2
DA:250,1
DA:251,1
DA:255,1
DA:256,1
DA:257,2
DA:258,1
DA:259,1
DA:260,1
DA:261,1
DA:262,1
DA:263,3
DA:264,3
DA:265,1
DA:268,1
DA:272,1
DA:273,1
DA:277,1
DA:278,1
DA:279,2
DA:280,1
DA:281,1
DA:282,1
DA:283,1
DA:284,1
DA:285,3
DA:286,3
DA:287,1
DA:290,1
DA:294,4
DA:296,1
DA:297,2
DA:298,3
DA:299,4
DA:300,1
DA:301,1
DA:302,1
DA:303,1
DA:304,3
DA:305,1
DA:306,1
DA:307,3
DA:308,3
DA:312,1
DA:315,1
DA:316,2
DA:317,3
DA:318,4
DA:319,1
DA:320,1
DA:321,1
DA:322,1
DA:323,3
DA:324,1
DA:325,1
DA:326,3
DA:327,3
DA:331,1
DA:334,1
DA:335,1
DA:336,2
DA:337,3
DA:338,1
DA:339,5
DA:340,3
DA:341,2
DA:344,1
DA:345,1
DA:346,1
DA:347,1
DA:348,1
LF:184
LH:167
end_of_record
TN:/home/pi/proj/sundae/sundae-contracts/validators/order.ak
SF:/home/pi/proj/sundae/sundae-contracts/validators/order.ak
DA:28,0
DA:31,0
DA:32,0
DA:34,0
DA:36,1
DA:39,2
DA:40,2
DA:42,1
DA:43,2
DA:44,2
DA:45,2
DA:46,2
DA:50,1
DA:51,2
DA:52,1
DA:54,1
DA:58,3
DA:59,0
DA:67,0
LF:19
LH:13
end_of_record
TN:/home/pi/proj/sundae/sundae-contracts/validators/pool.ak
SF:/home/pi/proj/sundae/sundae-contracts/validators/pool.ak
DA:51,0
DA:56,0
DA:57,0
DA:58,0
DA:59,0
DA:61,2
DA:66,1
DA:76,1
DA:79,3
DA:83,4
DA:89,3
DA:94,1
DA:98,1
DA:110,2
DA:118,4
DA:121,1
DA:127,1
DA:132,2
DA:138,7
DA:140,3
DA:161,4
DA:173,1
DA:174,1
DA:176,1
DA:178,1
DA:180,1
DA:183,1
DA:184,1
DA:185,1
DA:186,1
DA:187,1
DA:188,1
DA:189,1
DA:190,1
DA:191,1
DA:192,1
DA:194,1
DA:196,1
DA:198,1
DA:200,1
DA:202,1
DA:204,1
DA:206,1
DA:208,1
DA:210,3
DA:212,1
DA:214,1
DA:216,1
DA:221,4
DA:227,11
DA:231,4
DA:237,5
DA:244,1
DA:248,1
DA:249,3
DA:250,4
DA:252,2
DA:254,0
DA:261,4
DA:270,1
DA:271,1
DA:272,1
DA:273,1
DA:274,1
DA:275,1
DA:276,1
DA:277,1
DA:278,1
DA:279,1
DA:280,1
DA:281,1
DA:288,2
DA:292,4
DA:296,3
DA:297,3
DA:298,3
DA:299,3
DA:300,3
DA:302,5
DA:308,1
DA:309,2
DA:310,1
DA:312,1
DA:315,2
DA:316,2
DA:318,1
DA:319,0
DA:320,1
DA:322,3
DA:324,2
DA:326,0
DA:328,2
DA:330,1
DA:337,0
DA:339,1
DA:345,5
DA:348,3
DA:349,2
DA:359,2
DA:361,4
DA:365,5
DA:367,4
DA:387,3
DA:388,3
DA:389,3
DA:390,1
DA:391,2
DA:397,1
DA:398,2
DA:401,2
DA:403,3
DA:407,7
DA:409,7
DA:413,5
DA:418,3
DA:419,4
DA:421,1
DA:430,2
DA:432,5
DA:436,5
DA:437,2
DA:438,4
DA:440,1
DA:441,4
DA:443,3
DA:447,1
DA:448,1
DA:449,1
DA:450,2
DA:451,2
DA:452,2
DA:453,1
DA:454,2
DA:455,2
DA:456,1
DA:457,1
DA:458,2
DA:464,1
DA:465,4
DA:466,4
DA:468,1
DA:469,2
DA:470,1
DA:471,1
DA:472,1
DA:479,3
DA:490,3
DA:491,4
DA:492,3
DA:493,1
DA:494,2
DA:496,1
DA:497,2
DA:503,5
DA:505,1
DA:506,2
DA:507,6
DA:512,1
DA:513,1
DA:514,1
DA:515,1
DA:534,0
DA:535,0
DA:538,0
DA:539,0
DA:540,0
DA:542,0
DA:543,0
DA:544,0
DA:551,2
DA:552,4
DA:553,3
DA:559,0
DA:569,3
DA:570,3
DA:571,2
DA:572,2
DA:586,3
DA:592,3
DA:593,2
DA:595,2
DA:596,7
DA:618,2
DA:620,1
DA:621,2
DA:623,1
DA:625,4
DA:626,3
DA:627,10
DA:628,6
DA:629,10
DA:631,5
DA:632,9
DA:638,2
DA:639,0
DA:640,0
DA:641,0
DA:643,6
DA:647,2
DA:652,1
DA:653,2
DA:655,1
DA:657,4
DA:658,3
DA:659,12
DA:660,6
DA:661,12
DA:662,6
DA:663,12
DA:665,5
DA:666,11
DA:672,2
DA:673,2
DA:674,2
DA:675,5
DA:677,5
DA:679,2
DA:685,2
DA:686,2
DA:687,3
DA:688,1
DA:689,0
DA:690,0
DA:696,3
DA:697,3
DA:704,0
DA:705,3
DA:706,2
DA:707,1
DA:716,1
DA:719,3
DA:721,1
DA:729,4
DA:730,2
DA:731,3
DA:732,2
DA:733,4
DA:734,1
DA:738,1
DA:741,3
DA:745,1
DA:746,2
DA:747,1
DA:748,1
DA:749,1
DA:759,9
DA:760,3
DA:766,4
DA:767,4
DA:773,3
DA:775,5
DA:777,2
DA:779,2
DA:784,5
DA:785,1
DA:787,1
DA:794,2
DA:796,4
DA:801,5
DA:802,2
DA:806,6
DA:807,2
DA:809,1
DA:810,2
DA:811,5
DA:813,1
DA:823,4
DA:824,2
DA:825,3
DA:826,2
DA:828,1
DA:831,2
DA:833,1
DA:838,1
DA:841,2
DA:842,2
DA:845,1
DA:846,1
DA:847,1
DA:848,1
DA:849,1
DA:851,2
DA:854,3
DA:856,1
DA:857,1
DA:858,1
DA:859,1
DA:860,1
DA:865,3
DA:866,3
LF:290
LH:266
end_of_record
TN:/home/pi/proj/sundae/sundae-contracts/validators/pool_stake.ak
SF:/home/pi/proj/sundae/sundae-contracts/validators/pool_stake.ak
DA:22,0
DA:25,2
DA:26,1
DA:33,1
DA:37,3
DA:40,1
DA:41,2
DA:42,1
DA:43,1
DA:44,1
DA:47,1
DA:54,6
DA:58,9
DA:60,3
DA:65,1
DA:66,1
DA:67,1
DA:68,4
DA:72,5
DA:78,3
DA:81,1
DA:83,0
LF:22
LH:20
end_of_record
TN:/home/pi/proj/sundae/sundae-contracts/validators/settings.ak
SF:/home/pi/proj/sundae/sundae-contracts/validators/settings.ak
DA:15,0
DA:17,0
DA:18,0
DA:19,0
DA:20,0
DA:23,3
DA:24,2
DA:31,4
DA:32,3
DA:35,3
DA:36,2
DA:38,2
DA:45,4
DA:46,2
DA:50,3
DA:53,1
DA:62,1
DA:63,2
DA:64,2
DA:65,2
DA:66,2
DA:71,1
DA:73,1
DA:75,2
DA:76,2
DA:77,2
DA:83,1
DA:84,2
DA:85,1
DA:86,1
DA:91,1
DA:92,2
DA:93,2
DA:94,2
DA:95,2
DA:101,1
DA:103,1
DA:105,2
DA:106,2
DA:107,2
DA:112,1
DA:113,2
DA:114,1
DA:115,1
DA:122,0
DA:123,4
DA:126,3
DA:130,1
DA:131,2
DA:132,3
DA:136,1
DA:137,1
DA:138,2
DA:139,4
DA:142,5
DA:144,3
DA:145,2
DA:149,1
DA:150,1
DA:151,1
DA:156,0
LF:61
LH:54
end_of_record
TN:/home/pi/proj/sundae/sundae-contracts/validators/stake.ak
SF:/home/pi/proj/sundae/sundae-contracts/validators/stake.ak
DA:15,0
DA:16,2
DA:25,5
DA:27,4
DA:28,2
DA:39,4
DA:43,3
DA:45,1
LF:8
LH:7
end_of_record
TN:/home/pi/proj/sundae/sundae-contracts/validators/tests/order.ak
SF:/home/pi/proj/sundae/sundae-contracts/validators/tests/order.ak
DA:13,3
DA:17,1
DA:18,1
DA:20,1
DA:21,3
DA:22,1
DA:23,1
DA:24,2
DA:25,1
DA:26,1
DA:30,1
DA:31,1
DA:32,3
DA:33,4
DA:38,1
DA:39,1
DA:40,1
DA:41,2
DA:42,1
DA:43,3
DA:44,2
DA:51,2
DA:55,2
DA:63,2
DA:69,1
DA:70,1
DA:71,1
DA:72,1
DA:73,1
DA:77,1
DA:90,1
DA:91,1
DA:93,1
DA:94,3
DA:95,1
DA:96,1
DA:97,2
DA:98,1
DA:99,1
DA:103,1
DA:104,1
DA:105,1
DA:106,1
DA:107,4
DA:117,2
DA:118,1
DA:119,1
DA:120,2
DA:121,1
DA:122,3
DA:123,4
DA:128,1
DA:129,7
DA:133,1
DA:134,7
DA:139,1
DA:145,7
DA:150,1
DA:156,7
DA:161,1
DA:167,7
DA:171,1
DA:172,7
DA:176,1
DA:177,7
DA:181,1
DA:182,1
DA:183,1
DA:184,1
DA:185,3
DA:186,6
DA:191,1
DA:192,7
DA:196,1
DA:197,7
LF:75
LH:75
end_of_record
TN:/home/pi/proj/sundae/sundae-contracts/validators/tests/pool.ak
SF:/home/pi/proj/sundae/sundae-contracts/validators/tests/pool.ak
DA:56,4
DA:60,4
DA:64,4
DA:68,4
DA:72,2
DA:73,2
DA:74,1
DA:75,2
DA:76,1
DA:77,1
DA:78,3
DA:79,4
DA:80,2
DA:81,1
DA:87,1
DA:100,1
DA:101,1
DA:102,1
DA:103,1
DA:104,4
DA:105,1
DA:119,2
DA:120,2
DA:121,2
DA:122,2
DA:124,1
DA:125,3
DA:128,1
DA:129,2
DA:130,1
DA:131,1
DA:132,3
DA:133,5
DA:134,4
DA:135,2
DA:136,1
DA:141,1
DA:142,2
DA:143,1
DA:144,1
DA:145,2
DA:146,2
DA:147,1
DA:152,1
DA:153,2
DA:154,1
DA:155,1
DA:156,2
DA:157,2
DA:158,1
DA:163,1
DA:164,1
DA:165,3
DA:166,5
DA:167,4
DA:168,2
DA:169,1
DA:173,1
DA:174,1
DA:175,3
DA:176,4
DA:177,1
DA:178,1
DA:182,1
DA:183,1
DA:184,3
DA:185,4
DA:186,1
DA:187,1
DA:191,1
DA:192,1
DA:193,3
DA:194,3
DA:195,3
DA:196,1
DA:197,3
DA:198,1
DA:199,2
DA:202,1
DA:203,1
DA:204,1
DA:205,2
DA:206,1
DA:207,2
DA:208,1
DA:214,2
DA:215,2
DA:216,2
DA:217,2
DA:219,1
DA:220,3
DA:223,1
DA:224,2
DA:225,1
DA:226,1
DA:227,3
DA:228,5
DA:229,4
DA:230,2
DA:231,1
DA:237,1
DA:238,2
DA:239,1
DA:240,1
DA:241,2
DA:242,2
DA:243,1
DA:248,1
DA:249,2
DA:250,1
DA:251,1
DA:252,2
DA:253,2
DA:254,1
DA:259,1
DA:260,1
DA:261,3
DA:262,5
DA:263,4
DA:264,2
DA:265,1
DA:270,1
DA:271,1
DA:272,3
DA:273,4
DA:274,1
DA:275,1
DA:279,1
DA:280,1
DA:281,3
DA:282,4
DA:283,1
DA:284,1
DA:288,1
DA:289,1
DA:290,3
DA:291,3
DA:292,3
DA:293,1
DA:294,3
DA:295,1
DA:296,2
DA:299,1
DA:300,1
DA:301,1
DA:302,2
DA:303,1
DA:304,2
DA:305,1
DA:311,2
DA:312,2
DA:313,2
DA:314,2
DA:316,1
DA:317,3
DA:320,1
DA:321,2
DA:322,1
DA:323,1
DA:324,3
DA:325,5
DA:326,4
DA:327,2
DA:328,1
DA:333,1
DA:334,2
DA:335,1
DA:336,1
DA:337,2
DA:338,2
DA:339,1
DA:344,1
DA:345,2
DA:346,1
DA:347,1
DA:348,2
DA:349,2
DA:350,1
DA:355,1
DA:356,1
DA:357,3
DA:358,5
DA:359,4
DA:360,2
DA:361,1
DA:365,1
DA:366,1
DA:367,3
DA:368,4
DA:369,1
DA:370,1
DA:374,1
DA:375,1
DA:376,3
DA:377,4
DA:378,1
DA:379,1
DA:383,1
DA:384,1
DA:385,3
DA:386,3
DA:387,3
DA:388,1
DA:389,3
DA:390,1
DA:391,2
DA:394,1
DA:395,1
DA:396,1
DA:397,2
DA:398,1
DA:399,2
DA:400,1
DA:406,2
DA:407,2
DA:408,2
DA:409,2
DA:412,1
DA:413,1
DA:414,1
DA:415,1
DA:417,3
DA:420,1
DA:421,2
DA:422,1
DA:423,1
DA:424,3
DA:425,5
DA:426,4
DA:427,2
DA:428,1
DA:433,1
DA:434,2
DA:435,1
DA:436,1
DA:437,2
DA:438,2
DA:439,1
DA:444,1
DA:445,2
DA:446,1
DA:447,1
DA:448,2
DA:449,2
DA:450,1
DA:455,1
DA:456,1
DA:457,3
DA:458,5
DA:459,4
DA:460,2
DA:461,1
DA:465,1
DA:466,1
DA:467,3
DA:468,4
DA:469,1
DA:470,1
DA:474,1
DA:475,1
DA:476,3
DA:477,4
DA:478,1
DA:479,1
DA:483,1
DA:484,1
DA:485,3
DA:486,3
DA:487,3
DA:488,1
DA:489,3
DA:490,1
DA:491,2
DA:494,1
DA:495,1
DA:496,1
DA:497,2
DA:498,1
DA:499,2
DA:500,1
DA:506,2
DA:507,2
DA:508,2
DA:510,1
DA:511,3
DA:514,1
DA:515,2
DA:516,1
DA:517,1
DA:518,3
DA:519,5
DA:520,4
DA:521,2
DA:522,1
DA:526,3
DA:527,3
DA:530,1
DA:531,2
DA:532,1
DA:533,1
DA:534,2
DA:535,2
DA:536,1
DA:541,1
DA:542,2
DA:543,1
DA:544,1
DA:545,2
DA:546,2
DA:547,1
DA:552,1
DA:553,1
DA:554,3
DA:555,5
DA:556,4
DA:557,2
DA:558,1
DA:563,1
DA:564,1
DA:565,3
DA:566,4
DA:567,2
DA:568,1
DA:572,1
DA:573,1
DA:574,3
DA:575,4
DA:576,2
DA:577,1
DA:581,1
DA:582,1
DA:583,3
DA:584,3
DA:585,3
DA:586,1
DA:587,3
DA:588,1
DA:589,2
DA:592,1
DA:593,1
DA:594,1
DA:595,2
DA:596,1
DA:597,2
DA:598,1
DA:605,2
DA:606,2
DA:607,2
DA:608,2
DA:610,1
DA:611,3
DA:614,1
DA:615,2
DA:616,1
DA:617,1
DA:618,3
DA:619,5
DA:620,4
DA:621,2
DA:622,1
DA:627,1
DA:628,2
DA:629,1
DA:630,1
DA:631,2
DA:632,2
DA:633,1
DA:638,1
DA:639,2
DA:640,1
DA:641,1
DA:642,2
DA:643,2
DA:644,1
DA:649,1
DA:650,1
DA:651,3
DA:652,5
DA:653,4
DA:654,2
DA:655,1
DA:660,1
DA:661,1
DA:662,3
DA:663,4
DA:664,1
DA:665,1
DA:669,1
DA:670,1
DA:671,3
DA:672,4
DA:673,1
DA:674,1
DA:678,1
DA:679,1
DA:680,3
DA:681,3
DA:682,3
DA:683,1
DA:684,3
DA:685,1
DA:686,2
DA:689,1
DA:690,1
DA:691,1
DA:692,2
DA:693,1
DA:694,2
DA:695,1
DA:701,2
DA:702,2
DA:703,2
DA:704,2
DA:706,1
DA:707,3
DA:710,1
DA:711,2
DA:712,1
DA:713,1
DA:714,3
DA:715,5
DA:716,4
DA:717,2
DA:718,1
DA:723,1
DA:724,2
DA:725,1
DA:726,1
DA:727,2
DA:728,2
DA:729,1
DA:734,1
DA:735,2
DA:736,1
DA:737,1
DA:738,2
DA:739,2
DA:740,1
DA:745,1
DA:746,1
DA:747,3
DA:748,5
DA:749,4
DA:750,2
DA:751,1
DA:756,1
DA:757,1
DA:758,3
DA:759,4
DA:760,1
DA:761,1
DA:765,1
DA:766,1
DA:767,3
DA:768,4
DA:769,1
DA:770,1
DA:774,1
DA:775,1
DA:776,3
DA:777,3
DA:778,3
DA:779,1
DA:780,3
DA:781,1
DA:782,2
DA:785,1
DA:786,1
DA:787,1
DA:788,2
DA:789,1
DA:790,2
DA:791,1
DA:797,2
DA:798,2
DA:799,2
DA:800,2
DA:802,1
DA:803,3
DA:806,1
DA:807,2
DA:808,1
DA:809,1
DA:810,3
DA:811,5
DA:812,4
DA:813,2
DA:814,1
DA:819,1
DA:820,2
DA:821,1
DA:822,1
DA:823,2
DA:824,2
DA:825,1
DA:830,1
DA:831,2
DA:832,1
DA:833,1
DA:834,2
DA:835,2
DA:836,1
DA:842,1
DA:843,1
DA:844,3
DA:845,4
DA:846,2
DA:847,1
DA:851,1
DA:852,1
DA:853,3
DA:854,4
DA:855,1
DA:856,1
DA:860,1
DA:861,1
DA:862,3
DA:863,4
DA:864,1
DA:865,1
DA:869,1
DA:870,1
DA:871,3
DA:872,3
DA:873,3
DA:874,1
DA:875,3
DA:876,1
DA:877,2
DA:880,1
DA:881,1
DA:882,1
DA:883,2
DA:884,1
DA:885,2
DA:886,1
DA:892,2
DA:893,2
DA:894,2
DA:895,2
DA:897,1
DA:898,3
DA:901,1
DA:902,2
DA:903,1
DA:904,1
DA:905,3
DA:906,5
DA:907,4
DA:908,2
DA:909,1
DA:914,1
DA:915,2
DA:916,1
DA:917,1
DA:918,2
DA:919,2
DA:920,1
DA:925,1
DA:926,2
DA:927,1
DA:928,1
DA:929,2
DA:930,2
DA:931,1
DA:937,1
DA:938,2
DA:939,3
DA:940,5
DA:941,4
DA:942,2
DA:943,1
DA:947,1
DA:948,1
DA:949,3
DA:950,4
DA:951,1
DA:952,1
DA:956,1
DA:957,1
DA:958,3
DA:959,4
DA:960,1
DA:961,1
DA:965,1
DA:966,1
DA:967,3
DA:968,3
DA:969,3
DA:970,1
DA:971,3
DA:972,1
DA:973,2
DA:976,1
DA:977,1
DA:978,1
DA:979,2
DA:980,1
DA:981,2
DA:982,1
DA:988,2
DA:989,2
DA:990,2
DA:991,2
DA:993,1
DA:994,3
DA:997,1
DA:998,2
DA:999,1
DA:1000,1
DA:1001,3
DA:1002,5
DA:1003,4
DA:1004,2
DA:1005,1
DA:1010,1
DA:1011,2
DA:1012,1
DA:1013,1
DA:1014,2
DA:1015,2
DA:1016,1
DA:1021,1
DA:1022,2
DA:1023,1
DA:1024,1
DA:1025,2
DA:1026,2
DA:1027,1
DA:1033,1
DA:1034,2
DA:1035,3
DA:1036,5
DA:1037,4
DA:1038,2
DA:1039,1
DA:1043,1
DA:1044,1
DA:1045,3
DA:1046,4
DA:1047,1
DA:1048,1
DA:1052,1
DA:1053,1
DA:1054,3
DA:1055,4
DA:1056,1
DA:1057,1
DA:1061,1
DA:1062,1
DA:1063,3
DA:1064,3
DA:1065,3
DA:1066,1
DA:1067,3
DA:1068,1
DA:1069,2
DA:1072,1
DA:1073,1
DA:1074,1
DA:1075,2
DA:1076,1
DA:1077,2
DA:1078,1
DA:1084,2
DA:1085,2
DA:1086,2
DA:1089,3
DA:1090,2
DA:1092,3
DA:1093,2
DA:1095,1
DA:1096,3
DA:1099,1
DA:1100,2
DA:1101,1
DA:1102,1
DA:1103,3
DA:1104,5
DA:1105,4
DA:1106,2
DA:1107,1
DA:1112,1
DA:1113,2
DA:1114,1
DA:1115,1
DA:1116,2
DA:1117,2
DA:1118,1
DA:1123,1
DA:1124,2
DA:1125,1
DA:1126,1
DA:1127,2
DA:1128,2
DA:1129,1
DA:1135,1
DA:1136,1
DA:1137,3
DA:1138,5
DA:1139,4
DA:1140,2
DA:1141,1
DA:1145,1
DA:1146,1
DA:1147,3
DA:1148,4
DA:1149,1
DA:1150,1
DA:1154,1
DA:1155,1
DA:1156,3
DA:1157,4
DA:1158,1
DA:1159,1
DA:1163,1
DA:1164,1
DA:1165,3
DA:1166,3
DA:1167,3
DA:1168,1
DA:1169,3
DA:1170,1
DA:1171,2
DA:1174,1
DA:1175,1
DA:1176,1
DA:1177,2
DA:1178,1
DA:1179,2
DA:1180,1
DA:1186,2
DA:1187,2
DA:1188,2
DA:1189,2
DA:1191,1
DA:1192,3
DA:1195,1
DA:1196,2
DA:1197,1
DA:1198,1
DA:1199,3
DA:1200,5
DA:1201,4
DA:1202,2
DA:1203,1
DA:1208,1
DA:1209,2
DA:1210,1
DA:1211,1
DA:1212,2
DA:1213,2
DA:1214,1
DA:1219,1
DA:1220,2
DA:1221,1
DA:1222,1
DA:1223,2
DA:1224,2
DA:1225,1
DA:1230,1
DA:1231,1
DA:1232,3
DA:1233,5
DA:1234,4
DA:1235,2
DA:1236,1
DA:1240,1
DA:1241,1
DA:1242,3
DA:1243,4
DA:1244,1
DA:1245,1
DA:1249,1
DA:1250,1
DA:1251,3
DA:1252,4
DA:1253,1
DA:1254,1
DA:1258,3
DA:1261,1
DA:1262,1
DA:1263,3
DA:1264,1
DA:1265,3
DA:1266,1
DA:1267,3
DA:1268,1
DA:1269,2
DA:1272,1
DA:1273,1
DA:1274,1
DA:1275,2
DA:1276,1
DA:1277,2
DA:1278,1
DA:1284,2
DA:1285,2
DA:1286,2
DA:1287,2
DA:1289,1
DA:1291,4
DA:1294,1
DA:1295,2
DA:1296,1
DA:1297,1
DA:1298,3
DA:1299,5
DA:1300,4
DA:1301,2
DA:1302,1
DA:1307,1
DA:1311,1
DA:1312,1
DA:1313,1
DA:1322,1
DA:1323,2
DA:1324,1
DA:1325,1
DA:1326,2
DA:1327,2
DA:1328,1
DA:1333,1
DA:1334,2
DA:1335,1
DA:1336,1
DA:1337,3
DA:1338,4
DA:1339,2
DA:1340,1
DA:1345,1
DA:1346,1
DA:1347,3
DA:1348,5
DA:1349,4
DA:1350,2
DA:1351,1
DA:1355,1
DA:1356,1
DA:1357,3
DA:1358,4
DA:1359,1
DA:1360,1
DA:1364,1
DA:1365,1
DA:1366,3
DA:1367,6
DA:1368,4
DA:1369,1
DA:1370,1
DA:1374,1
DA:1375,1
DA:1376,3
DA:1377,3
DA:1378,3
DA:1379,1
DA:1380,1
DA:1381,5
DA:1382,3
DA:1383,1
DA:1384,2
DA:1387,1
DA:1388,1
DA:1389,1
DA:1390,2
DA:1391,1
DA:1392,2
DA:1393,1
DA:1403,2
DA:1404,1
DA:1405,1
DA:1408,1
DA:1413,1
DA:1415,5
DA:1418,7
DA:1421,2
DA:1422,2
DA:1423,2
DA:1424,3
DA:1425,2
DA:1427,2
DA:1428,4
DA:1430,5
DA:1433,6
DA:1434,2
DA:1435,6
DA:1437,2
DA:1438,4
DA:1440,5
DA:1443,2
DA:1444,1
DA:1445,1
DA:1446,1
DA:1448,3
DA:1451,2
DA:1452,2
DA:1453,2
DA:1454,1
DA:1455,3
DA:1457,1
DA:1458,4
DA:1462,4
DA:1465,4
DA:1466,2
DA:1467,3
DA:1468,3
DA:1469,3
DA:1470,3
DA:1471,3
DA:1472,5
DA:1473,2
DA:1474,5
DA:1476,1
DA:1478,2
DA:1479,1
DA:1480,1
DA:1481,1
DA:1483,3
DA:1484,3
DA:1486,1
DA:1487,1
DA:1488,1
DA:1489,2
DA:1490,1
DA:1491,2
DA:1492,2
DA:1493,1
DA:1494,1
DA:1495,3
DA:1501,2
DA:1502,1
DA:1503,1
DA:1506,1
DA:1511,1
DA:1513,5
DA:1516,7
DA:1519,2
DA:1520,2
DA:1521,2
DA:1522,3
DA:1523,2
DA:1525,2
DA:1526,4
DA:1528,5
DA:1531,6
DA:1532,2
DA:1533,6
DA:1535,2
DA:1536,4
DA:1538,5
DA:1541,2
DA:1542,1
DA:1543,1
DA:1544,1
DA:1546,3
DA:1549,2
DA:1550,2
DA:1551,2
DA:1552,1
DA:1553,3
DA:1555,1
DA:1556,4
DA:1561,4
DA:1564,4
DA:1565,2
DA:1566,3
DA:1567,3
DA:1568,3
DA:1569,3
DA:1570,3
DA:1571,5
DA:1572,2
DA:1573,5
DA:1575,1
DA:1577,2
DA:1578,1
DA:1579,1
DA:1580,1
DA:1582,3
DA:1583,3
DA:1585,1
DA:1586,1
DA:1587,1
DA:1588,2
DA:1589,1
DA:1590,2
DA:1591,2
DA:1592,0
DA:1593,0
DA:1594,0
DA:1600,2
DA:1601,1
DA:1602,1
DA:1605,1
DA:1610,1
DA:1612,5
DA:1615,7
DA:1618,2
DA:1619,2
DA:1620,2
DA:1621,3
DA:1622,2
DA:1624,2
DA:1625,4
DA:1627,5
DA:1630,6
DA:1631,2
DA:1632,6
DA:1634,2
DA:1635,4
DA:1637,5
DA:1640,2
DA:1641,1
DA:1642,1
DA:1643,1
DA:1645,3
DA:1648,2
DA:1649,2
DA:1650,2
DA:1651,1
DA:1652,3
DA:1654,1
DA:1655,4
DA:1659,4
DA:1662,4
DA:1663,2
DA:1664,3
DA:1665,3
DA:1666,3
DA:1667,3
DA:1668,3
DA:1669,5
DA:1670,2
DA:1671,5
DA:1673,1
DA:1675,2
DA:1676,1
DA:1677,1
DA:1678,1
DA:1680,3
DA:1681,3
DA:1683,1
DA:1684,1
DA:1685,1
DA:1686,2
DA:1687,1
DA:1688,2
DA:1689,2
DA:1690,1
DA:1691,1
DA:1692,3
DA:1702,2
DA:1705,1
DA:1711,3
DA:1714,4
DA:1716,1
DA:1719,2
DA:1720,2
DA:1721,1
DA:1722,3
DA:1723,2
DA:1725,2
DA:1726,4
DA:1728,5
DA:1731,6
DA:1732,6
DA:1733,2
DA:1734,4
DA:1736,5
DA:1739,2
DA:1740,2
DA:1741,2
DA:1742,1
DA:1743,3
DA:1745,1
DA:1746,4
DA:1749,1
DA:1752,4
DA:1753,2
DA:1754,3
DA:1755,3
DA:1756,3
DA:1757,3
DA:1758,3
DA:1760,3
DA:1762,3
DA:1767,2
DA:1770,1
DA:1776,3
DA:1780,1
DA:1781,1
DA:1782,1
DA:1783,1
DA:1786,1
DA:1789,2
DA:1790,2
DA:1791,1
DA:1792,3
DA:1793,2
DA:1795,2
DA:1796,4
DA:1798,5
DA:1801,6
DA:1802,6
DA:1803,2
DA:1804,4
DA:1806,5
DA:1809,2
DA:1810,2
DA:1811,2
DA:1812,1
DA:1813,3
DA:1815,1
DA:1816,4
DA:1819,1
DA:1822,4
DA:1823,2
DA:1824,3
DA:1825,3
DA:1826,3
DA:1827,3
DA:1828,3
DA:1830,3
DA:1832,3
DA:1837,2
DA:1840,1
DA:1846,3
DA:1849,4
DA:1851,1
DA:1854,2
DA:1855,2
DA:1856,1
DA:1857,3
DA:1858,2
DA:1860,2
DA:1861,4
DA:1863,5
DA:1866,6
DA:1867,6
DA:1868,2
DA:1869,4
DA:1871,5
DA:1874,2
DA:1875,2
DA:1876,2
DA:1877,1
DA:1878,3
DA:1880,1
DA:1881,4
DA:1884,1
DA:1887,4
DA:1888,2
DA:1889,3
DA:1890,3
DA:1891,3
DA:1892,3
DA:1893,3
DA:1895,3
DA:1897,3
DA:1902,2
DA:1903,1
DA:1906,1
DA:1913,5
DA:1916,4
DA:1918,1
DA:1921,2
DA:1922,2
DA:1923,1
DA:1924,3
DA:1925,2
DA:1927,2
DA:1928,4
DA:1930,5
DA:1933,6
DA:1934,6
DA:1935,2
DA:1936,4
DA:1938,5
DA:1941,2
DA:1942,2
DA:1943,2
DA:1944,1
DA:1945,3
DA:1947,1
DA:1948,4
DA:1951,1
DA:1954,4
DA:1955,2
DA:1956,3
DA:1957,3
DA:1958,3
DA:1959,3
DA:1960,3
DA:1964,1
DA:1965,1
DA:1966,1
DA:1967,2
DA:1968,3
DA:1970,1
DA:1973,3
DA:1981,3
DA:1982,3
DA:1983,2
DA:1984,4
DA:1986,1
DA:1987,2
DA:1991,1
DA:1992,2
DA:1993,1
DA:1994,2
DA:1995,2
DA:1996,1
DA:1997,1
DA:2005,3
DA:2006,2
DA:2007,2
DA:2008,3
DA:2010,1
DA:2011,2
DA:2012,1
DA:2013,2
DA:2016,1
DA:2017,1
DA:2018,1
DA:2019,1
DA:2020,1
DA:2021,1
DA:2022,1
DA:2023,1
DA:2024,1
DA:2028,5
DA:2029,5
DA:2030,3
DA:2033,6
DA:2034,2
DA:2037,6
DA:2038,3
DA:2041,5
DA:2042,2
DA:2045,5
DA:2046,3
DA:2048,2
DA:2050,5
DA:2051,2
DA:2054,1
DA:2061,4
DA:2062,2
DA:2063,2
DA:2064,1
DA:2065,1
DA:2066,5
DA:2067,5
DA:2068,4
DA:2070,3
DA:2071,3
DA:2072,3
DA:2073,3
DA:2074,2
DA:2076,1
DA:2077,1
DA:2078,1
DA:2079,1
DA:2080,1
DA:2081,2
DA:2088,3
DA:2089,2
DA:2090,2
DA:2091,3
DA:2093,1
DA:2094,2
DA:2095,1
DA:2096,2
DA:2099,1
DA:2100,1
DA:2101,1
DA:2102,1
DA:2103,1
DA:2104,1
DA:2105,1
DA:2106,1
DA:2107,1
DA:2111,5
DA:2112,5
DA:2113,5
DA:2114,4
DA:2117,6
DA:2118,2
DA:2121,6
DA:2122,3
DA:2125,5
DA:2126,2
DA:2129,5
DA:2130,3
DA:2132,2
DA:2134,5
DA:2135,2
DA:2138,1
DA:2141,4
DA:2142,2
DA:2143,2
DA:2144,1
DA:2145,1
DA:2146,5
DA:2147,5
DA:2148,4
DA:2150,3
DA:2151,3
DA:2152,3
DA:2153,3
DA:2154,2
DA:2156,1
DA:2157,1
DA:2158,1
DA:2159,1
DA:2160,1
DA:2161,2
DA:2168,3
DA:2169,2
DA:2170,2
DA:2171,3
DA:2173,1
DA:2174,2
DA:2175,1
DA:2176,2
DA:2179,1
DA:2180,1
DA:2181,1
DA:2182,1
DA:2183,1
DA:2184,1
DA:2185,1
DA:2186,1
DA:2187,1
DA:2191,5
DA:2192,5
DA:2193,3
DA:2197,6
DA:2198,2
DA:2201,6
DA:2202,3
DA:2205,5
DA:2206,2
DA:2209,5
DA:2210,3
DA:2212,2
DA:2214,5
DA:2215,2
DA:2218,1
DA:2225,4
DA:2226,2
DA:2227,2
DA:2228,1
DA:2229,1
DA:2230,5
DA:2231,5
DA:2232,4
DA:2234,3
DA:2235,3
DA:2236,3
DA:2237,3
DA:2238,2
DA:2240,1
DA:2241,1
DA:2242,1
DA:2243,1
DA:2244,1
DA:2245,2
DA:2252,3
DA:2253,2
DA:2254,2
DA:2255,3
DA:2257,1
DA:2258,2
DA:2259,1
DA:2260,2
DA:2263,1
DA:2264,1
DA:2265,1
DA:2266,1
DA:2267,1
DA:2268,1
DA:2269,1
DA:2270,1
DA:2271,1
DA:2275,5
DA:2276,5
DA:2277,3
DA:2280,6
DA:2281,2
DA:2284,6
DA:2285,3
DA:2288,5
DA:2289,2
DA:2292,5
DA:2293,3
DA:2295,2
DA:2298,5
DA:2299,2
DA:2302,1
DA:2309,4
DA:2310,2
DA:2311,2
DA:2312,1
DA:2313,1
DA:2314,5
DA:2315,5
DA:2316,4
DA:2318,3
DA:2319,3
DA:2320,3
DA:2321,3
DA:2322,2
DA:2324,1
DA:2325,1
DA:2326,1
DA:2327,1
DA:2328,1
DA:2329,2
DA:2336,3
DA:2337,2
DA:2338,2
DA:2339,3
DA:2341,1
DA:2342,2
DA:2343,1
DA:2344,2
DA:2347,1
DA:2348,1
DA:2349,1
DA:2350,1
DA:2351,1
DA:2352,1
DA:2353,1
DA:2354,1
DA:2355,1
DA:2360,5
DA:2361,5
DA:2362,3
DA:2365,6
DA:2366,2
DA:2369,6
DA:2370,3
DA:2373,5
DA:2374,2
DA:2377,5
DA:2378,3
DA:2380,2
DA:2382,5
DA:2383,2
DA:2386,1
DA:2393,4
DA:2394,2
DA:2395,2
DA:2396,1
DA:2397,1
DA:2398,5
DA:2399,5
DA:2400,4
DA:2402,3
DA:2403,3
DA:2404,3
DA:2405,3
DA:2406,2
DA:2408,1
DA:2409,1
DA:2410,1
DA:2411,1
DA:2412,1
DA:2413,2
DA:2423,2
DA:2424,2
DA:2425,2
DA:2428,1
DA:2429,1
DA:2430,1
DA:2434,1
DA:2435,2
DA:2436,1
DA:2437,1
DA:2438,3
DA:2439,4
DA:2440,2
DA:2441,1
DA:2445,3
DA:2448,1
DA:2449,1
DA:2450,2
DA:2451,1
DA:2452,1
DA:2455,3
DA:2458,4
DA:2459,2
DA:2460,2
DA:2461,1
DA:2462,1
DA:2463,4
DA:2465,3
DA:2466,3
DA:2467,2
DA:2469,1
DA:2470,1
DA:2471,1
DA:2472,1
DA:2473,1
DA:2474,2
DA:2484,3
DA:2486,3
DA:2487,5
DA:2488,4
DA:2491,1
DA:2492,3
DA:2493,1
DA:2494,1
DA:2497,1
DA:2498,1
DA:2499,1
DA:2500,1
DA:2501,3
DA:2502,3
DA:2503,3
DA:2504,3
DA:2505,3
DA:2506,3
DA:2507,1
DA:2508,1
DA:2514,3
DA:2516,3
DA:2517,5
DA:2518,5
DA:2519,4
DA:2522,1
DA:2523,3
DA:2524,1
DA:2525,1
DA:2528,1
DA:2529,1
DA:2530,1
DA:2531,1
DA:2532,3
DA:2533,3
DA:2534,3
DA:2535,3
DA:2536,3
DA:2537,3
DA:2538,1
DA:2539,1
DA:2545,3
DA:2547,3
DA:2548,4
DA:2551,1
DA:2552,3
DA:2553,1
DA:2554,1
DA:2557,1
DA:2558,1
DA:2559,1
DA:2560,1
DA:2561,3
DA:2562,3
DA:2563,3
DA:2564,3
DA:2565,3
DA:2566,3
DA:2567,1
DA:2568,1
DA:2579,2
DA:2580,2
DA:2581,2
DA:2582,2
DA:2585,1
DA:2586,1
DA:2589,1
DA:2590,1
DA:2591,1
DA:2594,7
DA:2597,1
DA:2598,2
DA:2599,1
DA:2600,1
DA:2601,5
DA:2602,5
DA:2603,4
DA:2604,2
DA:2605,1
DA:2610,1
DA:2611,1
DA:2612,1
DA:2619,1
DA:2620,2
DA:2621,1
DA:2622,1
DA:2623,4
DA:2624,2
DA:2625,1
DA:2630,1
DA:2631,1
DA:2632,1
DA:2639,1
DA:2640,2
DA:2641,1
DA:2642,1
DA:2643,4
DA:2644,2
DA:2645,1
DA:2651,1
DA:2652,1
DA:2653,2
DA:2654,11
DA:2656,5
DA:2657,4
DA:2658,2
DA:2659,1
DA:2664,1
DA:2665,1
DA:2666,7
DA:2667,4
DA:2668,1
DA:2669,1
DA:2673,1
DA:2674,1
DA:2675,7
DA:2676,4
DA:2677,1
DA:2678,1
DA:2682,1
DA:2683,1
DA:2684,3
DA:2685,3
DA:2686,3
DA:2687,1
DA:2688,3
DA:2689,1
DA:2690,2
DA:2693,1
DA:2694,1
DA:2695,1
DA:2696,2
DA:2697,1
DA:2698,2
DA:2699,1
DA:2709,2
DA:2710,2
DA:2711,1
DA:2712,1
DA:2715,1
DA:2716,1
DA:2717,1
DA:2718,1
DA:2722,1
DA:2723,2
DA:2724,1
DA:2725,1
DA:2726,3
DA:2727,4
DA:2728,2
DA:2729,1
DA:2733,3
DA:2736,1
DA:2737,1
DA:2738,2
DA:2739,1
DA:2740,1
DA:2743,3
DA:2746,4
DA:2749,4
DA:2750,2
DA:2751,2
DA:2752,1
DA:2753,1
DA:2754,4
DA:2756,3
DA:2757,3
DA:2758,3
DA:2759,5
DA:2760,2
DA:2761,3
DA:2763,1
DA:2765,2
DA:2766,1
DA:2767,1
DA:2768,1
DA:2770,3
DA:2771,3
DA:2773,1
DA:2774,1
DA:2775,3
DA:2781,2
DA:2782,2
DA:2783,1
DA:2785,1
DA:2788,1
DA:2789,1
DA:2790,1
DA:2791,1
DA:2795,1
DA:2796,2
DA:2797,1
DA:2798,1
DA:2799,3
DA:2800,4
DA:2801,2
DA:2802,1
DA:2806,3
DA:2809,1
DA:2810,1
DA:2811,2
DA:2812,1
DA:2813,1
DA:2816,3
DA:2819,4
DA:2822,4
DA:2823,2
DA:2824,2
DA:2825,1
DA:2826,1
DA:2827,4
DA:2829,3
DA:2830,3
DA:2831,3
DA:2832,5
DA:2833,2
DA:2834,3
DA:2836,1
DA:2838,2
DA:2839,1
DA:2840,1
DA:2841,1
DA:2843,3
DA:2844,3
DA:2846,1
DA:2847,1
DA:2848,3
DA:2854,2
DA:2855,2
DA:2856,1
DA:2857,1
DA:2860,1
DA:2861,1
DA:2862,1
DA:2863,1
DA:2867,1
DA:2868,2
DA:2869,1
DA:2870,1
DA:2871,3
DA:2872,4
DA:2873,2
DA:2874,1
DA:2878,3
DA:2881,1
DA:2882,1
DA:2883,2
DA:2884,1
DA:2885,1
DA:2888,3
DA:2891,4
DA:2894,4
DA:2895,2
DA:2896,2
DA:2897,1
DA:2898,1
DA:2899,4
DA:2901,3
DA:2902,3
DA:2903,3
DA:2904,5
DA:2905,2
DA:2906,3
DA:2908,1
DA:2910,2
DA:2911,1
DA:2912,1
DA:2913,1
DA:2915,3
DA:2916,3
DA:2918,1
DA:2919,1
DA:2920,1
DA:2921,2
DA:2922,1
DA:2923,2
DA:2924,2
LF:1782
LH:1779
end_of_record
TN:/home/pi/proj/sundae/sundae-contracts/validators/tests/pool_scoop.ak
SF:/home/pi/proj/sundae/sundae-contracts/validators/tests/pool_scoop.ak
DA:39,1
DA:40,1
DA:41,2
DA:42,2
DA:43,2
DA:44,1
DA:45,3
DA:46,1
DA:47,2
DA:56,1
DA:57,7
DA:59,5
DA:60,4
DA:61,4
DA:65,1
DA:66,3
DA:67,3
DA:68,5
DA:69,1
DA:71,3
DA:72,3
DA:74,7
DA:76,1
DA:77,1
DA:78,1
DA:79,2
DA:80,2
DA:81,2
DA:82,1
DA:87,3
DA:88,5
DA:89,4
DA:91,5
DA:93,1
DA:94,3
DA:95,3
DA:96,3
DA:97,1
DA:99,3
DA:101,5
DA:103,1
DA:104,1
DA:105,1
DA:106,2
DA:107,2
DA:108,2
DA:109,1
DA:114,1
DA:115,5
DA:118,1
DA:119,1
DA:120,1
DA:126,1
DA:127,3
DA:128,1
DA:129,1
DA:130,4
DA:131,2
DA:132,1
DA:136,5
DA:137,7
DA:138,3
DA:140,5
DA:142,1
DA:143,1
DA:144,1
DA:145,2
DA:146,2
DA:147,2
DA:148,1
DA:153,1
DA:154,5
DA:156,5
DA:157,4
DA:160,1
DA:161,3
DA:162,3
DA:163,3
DA:164,1
DA:169,1
DA:170,1
DA:171,7
DA:172,1
DA:173,1
DA:176,5
DA:178,1
DA:179,1
DA:180,1
DA:181,2
DA:182,2
DA:183,2
DA:184,1
DA:189,1
DA:190,5
DA:192,5
DA:193,4
DA:197,1
DA:198,1
DA:199,9
DA:200,6
DA:201,2
DA:202,1
DA:204,3
DA:206,5
DA:208,1
DA:209,1
DA:210,1
DA:211,2
DA:212,2
DA:213,2
DA:214,1
DA:219,1
DA:221,3
DA:223,5
DA:224,4
DA:227,9
DA:228,3
DA:230,5
DA:232,1
DA:233,1
DA:234,1
DA:235,2
DA:236,2
DA:237,2
DA:238,1
DA:243,1
DA:244,5
DA:246,5
DA:247,4
DA:250,1
DA:251,3
DA:252,3
DA:253,3
DA:254,1
DA:256,3
DA:260,1
DA:261,1
DA:262,2
DA:263,2
DA:264,2
DA:265,1
DA:266,3
DA:267,1
DA:268,2
DA:271,1
DA:272,1
DA:273,1
DA:274,2
DA:275,2
DA:276,2
DA:277,1
DA:284,1
DA:285,1
DA:286,1
DA:287,1
DA:289,5
DA:291,5
DA:292,4
DA:296,1
DA:297,3
DA:298,3
DA:299,3
DA:300,1
DA:302,3
DA:304,5
DA:306,1
DA:307,1
DA:308,1
DA:309,2
DA:310,2
DA:311,2
DA:312,1
DA:321,1
DA:322,5
DA:324,5
DA:325,4
DA:328,1
DA:329,3
DA:330,3
DA:331,3
DA:332,1
DA:334,3
DA:336,5
DA:338,1
DA:339,1
DA:340,1
DA:341,2
DA:342,2
DA:343,2
DA:344,1
DA:349,1
DA:350,5
DA:352,5
DA:353,4
DA:356,1
DA:357,3
DA:358,3
DA:359,3
DA:360,1
DA:362,5
DA:364,5
DA:366,1
DA:367,1
DA:368,1
DA:369,2
DA:370,2
DA:371,2
DA:372,1
DA:381,1
DA:383,1
DA:384,1
DA:385,1
DA:386,1
DA:389,5
DA:390,4
DA:391,4
DA:394,1
DA:395,1
DA:396,3
DA:397,5
DA:398,5
DA:399,2
DA:400,1
DA:403,3
DA:404,4
DA:407,1
DA:408,1
DA:409,3
DA:410,2
DA:411,3
DA:412,6
DA:413,1
DA:414,3
DA:415,1
DA:416,2
DA:419,1
DA:420,1
DA:421,1
DA:422,2
DA:423,1
DA:428,2
DA:429,1
DA:438,1
DA:439,5
DA:441,5
DA:442,4
DA:445,1
DA:446,3
DA:447,3
DA:448,3
DA:449,1
DA:454,1
DA:455,1
DA:456,7
DA:457,3
DA:458,1
DA:461,5
DA:463,1
DA:464,1
DA:465,1
DA:466,2
DA:467,2
DA:468,2
DA:469,1
DA:478,1
DA:479,5
DA:481,5
DA:482,4
DA:486,1
DA:487,1
DA:488,9
DA:489,7
DA:490,5
DA:491,2
DA:492,1
DA:494,3
DA:496,5
DA:498,1
DA:499,1
DA:500,1
DA:501,2
DA:502,2
DA:503,2
DA:504,1
DA:509,1
DA:510,5
DA:512,5
DA:513,4
DA:517,1
DA:518,1
DA:522,9
DA:523,7
DA:524,5
DA:525,2
DA:526,1
DA:528,3
DA:530,5
DA:532,1
DA:533,1
DA:534,1
DA:535,2
DA:536,2
DA:537,2
DA:538,1
DA:543,1
DA:544,5
DA:548,1
DA:549,3
DA:550,1
DA:551,1
DA:555,5
DA:556,5
DA:557,5
DA:558,2
DA:559,1
DA:562,4
DA:566,1
DA:567,1
DA:571,9
DA:572,7
DA:573,5
DA:574,2
DA:575,1
DA:577,3
DA:579,5
DA:581,1
DA:582,1
DA:583,1
DA:584,2
DA:585,2
DA:586,2
DA:587,1
DA:593,1
DA:594,7
DA:596,5
DA:597,4
DA:598,4
DA:601,1
DA:602,3
DA:603,3
DA:604,5
DA:605,1
DA:609,3
DA:610,3
DA:612,7
DA:614,1
DA:615,1
DA:616,1
DA:617,2
DA:618,2
DA:619,2
DA:620,1
DA:629,1
DA:631,1
DA:632,1
DA:633,1
DA:634,3
DA:637,5
DA:638,3
DA:642,1
DA:643,3
DA:644,3
DA:645,3
DA:646,1
DA:648,5
DA:651,1
DA:652,1
DA:653,2
DA:654,2
DA:655,2
DA:656,6
DA:657,1
DA:658,3
DA:659,1
DA:660,2
DA:663,1
DA:664,1
DA:665,1
DA:666,2
DA:667,2
DA:668,2
DA:669,1
DA:674,1
DA:676,1
DA:677,1
DA:678,1
DA:679,5
DA:682,5
DA:683,4
DA:684,3
DA:688,1
DA:689,5
DA:690,5
DA:691,5
DA:692,1
DA:695,3
DA:696,5
DA:699,1
DA:700,1
DA:701,3
DA:702,2
DA:703,3
DA:704,6
DA:705,1
DA:706,3
DA:707,1
DA:708,2
DA:711,1
DA:712,1
DA:713,1
DA:714,2
DA:715,1
DA:720,2
DA:721,1
DA:731,1
DA:732,5
DA:734,5
DA:738,1
DA:739,1
DA:740,1
DA:746,1
DA:747,3
DA:748,1
DA:749,1
DA:750,6
DA:751,2
DA:752,1
DA:757,1
DA:758,3
DA:759,3
DA:760,3
DA:761,1
DA:763,3
DA:765,5
DA:767,1
DA:768,1
DA:769,1
DA:770,2
DA:771,2
DA:772,2
DA:773,1
DA:779,1
DA:780,5
DA:782,5
DA:786,1
DA:787,1
DA:788,1
DA:794,1
DA:795,3
DA:796,1
DA:797,1
DA:798,6
DA:799,2
DA:800,1
DA:805,1
DA:806,3
DA:807,3
DA:808,3
DA:809,1
DA:811,3
DA:813,5
DA:815,1
DA:816,1
DA:817,1
DA:818,2
DA:819,2
DA:820,2
DA:821,1
LF:468
LH:468
end_of_record
TN:/home/pi/proj/sundae/sundae-contracts/validators/tests/pool_stake.ak
SF:/home/pi/proj/sundae/sundae-contracts/validators/tests/pool_stake.ak
DA:21,1
DA:25,1
DA:26,1
DA:27,1
DA:28,1
DA:29,1
DA:30,1
DA:31,1
DA:32,1
DA:33,1
DA:34,1
DA:35,1
DA:36,1
DA:42,2
DA:43,1
DA:44,2
DA:45,1
DA:46,2
DA:48,1
DA:49,4
DA:55,5
DA:66,4
DA:67,2
DA:70,4
DA:71,2
DA:72,3
DA:73,3
DA:74,2
DA:77,1
DA:78,3
DA:80,1
DA:83,1
DA:84,2
DA:86,1
DA:91,4
DA:97,1
DA:98,1
DA:99,1
DA:100,1
DA:101,2
DA:102,1
DA:103,1
DA:104,1
DA:110,1
DA:111,1
DA:112,1
DA:113,1
DA:114,4
DA:115,1
DA:116,1
DA:117,1
DA:125,1
DA:126,1
DA:127,1
DA:128,1
DA:129,2
DA:130,1
DA:131,1
DA:132,1
DA:138,1
DA:139,1
DA:140,1
DA:141,1
DA:142,4
DA:143,1
DA:144,1
DA:145,1
DA:151,1
DA:152,1
DA:153,1
DA:154,1
DA:155,2
DA:156,1
DA:157,1
DA:158,1
DA:164,1
DA:165,1
DA:166,1
DA:167,1
DA:168,1
DA:169,2
DA:170,1
DA:171,1
DA:172,1
DA:178,1
DA:180,4
DA:181,2
DA:182,3
DA:183,3
DA:184,2
DA:186,1
DA:187,1
DA:188,2
DA:190,1
DA:199,4
DA:200,2
DA:201,2
DA:204,1
DA:205,3
DA:207,1
DA:211,1
DA:212,1
DA:213,2
DA:215,3
DA:220,3
DA:224,3
LF:106
LH:106
end_of_record
TN:/home/pi/proj/sundae/sundae-contracts/validators/tests/settings.ak
SF:/home/pi/proj/sundae/sundae-contracts/validators/tests/settings.ak
DA:28,1
DA:45,2
DA:49,4
DA:53,7
DA:54,2
DA:58,6
DA:59,2
DA:69,2
DA:71,4
DA:72,2
DA:73,3
DA:74,5
DA:75,3
DA:76,3
DA:78,1
DA:79,1
DA:80,2
DA:81,1
DA:82,2
DA:83,2
DA:91,4
DA:93,1
DA:95,6
DA:96,2
DA:99,7
DA:100,5
DA:103,4
DA:104,2
DA:105,4
DA:106,3
DA:107,2
DA:109,1
DA:110,1
DA:112,1
DA:113,2
DA:118,2
DA:122,2
DA:128,1
DA:129,6
DA:133,1
DA:134,2
DA:136,1
DA:138,7
DA:139,5
DA:141,6
DA:142,5
DA:145,4
DA:146,2
DA:147,3
DA:148,3
DA:149,5
DA:150,3
DA:151,3
DA:152,3
DA:154,1
DA:155,1
DA:156,2
DA:157,1
DA:158,2
DA:159,2
DA:166,1
DA:168,1
DA:169,1
DA:170,1
DA:172,1
DA:173,1
DA:174,1
DA:175,1
DA:176,1
DA:177,1
DA:182,1
DA:183,3
DA:184,1
DA:185,1
DA:186,1
DA:187,1
DA:188,1
DA:189,1
DA:194,1
DA:195,1
DA:197,1
DA:198,1
DA:200,1
DA:201,2
DA:204,1
DA:205,1
DA:206,1
DA:207,1
DA:208,1
DA:209,1
DA:214,1
DA:216,1
DA:217,1
DA:218,1
DA:220,1
DA:221,1
DA:222,1
DA:223,1
DA:224,1
DA:225,1
DA:230,1
DA:231,3
DA:232,1
DA:233,1
DA:234,1
DA:235,1
DA:236,1
DA:237,1
DA:242,1
DA:244,1
DA:245,1
DA:246,1
DA:249,1
DA:250,1
DA:251,1
DA:252,1
DA:253,1
DA:254,1
LF:118
LH:118
end_of_record
TN:/home/pi/proj/sundae/sundae-contracts/validators/tests/stake.ak
SF:/home/pi/proj/sundae/sundae-contracts/validators/tests/stake.ak
DA:13,1
DA:17,1
DA:21,1
DA:22,1
DA:23,3
DA:24,5
DA:25,1
DA:26,1
DA:31,1
DA:32,1
DA:33,3
DA:34,5
DA:35,1
DA:36,1
DA:41,1
DA:42,1
DA:43,1
DA:44,3
DA:45,5
DA:46,1
DA:47,1
DA:52,1
DA:53,1
DA:54,2
DA:55,1
DA:56,1
DA:61,1
DA:63,1
DA:64,1
DA:65,1
DA:66,1
DA:67,3
DA:71,1
DA:72,1
DA:74,1
DA:77,3
DA:83,2
DA:88,1
DA:89,1
DA:90,3
DA:91,6
DA:92,5
DA:93,1
DA:94,1
DA:96,2
DA:102,2
DA:106,2
DA:110,2
DA:114,2
DA:118,3
DA:123,1
DA:124,1
DA:125,1
DA:126,3
DA:130,1
DA:131,1
DA:133,1
DA:139,3
LF:58
LH:58
end_of_record
